[0.024s] Invoking command in '/home/david/detection_ws/build/astra_camera_msgs': CMAKE_PREFIX_PATH=${CMAKE_PREFIX_PATH}:/home/david/detection_ws/install/object_detector:/opt/ros/humble PS1=(ros_ai_venv) \[\e]0;\u@\h: \w\a\]${debian_chroot:+($debian_chroot)}\[\033[01;32m\]\u@\h\[\033[00m\]:\[\033[01;34m\]\w\[\033[00m\]\$ VIRTUAL_ENV_PROMPT=(ros_ai_venv) /usr/bin/cmake --build /home/david/detection_ws/build/astra_camera_msgs -- -j8 -l8
[0.093s] [  1%] Built target astra_camera_msgs__cpp
[0.095s] [ 12%] Built target astra_camera_msgs__rosidl_generator_c
[0.113s] [ 12%] Built target ament_cmake_python_copy_astra_camera_msgs
[0.142s] [ 24%] Built target astra_camera_msgs__rosidl_typesupport_cpp
[0.148s] [ 35%] Built target astra_camera_msgs__rosidl_typesupport_introspection_cpp
[0.148s] [ 56%] Built target astra_camera_msgs__rosidl_typesupport_fastrtps_cpp
[0.148s] [ 58%] Built target astra_camera_msgs__rosidl_typesupport_introspection_c
[0.160s] [ 70%] Built target astra_camera_msgs__rosidl_typesupport_c
[0.161s] [ 82%] Built target astra_camera_msgs__rosidl_typesupport_fastrtps_c
[0.191s] [ 82%] Built target astra_camera_msgs
[0.222s] [ 83%] Built target astra_camera_msgs__py
[0.264s] [ 93%] Built target astra_camera_msgs__rosidl_generator_py
[0.305s] [ 95%] Built target astra_camera_msgs__rosidl_typesupport_c__pyext
[0.306s] [ 97%] Built target astra_camera_msgs__rosidl_typesupport_fastrtps_c__pyext
[0.306s] [100%] Built target astra_camera_msgs__rosidl_typesupport_introspection_c__pyext
[0.570s] running egg_info
[0.572s] writing astra_camera_msgs.egg-info/PKG-INFO
[0.572s] writing dependency_links to astra_camera_msgs.egg-info/dependency_links.txt
[0.572s] writing top-level names to astra_camera_msgs.egg-info/top_level.txt
[0.577s] reading manifest file 'astra_camera_msgs.egg-info/SOURCES.txt'
[0.579s] writing manifest file 'astra_camera_msgs.egg-info/SOURCES.txt'
[0.644s] [100%] Built target ament_cmake_python_build_astra_camera_msgs_egg
[0.672s] Invoked command in '/home/david/detection_ws/build/astra_camera_msgs' returned '0': CMAKE_PREFIX_PATH=${CMAKE_PREFIX_PATH}:/home/david/detection_ws/install/object_detector:/opt/ros/humble PS1=(ros_ai_venv) \[\e]0;\u@\h: \w\a\]${debian_chroot:+($debian_chroot)}\[\033[01;32m\]\u@\h\[\033[00m\]:\[\033[01;34m\]\w\[\033[00m\]\$ VIRTUAL_ENV_PROMPT=(ros_ai_venv) /usr/bin/cmake --build /home/david/detection_ws/build/astra_camera_msgs -- -j8 -l8
[0.692s] Invoking command in '/home/david/detection_ws/build/astra_camera_msgs': CMAKE_PREFIX_PATH=${CMAKE_PREFIX_PATH}:/home/david/detection_ws/install/object_detector:/opt/ros/humble PS1=(ros_ai_venv) \[\e]0;\u@\h: \w\a\]${debian_chroot:+($debian_chroot)}\[\033[01;32m\]\u@\h\[\033[00m\]:\[\033[01;34m\]\w\[\033[00m\]\$ VIRTUAL_ENV_PROMPT=(ros_ai_venv) /usr/bin/cmake --install /home/david/detection_ws/build/astra_camera_msgs
[0.706s] -- Install configuration: ""
[0.707s] -- Up-to-date: /home/david/detection_ws/install/astra_camera_msgs/share/ament_index/resource_index/rosidl_interfaces/astra_camera_msgs
[0.707s] -- Up-to-date: /home/david/detection_ws/install/astra_camera_msgs/include/astra_camera_msgs/astra_camera_msgs
[0.707s] -- Up-to-date: /home/david/detection_ws/install/astra_camera_msgs/include/astra_camera_msgs/astra_camera_msgs/msg
[0.707s] -- Up-to-date: /home/david/detection_ws/install/astra_camera_msgs/include/astra_camera_msgs/astra_camera_msgs/msg/extrinsics.h
[0.708s] -- Up-to-date: /home/david/detection_ws/install/astra_camera_msgs/include/astra_camera_msgs/astra_camera_msgs/msg/rosidl_generator_c__visibility_control.h
[0.708s] -- Up-to-date: /home/david/detection_ws/install/astra_camera_msgs/include/astra_camera_msgs/astra_camera_msgs/msg/device_info.h
[0.708s] -- Up-to-date: /home/david/detection_ws/install/astra_camera_msgs/include/astra_camera_msgs/astra_camera_msgs/msg/detail
[0.708s] -- Up-to-date: /home/david/detection_ws/install/astra_camera_msgs/include/astra_camera_msgs/astra_camera_msgs/msg/detail/extrinsics__struct.h
[0.709s] -- Up-to-date: /home/david/detection_ws/install/astra_camera_msgs/include/astra_camera_msgs/astra_camera_msgs/msg/detail/device_info__functions.h
[0.709s] -- Up-to-date: /home/david/detection_ws/install/astra_camera_msgs/include/astra_camera_msgs/astra_camera_msgs/msg/detail/metadata__functions.h
[0.709s] -- Up-to-date: /home/david/detection_ws/install/astra_camera_msgs/include/astra_camera_msgs/astra_camera_msgs/msg/detail/extrinsics__functions.h
[0.710s] -- Up-to-date: /home/david/detection_ws/install/astra_camera_msgs/include/astra_camera_msgs/astra_camera_msgs/msg/detail/device_info__type_support.h
[0.710s] -- Up-to-date: /home/david/detection_ws/install/astra_camera_msgs/include/astra_camera_msgs/astra_camera_msgs/msg/detail/device_info__struct.h
[0.710s] -- Up-to-date: /home/david/detection_ws/install/astra_camera_msgs/include/astra_camera_msgs/astra_camera_msgs/msg/detail/extrinsics__functions.c
[0.710s] -- Up-to-date: /home/david/detection_ws/install/astra_camera_msgs/include/astra_camera_msgs/astra_camera_msgs/msg/detail/metadata__type_support.h
[0.710s] -- Up-to-date: /home/david/detection_ws/install/astra_camera_msgs/include/astra_camera_msgs/astra_camera_msgs/msg/detail/metadata__struct.h
[0.710s] -- Up-to-date: /home/david/detection_ws/install/astra_camera_msgs/include/astra_camera_msgs/astra_camera_msgs/msg/detail/extrinsics__type_support.h
[0.711s] -- Up-to-date: /home/david/detection_ws/install/astra_camera_msgs/include/astra_camera_msgs/astra_camera_msgs/msg/detail/metadata__functions.c
[0.711s] -- Up-to-date: /home/david/detection_ws/install/astra_camera_msgs/include/astra_camera_msgs/astra_camera_msgs/msg/detail/device_info__functions.c
[0.711s] -- Up-to-date: /home/david/detection_ws/install/astra_camera_msgs/include/astra_camera_msgs/astra_camera_msgs/msg/metadata.h
[0.711s] -- Up-to-date: /home/david/detection_ws/install/astra_camera_msgs/include/astra_camera_msgs/astra_camera_msgs/srv
[0.712s] -- Up-to-date: /home/david/detection_ws/install/astra_camera_msgs/include/astra_camera_msgs/astra_camera_msgs/srv/get_device_info.h
[0.712s] -- Up-to-date: /home/david/detection_ws/install/astra_camera_msgs/include/astra_camera_msgs/astra_camera_msgs/srv/get_camera_params.h
[0.712s] -- Up-to-date: /home/david/detection_ws/install/astra_camera_msgs/include/astra_camera_msgs/astra_camera_msgs/srv/get_string.h
[0.712s] -- Up-to-date: /home/david/detection_ws/install/astra_camera_msgs/include/astra_camera_msgs/astra_camera_msgs/srv/get_camera_info.h
[0.713s] -- Up-to-date: /home/david/detection_ws/install/astra_camera_msgs/include/astra_camera_msgs/astra_camera_msgs/srv/detail
[0.713s] -- Up-to-date: /home/david/detection_ws/install/astra_camera_msgs/include/astra_camera_msgs/astra_camera_msgs/srv/detail/set_int32__functions.h
[0.714s] -- Up-to-date: /home/david/detection_ws/install/astra_camera_msgs/include/astra_camera_msgs/astra_camera_msgs/srv/detail/set_int32__type_support.h
[0.714s] -- Up-to-date: /home/david/detection_ws/install/astra_camera_msgs/include/astra_camera_msgs/astra_camera_msgs/srv/detail/get_camera_params__functions.c
[0.716s] -- Up-to-date: /home/david/detection_ws/install/astra_camera_msgs/include/astra_camera_msgs/astra_camera_msgs/srv/detail/get_camera_params__type_support.h
[0.716s] -- Up-to-date: /home/david/detection_ws/install/astra_camera_msgs/include/astra_camera_msgs/astra_camera_msgs/srv/detail/get_camera_params__functions.h
[0.716s] -- Up-to-date: /home/david/detection_ws/install/astra_camera_msgs/include/astra_camera_msgs/astra_camera_msgs/srv/detail/set_int32__functions.c
[0.716s] -- Up-to-date: /home/david/detection_ws/install/astra_camera_msgs/include/astra_camera_msgs/astra_camera_msgs/srv/detail/get_camera_params__struct.h
[0.717s] -- Up-to-date: /home/david/detection_ws/install/astra_camera_msgs/include/astra_camera_msgs/astra_camera_msgs/srv/detail/get_int32__type_support.h
[0.717s] -- Up-to-date: /home/david/detection_ws/install/astra_camera_msgs/include/astra_camera_msgs/astra_camera_msgs/srv/detail/get_camera_info__functions.h
[0.717s] -- Up-to-date: /home/david/detection_ws/install/astra_camera_msgs/include/astra_camera_msgs/astra_camera_msgs/srv/detail/get_int32__functions.h
[0.718s] -- Up-to-date: /home/david/detection_ws/install/astra_camera_msgs/include/astra_camera_msgs/astra_camera_msgs/srv/detail/get_device_info__struct.h
[0.718s] -- Up-to-date: /home/david/detection_ws/install/astra_camera_msgs/include/astra_camera_msgs/astra_camera_msgs/srv/detail/get_device_info__functions.c
[0.719s] -- Up-to-date: /home/david/detection_ws/install/astra_camera_msgs/include/astra_camera_msgs/astra_camera_msgs/srv/detail/get_string__functions.h
[0.720s] -- Up-to-date: /home/david/detection_ws/install/astra_camera_msgs/include/astra_camera_msgs/astra_camera_msgs/srv/detail/get_device_info__functions.h
[0.720s] -- Up-to-date: /home/david/detection_ws/install/astra_camera_msgs/include/astra_camera_msgs/astra_camera_msgs/srv/detail/get_string__functions.c
[0.720s] -- Up-to-date: /home/david/detection_ws/install/astra_camera_msgs/include/astra_camera_msgs/astra_camera_msgs/srv/detail/get_string__type_support.h
[0.720s] -- Up-to-date: /home/david/detection_ws/install/astra_camera_msgs/include/astra_camera_msgs/astra_camera_msgs/srv/detail/get_device_info__type_support.h
[0.720s] -- Up-to-date: /home/david/detection_ws/install/astra_camera_msgs/include/astra_camera_msgs/astra_camera_msgs/srv/detail/get_camera_info__functions.c
[0.721s] -- Up-to-date: /home/david/detection_ws/install/astra_camera_msgs/include/astra_camera_msgs/astra_camera_msgs/srv/detail/get_camera_info__struct.h
[0.721s] -- Up-to-date: /home/david/detection_ws/install/astra_camera_msgs/include/astra_camera_msgs/astra_camera_msgs/srv/detail/get_camera_info__type_support.h
[0.721s] -- Up-to-date: /home/david/detection_ws/install/astra_camera_msgs/include/astra_camera_msgs/astra_camera_msgs/srv/detail/get_int32__functions.c
[0.721s] -- Up-to-date: /home/david/detection_ws/install/astra_camera_msgs/include/astra_camera_msgs/astra_camera_msgs/srv/detail/get_string__struct.h
[0.722s] -- Up-to-date: /home/david/detection_ws/install/astra_camera_msgs/include/astra_camera_msgs/astra_camera_msgs/srv/detail/set_int32__struct.h
[0.722s] -- Up-to-date: /home/david/detection_ws/install/astra_camera_msgs/include/astra_camera_msgs/astra_camera_msgs/srv/detail/get_int32__struct.h
[0.722s] -- Up-to-date: /home/david/detection_ws/install/astra_camera_msgs/include/astra_camera_msgs/astra_camera_msgs/srv/get_int32.h
[0.722s] -- Up-to-date: /home/david/detection_ws/install/astra_camera_msgs/include/astra_camera_msgs/astra_camera_msgs/srv/set_int32.h
[0.723s] -- Up-to-date: /home/david/detection_ws/install/astra_camera_msgs/share/astra_camera_msgs/environment/library_path.sh
[0.723s] -- Up-to-date: /home/david/detection_ws/install/astra_camera_msgs/share/astra_camera_msgs/environment/library_path.dsv
[0.723s] -- Up-to-date: /home/david/detection_ws/install/astra_camera_msgs/lib/libastra_camera_msgs__rosidl_generator_c.so
[0.724s] -- Up-to-date: /home/david/detection_ws/install/astra_camera_msgs/include/astra_camera_msgs/astra_camera_msgs
[0.724s] -- Up-to-date: /home/david/detection_ws/install/astra_camera_msgs/include/astra_camera_msgs/astra_camera_msgs/msg
[0.724s] -- Up-to-date: /home/david/detection_ws/install/astra_camera_msgs/include/astra_camera_msgs/astra_camera_msgs/msg/rosidl_typesupport_fastrtps_c__visibility_control.h
[0.724s] -- Up-to-date: /home/david/detection_ws/install/astra_camera_msgs/include/astra_camera_msgs/astra_camera_msgs/msg/detail
[0.724s] -- Up-to-date: /home/david/detection_ws/install/astra_camera_msgs/include/astra_camera_msgs/astra_camera_msgs/msg/detail/metadata__rosidl_typesupport_fastrtps_c.h
[0.724s] -- Up-to-date: /home/david/detection_ws/install/astra_camera_msgs/include/astra_camera_msgs/astra_camera_msgs/msg/detail/device_info__rosidl_typesupport_fastrtps_c.h
[0.724s] -- Up-to-date: /home/david/detection_ws/install/astra_camera_msgs/include/astra_camera_msgs/astra_camera_msgs/msg/detail/extrinsics__rosidl_typesupport_fastrtps_c.h
[0.725s] -- Up-to-date: /home/david/detection_ws/install/astra_camera_msgs/include/astra_camera_msgs/astra_camera_msgs/srv
[0.725s] -- Up-to-date: /home/david/detection_ws/install/astra_camera_msgs/include/astra_camera_msgs/astra_camera_msgs/srv/detail
[0.725s] -- Up-to-date: /home/david/detection_ws/install/astra_camera_msgs/include/astra_camera_msgs/astra_camera_msgs/srv/detail/get_device_info__rosidl_typesupport_fastrtps_c.h
[0.725s] -- Up-to-date: /home/david/detection_ws/install/astra_camera_msgs/include/astra_camera_msgs/astra_camera_msgs/srv/detail/get_camera_info__rosidl_typesupport_fastrtps_c.h
[0.725s] -- Up-to-date: /home/david/detection_ws/install/astra_camera_msgs/include/astra_camera_msgs/astra_camera_msgs/srv/detail/get_string__rosidl_typesupport_fastrtps_c.h
[0.726s] -- Up-to-date: /home/david/detection_ws/install/astra_camera_msgs/include/astra_camera_msgs/astra_camera_msgs/srv/detail/set_int32__rosidl_typesupport_fastrtps_c.h
[0.726s] -- Up-to-date: /home/david/detection_ws/install/astra_camera_msgs/include/astra_camera_msgs/astra_camera_msgs/srv/detail/get_camera_params__rosidl_typesupport_fastrtps_c.h
[0.726s] -- Up-to-date: /home/david/detection_ws/install/astra_camera_msgs/include/astra_camera_msgs/astra_camera_msgs/srv/detail/get_int32__rosidl_typesupport_fastrtps_c.h
[0.726s] -- Up-to-date: /home/david/detection_ws/install/astra_camera_msgs/lib/libastra_camera_msgs__rosidl_typesupport_fastrtps_c.so
[0.727s] -- Up-to-date: /home/david/detection_ws/install/astra_camera_msgs/include/astra_camera_msgs/astra_camera_msgs
[0.727s] -- Up-to-date: /home/david/detection_ws/install/astra_camera_msgs/include/astra_camera_msgs/astra_camera_msgs/msg
[0.727s] -- Up-to-date: /home/david/detection_ws/install/astra_camera_msgs/include/astra_camera_msgs/astra_camera_msgs/msg/detail
[0.727s] -- Up-to-date: /home/david/detection_ws/install/astra_camera_msgs/include/astra_camera_msgs/astra_camera_msgs/msg/detail/device_info__rosidl_typesupport_introspection_c.h
[0.727s] -- Up-to-date: /home/david/detection_ws/install/astra_camera_msgs/include/astra_camera_msgs/astra_camera_msgs/msg/detail/extrinsics__type_support.c
[0.728s] -- Up-to-date: /home/david/detection_ws/install/astra_camera_msgs/include/astra_camera_msgs/astra_camera_msgs/msg/detail/extrinsics__rosidl_typesupport_introspection_c.h
[0.728s] -- Up-to-date: /home/david/detection_ws/install/astra_camera_msgs/include/astra_camera_msgs/astra_camera_msgs/msg/detail/device_info__type_support.c
[0.728s] -- Up-to-date: /home/david/detection_ws/install/astra_camera_msgs/include/astra_camera_msgs/astra_camera_msgs/msg/detail/metadata__type_support.c
[0.729s] -- Up-to-date: /home/david/detection_ws/install/astra_camera_msgs/include/astra_camera_msgs/astra_camera_msgs/msg/detail/metadata__rosidl_typesupport_introspection_c.h
[0.729s] -- Up-to-date: /home/david/detection_ws/install/astra_camera_msgs/include/astra_camera_msgs/astra_camera_msgs/msg/rosidl_typesupport_introspection_c__visibility_control.h
[0.729s] -- Up-to-date: /home/david/detection_ws/install/astra_camera_msgs/include/astra_camera_msgs/astra_camera_msgs/srv
[0.729s] -- Up-to-date: /home/david/detection_ws/install/astra_camera_msgs/include/astra_camera_msgs/astra_camera_msgs/srv/detail
[0.729s] -- Up-to-date: /home/david/detection_ws/install/astra_camera_msgs/include/astra_camera_msgs/astra_camera_msgs/srv/detail/set_int32__rosidl_typesupport_introspection_c.h
[0.729s] -- Up-to-date: /home/david/detection_ws/install/astra_camera_msgs/include/astra_camera_msgs/astra_camera_msgs/srv/detail/get_camera_params__rosidl_typesupport_introspection_c.h
[0.729s] -- Up-to-date: /home/david/detection_ws/install/astra_camera_msgs/include/astra_camera_msgs/astra_camera_msgs/srv/detail/get_device_info__type_support.c
[0.729s] -- Up-to-date: /home/david/detection_ws/install/astra_camera_msgs/include/astra_camera_msgs/astra_camera_msgs/srv/detail/get_device_info__rosidl_typesupport_introspection_c.h
[0.729s] -- Up-to-date: /home/david/detection_ws/install/astra_camera_msgs/include/astra_camera_msgs/astra_camera_msgs/srv/detail/set_int32__type_support.c
[0.729s] -- Up-to-date: /home/david/detection_ws/install/astra_camera_msgs/include/astra_camera_msgs/astra_camera_msgs/srv/detail/get_string__type_support.c
[0.730s] -- Up-to-date: /home/david/detection_ws/install/astra_camera_msgs/include/astra_camera_msgs/astra_camera_msgs/srv/detail/get_string__rosidl_typesupport_introspection_c.h
[0.730s] -- Up-to-date: /home/david/detection_ws/install/astra_camera_msgs/include/astra_camera_msgs/astra_camera_msgs/srv/detail/get_camera_info__type_support.c
[0.730s] -- Up-to-date: /home/david/detection_ws/install/astra_camera_msgs/include/astra_camera_msgs/astra_camera_msgs/srv/detail/get_camera_info__rosidl_typesupport_introspection_c.h
[0.730s] -- Up-to-date: /home/david/detection_ws/install/astra_camera_msgs/include/astra_camera_msgs/astra_camera_msgs/srv/detail/get_camera_params__type_support.c
[0.730s] -- Up-to-date: /home/david/detection_ws/install/astra_camera_msgs/include/astra_camera_msgs/astra_camera_msgs/srv/detail/get_int32__type_support.c
[0.730s] -- Up-to-date: /home/david/detection_ws/install/astra_camera_msgs/include/astra_camera_msgs/astra_camera_msgs/srv/detail/get_int32__rosidl_typesupport_introspection_c.h
[0.730s] -- Up-to-date: /home/david/detection_ws/install/astra_camera_msgs/lib/libastra_camera_msgs__rosidl_typesupport_introspection_c.so
[0.730s] -- Up-to-date: /home/david/detection_ws/install/astra_camera_msgs/lib/libastra_camera_msgs__rosidl_typesupport_c.so
[0.730s] -- Up-to-date: /home/david/detection_ws/install/astra_camera_msgs/include/astra_camera_msgs/astra_camera_msgs
[0.731s] -- Up-to-date: /home/david/detection_ws/install/astra_camera_msgs/include/astra_camera_msgs/astra_camera_msgs/msg
[0.731s] -- Up-to-date: /home/david/detection_ws/install/astra_camera_msgs/include/astra_camera_msgs/astra_camera_msgs/msg/extrinsics.hpp
[0.731s] -- Up-to-date: /home/david/detection_ws/install/astra_camera_msgs/include/astra_camera_msgs/astra_camera_msgs/msg/device_info.hpp
[0.731s] -- Up-to-date: /home/david/detection_ws/install/astra_camera_msgs/include/astra_camera_msgs/astra_camera_msgs/msg/rosidl_generator_cpp__visibility_control.hpp
[0.731s] -- Up-to-date: /home/david/detection_ws/install/astra_camera_msgs/include/astra_camera_msgs/astra_camera_msgs/msg/metadata.hpp
[0.731s] -- Up-to-date: /home/david/detection_ws/install/astra_camera_msgs/include/astra_camera_msgs/astra_camera_msgs/msg/detail
[0.731s] -- Up-to-date: /home/david/detection_ws/install/astra_camera_msgs/include/astra_camera_msgs/astra_camera_msgs/msg/detail/device_info__struct.hpp
[0.731s] -- Up-to-date: /home/david/detection_ws/install/astra_camera_msgs/include/astra_camera_msgs/astra_camera_msgs/msg/detail/metadata__struct.hpp
[0.732s] -- Up-to-date: /home/david/detection_ws/install/astra_camera_msgs/include/astra_camera_msgs/astra_camera_msgs/msg/detail/device_info__builder.hpp
[0.732s] -- Up-to-date: /home/david/detection_ws/install/astra_camera_msgs/include/astra_camera_msgs/astra_camera_msgs/msg/detail/metadata__builder.hpp
[0.732s] -- Up-to-date: /home/david/detection_ws/install/astra_camera_msgs/include/astra_camera_msgs/astra_camera_msgs/msg/detail/device_info__type_support.hpp
[0.732s] -- Up-to-date: /home/david/detection_ws/install/astra_camera_msgs/include/astra_camera_msgs/astra_camera_msgs/msg/detail/extrinsics__struct.hpp
[0.732s] -- Up-to-date: /home/david/detection_ws/install/astra_camera_msgs/include/astra_camera_msgs/astra_camera_msgs/msg/detail/extrinsics__builder.hpp
[0.732s] -- Up-to-date: /home/david/detection_ws/install/astra_camera_msgs/include/astra_camera_msgs/astra_camera_msgs/msg/detail/metadata__traits.hpp
[0.732s] -- Up-to-date: /home/david/detection_ws/install/astra_camera_msgs/include/astra_camera_msgs/astra_camera_msgs/msg/detail/extrinsics__traits.hpp
[0.733s] -- Up-to-date: /home/david/detection_ws/install/astra_camera_msgs/include/astra_camera_msgs/astra_camera_msgs/msg/detail/metadata__type_support.hpp
[0.733s] -- Up-to-date: /home/david/detection_ws/install/astra_camera_msgs/include/astra_camera_msgs/astra_camera_msgs/msg/detail/extrinsics__type_support.hpp
[0.733s] -- Up-to-date: /home/david/detection_ws/install/astra_camera_msgs/include/astra_camera_msgs/astra_camera_msgs/msg/detail/device_info__traits.hpp
[0.733s] -- Up-to-date: /home/david/detection_ws/install/astra_camera_msgs/include/astra_camera_msgs/astra_camera_msgs/srv
[0.733s] -- Up-to-date: /home/david/detection_ws/install/astra_camera_msgs/include/astra_camera_msgs/astra_camera_msgs/srv/get_int32.hpp
[0.733s] -- Up-to-date: /home/david/detection_ws/install/astra_camera_msgs/include/astra_camera_msgs/astra_camera_msgs/srv/get_string.hpp
[0.733s] -- Up-to-date: /home/david/detection_ws/install/astra_camera_msgs/include/astra_camera_msgs/astra_camera_msgs/srv/set_int32.hpp
[0.733s] -- Up-to-date: /home/david/detection_ws/install/astra_camera_msgs/include/astra_camera_msgs/astra_camera_msgs/srv/get_device_info.hpp
[0.733s] -- Up-to-date: /home/david/detection_ws/install/astra_camera_msgs/include/astra_camera_msgs/astra_camera_msgs/srv/get_camera_params.hpp
[0.733s] -- Up-to-date: /home/david/detection_ws/install/astra_camera_msgs/include/astra_camera_msgs/astra_camera_msgs/srv/get_camera_info.hpp
[0.734s] -- Up-to-date: /home/david/detection_ws/install/astra_camera_msgs/include/astra_camera_msgs/astra_camera_msgs/srv/detail
[0.734s] -- Up-to-date: /home/david/detection_ws/install/astra_camera_msgs/include/astra_camera_msgs/astra_camera_msgs/srv/detail/get_int32__builder.hpp
[0.734s] -- Up-to-date: /home/david/detection_ws/install/astra_camera_msgs/include/astra_camera_msgs/astra_camera_msgs/srv/detail/get_camera_info__traits.hpp
[0.734s] -- Up-to-date: /home/david/detection_ws/install/astra_camera_msgs/include/astra_camera_msgs/astra_camera_msgs/srv/detail/get_camera_params__traits.hpp
[0.734s] -- Up-to-date: /home/david/detection_ws/install/astra_camera_msgs/include/astra_camera_msgs/astra_camera_msgs/srv/detail/get_camera_info__struct.hpp
[0.734s] -- Up-to-date: /home/david/detection_ws/install/astra_camera_msgs/include/astra_camera_msgs/astra_camera_msgs/srv/detail/get_int32__struct.hpp
[0.734s] -- Up-to-date: /home/david/detection_ws/install/astra_camera_msgs/include/astra_camera_msgs/astra_camera_msgs/srv/detail/get_device_info__struct.hpp
[0.734s] -- Up-to-date: /home/david/detection_ws/install/astra_camera_msgs/include/astra_camera_msgs/astra_camera_msgs/srv/detail/get_device_info__traits.hpp
[0.734s] -- Up-to-date: /home/david/detection_ws/install/astra_camera_msgs/include/astra_camera_msgs/astra_camera_msgs/srv/detail/set_int32__traits.hpp
[0.735s] -- Up-to-date: /home/david/detection_ws/install/astra_camera_msgs/include/astra_camera_msgs/astra_camera_msgs/srv/detail/get_int32__type_support.hpp
[0.735s] -- Up-to-date: /home/david/detection_ws/install/astra_camera_msgs/include/astra_camera_msgs/astra_camera_msgs/srv/detail/get_camera_info__type_support.hpp
[0.735s] -- Up-to-date: /home/david/detection_ws/install/astra_camera_msgs/include/astra_camera_msgs/astra_camera_msgs/srv/detail/get_device_info__type_support.hpp
[0.735s] -- Up-to-date: /home/david/detection_ws/install/astra_camera_msgs/include/astra_camera_msgs/astra_camera_msgs/srv/detail/get_camera_params__struct.hpp
[0.735s] -- Up-to-date: /home/david/detection_ws/install/astra_camera_msgs/include/astra_camera_msgs/astra_camera_msgs/srv/detail/get_string__type_support.hpp
[0.735s] -- Up-to-date: /home/david/detection_ws/install/astra_camera_msgs/include/astra_camera_msgs/astra_camera_msgs/srv/detail/get_string__struct.hpp
[0.735s] -- Up-to-date: /home/david/detection_ws/install/astra_camera_msgs/include/astra_camera_msgs/astra_camera_msgs/srv/detail/get_string__builder.hpp
[0.736s] -- Up-to-date: /home/david/detection_ws/install/astra_camera_msgs/include/astra_camera_msgs/astra_camera_msgs/srv/detail/set_int32__type_support.hpp
[0.736s] -- Up-to-date: /home/david/detection_ws/install/astra_camera_msgs/include/astra_camera_msgs/astra_camera_msgs/srv/detail/get_camera_params__type_support.hpp
[0.736s] -- Up-to-date: /home/david/detection_ws/install/astra_camera_msgs/include/astra_camera_msgs/astra_camera_msgs/srv/detail/get_camera_info__builder.hpp
[0.736s] -- Up-to-date: /home/david/detection_ws/install/astra_camera_msgs/include/astra_camera_msgs/astra_camera_msgs/srv/detail/get_int32__traits.hpp
[0.736s] -- Up-to-date: /home/david/detection_ws/install/astra_camera_msgs/include/astra_camera_msgs/astra_camera_msgs/srv/detail/get_string__traits.hpp
[0.737s] -- Up-to-date: /home/david/detection_ws/install/astra_camera_msgs/include/astra_camera_msgs/astra_camera_msgs/srv/detail/set_int32__builder.hpp
[0.737s] -- Up-to-date: /home/david/detection_ws/install/astra_camera_msgs/include/astra_camera_msgs/astra_camera_msgs/srv/detail/set_int32__struct.hpp
[0.737s] -- Up-to-date: /home/david/detection_ws/install/astra_camera_msgs/include/astra_camera_msgs/astra_camera_msgs/srv/detail/get_camera_params__builder.hpp
[0.737s] -- Up-to-date: /home/david/detection_ws/install/astra_camera_msgs/include/astra_camera_msgs/astra_camera_msgs/srv/detail/get_device_info__builder.hpp
[0.737s] -- Up-to-date: /home/david/detection_ws/install/astra_camera_msgs/include/astra_camera_msgs/astra_camera_msgs
[0.737s] -- Up-to-date: /home/david/detection_ws/install/astra_camera_msgs/include/astra_camera_msgs/astra_camera_msgs/msg
[0.737s] -- Up-to-date: /home/david/detection_ws/install/astra_camera_msgs/include/astra_camera_msgs/astra_camera_msgs/msg/rosidl_typesupport_fastrtps_cpp__visibility_control.h
[0.738s] -- Up-to-date: /home/david/detection_ws/install/astra_camera_msgs/include/astra_camera_msgs/astra_camera_msgs/msg/detail
[0.738s] -- Up-to-date: /home/david/detection_ws/install/astra_camera_msgs/include/astra_camera_msgs/astra_camera_msgs/msg/detail/extrinsics__rosidl_typesupport_fastrtps_cpp.hpp
[0.738s] -- Up-to-date: /home/david/detection_ws/install/astra_camera_msgs/include/astra_camera_msgs/astra_camera_msgs/msg/detail/dds_fastrtps
[0.738s] -- Up-to-date: /home/david/detection_ws/install/astra_camera_msgs/include/astra_camera_msgs/astra_camera_msgs/msg/detail/metadata__rosidl_typesupport_fastrtps_cpp.hpp
[0.738s] -- Up-to-date: /home/david/detection_ws/install/astra_camera_msgs/include/astra_camera_msgs/astra_camera_msgs/msg/detail/device_info__rosidl_typesupport_fastrtps_cpp.hpp
[0.738s] -- Up-to-date: /home/david/detection_ws/install/astra_camera_msgs/include/astra_camera_msgs/astra_camera_msgs/srv
[0.738s] -- Up-to-date: /home/david/detection_ws/install/astra_camera_msgs/include/astra_camera_msgs/astra_camera_msgs/srv/detail
[0.738s] -- Up-to-date: /home/david/detection_ws/install/astra_camera_msgs/include/astra_camera_msgs/astra_camera_msgs/srv/detail/get_int32__rosidl_typesupport_fastrtps_cpp.hpp
[0.739s] -- Up-to-date: /home/david/detection_ws/install/astra_camera_msgs/include/astra_camera_msgs/astra_camera_msgs/srv/detail/get_camera_info__rosidl_typesupport_fastrtps_cpp.hpp
[0.739s] -- Up-to-date: /home/david/detection_ws/install/astra_camera_msgs/include/astra_camera_msgs/astra_camera_msgs/srv/detail/dds_fastrtps
[0.739s] -- Up-to-date: /home/david/detection_ws/install/astra_camera_msgs/include/astra_camera_msgs/astra_camera_msgs/srv/detail/get_camera_params__rosidl_typesupport_fastrtps_cpp.hpp
[0.739s] -- Up-to-date: /home/david/detection_ws/install/astra_camera_msgs/include/astra_camera_msgs/astra_camera_msgs/srv/detail/get_device_info__rosidl_typesupport_fastrtps_cpp.hpp
[0.739s] -- Up-to-date: /home/david/detection_ws/install/astra_camera_msgs/include/astra_camera_msgs/astra_camera_msgs/srv/detail/get_string__rosidl_typesupport_fastrtps_cpp.hpp
[0.739s] -- Up-to-date: /home/david/detection_ws/install/astra_camera_msgs/include/astra_camera_msgs/astra_camera_msgs/srv/detail/set_int32__rosidl_typesupport_fastrtps_cpp.hpp
[0.739s] -- Up-to-date: /home/david/detection_ws/install/astra_camera_msgs/lib/libastra_camera_msgs__rosidl_typesupport_fastrtps_cpp.so
[0.740s] -- Up-to-date: /home/david/detection_ws/install/astra_camera_msgs/include/astra_camera_msgs/astra_camera_msgs
[0.740s] -- Up-to-date: /home/david/detection_ws/install/astra_camera_msgs/include/astra_camera_msgs/astra_camera_msgs/msg
[0.740s] -- Up-to-date: /home/david/detection_ws/install/astra_camera_msgs/include/astra_camera_msgs/astra_camera_msgs/msg/detail
[0.740s] -- Up-to-date: /home/david/detection_ws/install/astra_camera_msgs/include/astra_camera_msgs/astra_camera_msgs/msg/detail/extrinsics__type_support.cpp
[0.740s] -- Up-to-date: /home/david/detection_ws/install/astra_camera_msgs/include/astra_camera_msgs/astra_camera_msgs/msg/detail/device_info__type_support.cpp
[0.740s] -- Up-to-date: /home/david/detection_ws/install/astra_camera_msgs/include/astra_camera_msgs/astra_camera_msgs/msg/detail/device_info__rosidl_typesupport_introspection_cpp.hpp
[0.740s] -- Up-to-date: /home/david/detection_ws/install/astra_camera_msgs/include/astra_camera_msgs/astra_camera_msgs/msg/detail/extrinsics__rosidl_typesupport_introspection_cpp.hpp
[0.740s] -- Up-to-date: /home/david/detection_ws/install/astra_camera_msgs/include/astra_camera_msgs/astra_camera_msgs/msg/detail/metadata__rosidl_typesupport_introspection_cpp.hpp
[0.741s] -- Up-to-date: /home/david/detection_ws/install/astra_camera_msgs/include/astra_camera_msgs/astra_camera_msgs/msg/detail/metadata__type_support.cpp
[0.741s] -- Up-to-date: /home/david/detection_ws/install/astra_camera_msgs/include/astra_camera_msgs/astra_camera_msgs/srv
[0.741s] -- Up-to-date: /home/david/detection_ws/install/astra_camera_msgs/include/astra_camera_msgs/astra_camera_msgs/srv/detail
[0.741s] -- Up-to-date: /home/david/detection_ws/install/astra_camera_msgs/include/astra_camera_msgs/astra_camera_msgs/srv/detail/get_int32__type_support.cpp
[0.741s] -- Up-to-date: /home/david/detection_ws/install/astra_camera_msgs/include/astra_camera_msgs/astra_camera_msgs/srv/detail/set_int32__type_support.cpp
[0.741s] -- Up-to-date: /home/david/detection_ws/install/astra_camera_msgs/include/astra_camera_msgs/astra_camera_msgs/srv/detail/get_camera_info__type_support.cpp
[0.741s] -- Up-to-date: /home/david/detection_ws/install/astra_camera_msgs/include/astra_camera_msgs/astra_camera_msgs/srv/detail/get_camera_info__rosidl_typesupport_introspection_cpp.hpp
[0.741s] -- Up-to-date: /home/david/detection_ws/install/astra_camera_msgs/include/astra_camera_msgs/astra_camera_msgs/srv/detail/get_string__type_support.cpp
[0.741s] -- Up-to-date: /home/david/detection_ws/install/astra_camera_msgs/include/astra_camera_msgs/astra_camera_msgs/srv/detail/set_int32__rosidl_typesupport_introspection_cpp.hpp
[0.742s] -- Up-to-date: /home/david/detection_ws/install/astra_camera_msgs/include/astra_camera_msgs/astra_camera_msgs/srv/detail/get_device_info__rosidl_typesupport_introspection_cpp.hpp
[0.742s] -- Up-to-date: /home/david/detection_ws/install/astra_camera_msgs/include/astra_camera_msgs/astra_camera_msgs/srv/detail/get_int32__rosidl_typesupport_introspection_cpp.hpp
[0.742s] -- Up-to-date: /home/david/detection_ws/install/astra_camera_msgs/include/astra_camera_msgs/astra_camera_msgs/srv/detail/get_camera_params__rosidl_typesupport_introspection_cpp.hpp
[0.742s] -- Up-to-date: /home/david/detection_ws/install/astra_camera_msgs/include/astra_camera_msgs/astra_camera_msgs/srv/detail/get_string__rosidl_typesupport_introspection_cpp.hpp
[0.742s] -- Up-to-date: /home/david/detection_ws/install/astra_camera_msgs/include/astra_camera_msgs/astra_camera_msgs/srv/detail/get_device_info__type_support.cpp
[0.742s] -- Up-to-date: /home/david/detection_ws/install/astra_camera_msgs/include/astra_camera_msgs/astra_camera_msgs/srv/detail/get_camera_params__type_support.cpp
[0.742s] -- Up-to-date: /home/david/detection_ws/install/astra_camera_msgs/lib/libastra_camera_msgs__rosidl_typesupport_introspection_cpp.so
[0.742s] -- Up-to-date: /home/david/detection_ws/install/astra_camera_msgs/lib/libastra_camera_msgs__rosidl_typesupport_cpp.so
[0.742s] -- Up-to-date: /home/david/detection_ws/install/astra_camera_msgs/share/astra_camera_msgs/environment/pythonpath.sh
[0.743s] -- Up-to-date: /home/david/detection_ws/install/astra_camera_msgs/share/astra_camera_msgs/environment/pythonpath.dsv
[0.743s] -- Up-to-date: /home/david/detection_ws/install/astra_camera_msgs/lib/python3.10/site-packages/astra_camera_msgs-1.0.1-py3.10.egg-info
[0.743s] -- Installing: /home/david/detection_ws/install/astra_camera_msgs/lib/python3.10/site-packages/astra_camera_msgs-1.0.1-py3.10.egg-info/PKG-INFO
[0.743s] -- Installing: /home/david/detection_ws/install/astra_camera_msgs/lib/python3.10/site-packages/astra_camera_msgs-1.0.1-py3.10.egg-info/SOURCES.txt
[0.743s] -- Installing: /home/david/detection_ws/install/astra_camera_msgs/lib/python3.10/site-packages/astra_camera_msgs-1.0.1-py3.10.egg-info/dependency_links.txt
[0.743s] -- Installing: /home/david/detection_ws/install/astra_camera_msgs/lib/python3.10/site-packages/astra_camera_msgs-1.0.1-py3.10.egg-info/top_level.txt
[0.743s] -- Up-to-date: /home/david/detection_ws/install/astra_camera_msgs/lib/python3.10/site-packages/astra_camera_msgs
[0.743s] -- Up-to-date: /home/david/detection_ws/install/astra_camera_msgs/lib/python3.10/site-packages/astra_camera_msgs/_astra_camera_msgs_s.ep.rosidl_typesupport_c.c
[0.744s] -- Up-to-date: /home/david/detection_ws/install/astra_camera_msgs/lib/python3.10/site-packages/astra_camera_msgs/msg
[0.744s] -- Up-to-date: /home/david/detection_ws/install/astra_camera_msgs/lib/python3.10/site-packages/astra_camera_msgs/msg/_extrinsics.py
[0.744s] -- Up-to-date: /home/david/detection_ws/install/astra_camera_msgs/lib/python3.10/site-packages/astra_camera_msgs/msg/_extrinsics_s.c
[0.744s] -- Up-to-date: /home/david/detection_ws/install/astra_camera_msgs/lib/python3.10/site-packages/astra_camera_msgs/msg/_metadata.py
[0.744s] -- Up-to-date: /home/david/detection_ws/install/astra_camera_msgs/lib/python3.10/site-packages/astra_camera_msgs/msg/_device_info_s.c
[0.744s] -- Up-to-date: /home/david/detection_ws/install/astra_camera_msgs/lib/python3.10/site-packages/astra_camera_msgs/msg/_device_info.py
[0.744s] -- Up-to-date: /home/david/detection_ws/install/astra_camera_msgs/lib/python3.10/site-packages/astra_camera_msgs/msg/_metadata_s.c
[0.744s] -- Up-to-date: /home/david/detection_ws/install/astra_camera_msgs/lib/python3.10/site-packages/astra_camera_msgs/msg/__init__.py
[0.744s] -- Up-to-date: /home/david/detection_ws/install/astra_camera_msgs/lib/python3.10/site-packages/astra_camera_msgs/srv
[0.745s] -- Up-to-date: /home/david/detection_ws/install/astra_camera_msgs/lib/python3.10/site-packages/astra_camera_msgs/srv/_get_camera_params.py
[0.745s] -- Up-to-date: /home/david/detection_ws/install/astra_camera_msgs/lib/python3.10/site-packages/astra_camera_msgs/srv/_get_string.py
[0.745s] -- Up-to-date: /home/david/detection_ws/install/astra_camera_msgs/lib/python3.10/site-packages/astra_camera_msgs/srv/_get_int32.py
[0.745s] -- Up-to-date: /home/david/detection_ws/install/astra_camera_msgs/lib/python3.10/site-packages/astra_camera_msgs/srv/_get_device_info_s.c
[0.745s] -- Up-to-date: /home/david/detection_ws/install/astra_camera_msgs/lib/python3.10/site-packages/astra_camera_msgs/srv/_set_int32.py
[0.745s] -- Up-to-date: /home/david/detection_ws/install/astra_camera_msgs/lib/python3.10/site-packages/astra_camera_msgs/srv/_get_string_s.c
[0.745s] -- Up-to-date: /home/david/detection_ws/install/astra_camera_msgs/lib/python3.10/site-packages/astra_camera_msgs/srv/_get_camera_info_s.c
[0.745s] -- Up-to-date: /home/david/detection_ws/install/astra_camera_msgs/lib/python3.10/site-packages/astra_camera_msgs/srv/_get_camera_params_s.c
[0.746s] -- Up-to-date: /home/david/detection_ws/install/astra_camera_msgs/lib/python3.10/site-packages/astra_camera_msgs/srv/_get_camera_info.py
[0.746s] -- Up-to-date: /home/david/detection_ws/install/astra_camera_msgs/lib/python3.10/site-packages/astra_camera_msgs/srv/_set_int32_s.c
[0.746s] -- Up-to-date: /home/david/detection_ws/install/astra_camera_msgs/lib/python3.10/site-packages/astra_camera_msgs/srv/_get_int32_s.c
[0.746s] -- Up-to-date: /home/david/detection_ws/install/astra_camera_msgs/lib/python3.10/site-packages/astra_camera_msgs/srv/__init__.py
[0.746s] -- Up-to-date: /home/david/detection_ws/install/astra_camera_msgs/lib/python3.10/site-packages/astra_camera_msgs/srv/_get_device_info.py
[0.746s] -- Up-to-date: /home/david/detection_ws/install/astra_camera_msgs/lib/python3.10/site-packages/astra_camera_msgs/astra_camera_msgs_s__rosidl_typesupport_introspection_c.cpython-310-x86_64-linux-gnu.so
[0.746s] -- Up-to-date: /home/david/detection_ws/install/astra_camera_msgs/lib/python3.10/site-packages/astra_camera_msgs/astra_camera_msgs_s__rosidl_typesupport_c.cpython-310-x86_64-linux-gnu.so
[0.746s] -- Up-to-date: /home/david/detection_ws/install/astra_camera_msgs/lib/python3.10/site-packages/astra_camera_msgs/libastra_camera_msgs__rosidl_generator_py.so
[0.747s] -- Up-to-date: /home/david/detection_ws/install/astra_camera_msgs/lib/python3.10/site-packages/astra_camera_msgs/astra_camera_msgs_s__rosidl_typesupport_fastrtps_c.cpython-310-x86_64-linux-gnu.so
[0.747s] -- Up-to-date: /home/david/detection_ws/install/astra_camera_msgs/lib/python3.10/site-packages/astra_camera_msgs/_astra_camera_msgs_s.ep.rosidl_typesupport_introspection_c.c
[0.747s] -- Up-to-date: /home/david/detection_ws/install/astra_camera_msgs/lib/python3.10/site-packages/astra_camera_msgs/__init__.py
[0.747s] -- Up-to-date: /home/david/detection_ws/install/astra_camera_msgs/lib/python3.10/site-packages/astra_camera_msgs/_astra_camera_msgs_s.ep.rosidl_typesupport_fastrtps_c.c
[0.783s] Listing '/home/david/detection_ws/install/astra_camera_msgs/lib/python3.10/site-packages/astra_camera_msgs'...
[0.783s] Listing '/home/david/detection_ws/install/astra_camera_msgs/lib/python3.10/site-packages/astra_camera_msgs/msg'...
[0.783s] Listing '/home/david/detection_ws/install/astra_camera_msgs/lib/python3.10/site-packages/astra_camera_msgs/srv'...
[0.789s] -- Up-to-date: /home/david/detection_ws/install/astra_camera_msgs/lib/python3.10/site-packages/astra_camera_msgs/astra_camera_msgs_s__rosidl_typesupport_fastrtps_c.cpython-310-x86_64-linux-gnu.so
[0.789s] -- Up-to-date: /home/david/detection_ws/install/astra_camera_msgs/lib/python3.10/site-packages/astra_camera_msgs/astra_camera_msgs_s__rosidl_typesupport_introspection_c.cpython-310-x86_64-linux-gnu.so
[0.789s] -- Up-to-date: /home/david/detection_ws/install/astra_camera_msgs/lib/python3.10/site-packages/astra_camera_msgs/astra_camera_msgs_s__rosidl_typesupport_c.cpython-310-x86_64-linux-gnu.so
[0.789s] -- Up-to-date: /home/david/detection_ws/install/astra_camera_msgs/lib/libastra_camera_msgs__rosidl_generator_py.so
[0.789s] -- Up-to-date: /home/david/detection_ws/install/astra_camera_msgs/share/astra_camera_msgs/msg/DeviceInfo.idl
[0.790s] -- Up-to-date: /home/david/detection_ws/install/astra_camera_msgs/share/astra_camera_msgs/msg/Extrinsics.idl
[0.790s] -- Up-to-date: /home/david/detection_ws/install/astra_camera_msgs/share/astra_camera_msgs/msg/Metadata.idl
[0.790s] -- Up-to-date: /home/david/detection_ws/install/astra_camera_msgs/share/astra_camera_msgs/srv/GetDeviceInfo.idl
[0.791s] -- Up-to-date: /home/david/detection_ws/install/astra_camera_msgs/share/astra_camera_msgs/srv/GetCameraInfo.idl
[0.791s] -- Up-to-date: /home/david/detection_ws/install/astra_camera_msgs/share/astra_camera_msgs/srv/GetCameraParams.idl
[0.791s] -- Up-to-date: /home/david/detection_ws/install/astra_camera_msgs/share/astra_camera_msgs/srv/GetInt32.idl
[0.792s] -- Up-to-date: /home/david/detection_ws/install/astra_camera_msgs/share/astra_camera_msgs/srv/GetString.idl
[0.792s] -- Up-to-date: /home/david/detection_ws/install/astra_camera_msgs/share/astra_camera_msgs/srv/SetInt32.idl
[0.792s] -- Up-to-date: /home/david/detection_ws/install/astra_camera_msgs/share/astra_camera_msgs/msg/DeviceInfo.msg
[0.792s] -- Up-to-date: /home/david/detection_ws/install/astra_camera_msgs/share/astra_camera_msgs/msg/Extrinsics.msg
[0.792s] -- Up-to-date: /home/david/detection_ws/install/astra_camera_msgs/share/astra_camera_msgs/msg/Metadata.msg
[0.793s] -- Up-to-date: /home/david/detection_ws/install/astra_camera_msgs/share/astra_camera_msgs/srv/GetDeviceInfo.srv
[0.793s] -- Up-to-date: /home/david/detection_ws/install/astra_camera_msgs/share/astra_camera_msgs/srv/GetDeviceInfo_Request.msg
[0.793s] -- Up-to-date: /home/david/detection_ws/install/astra_camera_msgs/share/astra_camera_msgs/srv/GetDeviceInfo_Response.msg
[0.794s] -- Up-to-date: /home/david/detection_ws/install/astra_camera_msgs/share/astra_camera_msgs/srv/GetCameraInfo.srv
[0.794s] -- Up-to-date: /home/david/detection_ws/install/astra_camera_msgs/share/astra_camera_msgs/srv/GetCameraInfo_Request.msg
[0.794s] -- Up-to-date: /home/david/detection_ws/install/astra_camera_msgs/share/astra_camera_msgs/srv/GetCameraInfo_Response.msg
[0.794s] -- Up-to-date: /home/david/detection_ws/install/astra_camera_msgs/share/astra_camera_msgs/srv/GetCameraParams.srv
[0.795s] -- Up-to-date: /home/david/detection_ws/install/astra_camera_msgs/share/astra_camera_msgs/srv/GetCameraParams_Request.msg
[0.795s] -- Up-to-date: /home/david/detection_ws/install/astra_camera_msgs/share/astra_camera_msgs/srv/GetCameraParams_Response.msg
[0.795s] -- Up-to-date: /home/david/detection_ws/install/astra_camera_msgs/share/astra_camera_msgs/srv/GetInt32.srv
[0.795s] -- Up-to-date: /home/david/detection_ws/install/astra_camera_msgs/share/astra_camera_msgs/srv/GetInt32_Request.msg
[0.795s] -- Up-to-date: /home/david/detection_ws/install/astra_camera_msgs/share/astra_camera_msgs/srv/GetInt32_Response.msg
[0.796s] -- Up-to-date: /home/david/detection_ws/install/astra_camera_msgs/share/astra_camera_msgs/srv/GetString.srv
[0.796s] -- Up-to-date: /home/david/detection_ws/install/astra_camera_msgs/share/astra_camera_msgs/srv/GetString_Request.msg
[0.797s] -- Up-to-date: /home/david/detection_ws/install/astra_camera_msgs/share/astra_camera_msgs/srv/GetString_Response.msg
[0.797s] -- Up-to-date: /home/david/detection_ws/install/astra_camera_msgs/share/astra_camera_msgs/srv/SetInt32.srv
[0.797s] -- Up-to-date: /home/david/detection_ws/install/astra_camera_msgs/share/astra_camera_msgs/srv/SetInt32_Request.msg
[0.797s] -- Up-to-date: /home/david/detection_ws/install/astra_camera_msgs/share/astra_camera_msgs/srv/SetInt32_Response.msg
[0.797s] -- Up-to-date: /home/david/detection_ws/install/astra_camera_msgs/share/ament_index/resource_index/package_run_dependencies/astra_camera_msgs
[0.797s] -- Up-to-date: /home/david/detection_ws/install/astra_camera_msgs/share/ament_index/resource_index/parent_prefix_path/astra_camera_msgs
[0.798s] -- Up-to-date: /home/david/detection_ws/install/astra_camera_msgs/share/astra_camera_msgs/environment/ament_prefix_path.sh
[0.798s] -- Up-to-date: /home/david/detection_ws/install/astra_camera_msgs/share/astra_camera_msgs/environment/ament_prefix_path.dsv
[0.798s] -- Up-to-date: /home/david/detection_ws/install/astra_camera_msgs/share/astra_camera_msgs/environment/path.sh
[0.799s] -- Up-to-date: /home/david/detection_ws/install/astra_camera_msgs/share/astra_camera_msgs/environment/path.dsv
[0.799s] -- Up-to-date: /home/david/detection_ws/install/astra_camera_msgs/share/astra_camera_msgs/local_setup.bash
[0.800s] -- Up-to-date: /home/david/detection_ws/install/astra_camera_msgs/share/astra_camera_msgs/local_setup.sh
[0.801s] -- Up-to-date: /home/david/detection_ws/install/astra_camera_msgs/share/astra_camera_msgs/local_setup.zsh
[0.801s] -- Up-to-date: /home/david/detection_ws/install/astra_camera_msgs/share/astra_camera_msgs/local_setup.dsv
[0.801s] -- Installing: /home/david/detection_ws/install/astra_camera_msgs/share/astra_camera_msgs/package.dsv
[0.801s] -- Up-to-date: /home/david/detection_ws/install/astra_camera_msgs/share/ament_index/resource_index/packages/astra_camera_msgs
[0.802s] -- Up-to-date: /home/david/detection_ws/install/astra_camera_msgs/share/astra_camera_msgs/cmake/export_astra_camera_msgs__rosidl_generator_cExport.cmake
[0.802s] -- Up-to-date: /home/david/detection_ws/install/astra_camera_msgs/share/astra_camera_msgs/cmake/export_astra_camera_msgs__rosidl_generator_cExport-noconfig.cmake
[0.802s] -- Up-to-date: /home/david/detection_ws/install/astra_camera_msgs/share/astra_camera_msgs/cmake/export_astra_camera_msgs__rosidl_typesupport_fastrtps_cExport.cmake
[0.802s] -- Up-to-date: /home/david/detection_ws/install/astra_camera_msgs/share/astra_camera_msgs/cmake/export_astra_camera_msgs__rosidl_typesupport_fastrtps_cExport-noconfig.cmake
[0.803s] -- Up-to-date: /home/david/detection_ws/install/astra_camera_msgs/share/astra_camera_msgs/cmake/astra_camera_msgs__rosidl_typesupport_introspection_cExport.cmake
[0.803s] -- Up-to-date: /home/david/detection_ws/install/astra_camera_msgs/share/astra_camera_msgs/cmake/astra_camera_msgs__rosidl_typesupport_introspection_cExport-noconfig.cmake
[0.803s] -- Up-to-date: /home/david/detection_ws/install/astra_camera_msgs/share/astra_camera_msgs/cmake/astra_camera_msgs__rosidl_typesupport_cExport.cmake
[0.803s] -- Up-to-date: /home/david/detection_ws/install/astra_camera_msgs/share/astra_camera_msgs/cmake/astra_camera_msgs__rosidl_typesupport_cExport-noconfig.cmake
[0.804s] -- Up-to-date: /home/david/detection_ws/install/astra_camera_msgs/share/astra_camera_msgs/cmake/export_astra_camera_msgs__rosidl_generator_cppExport.cmake
[0.804s] -- Up-to-date: /home/david/detection_ws/install/astra_camera_msgs/share/astra_camera_msgs/cmake/export_astra_camera_msgs__rosidl_typesupport_fastrtps_cppExport.cmake
[0.804s] -- Up-to-date: /home/david/detection_ws/install/astra_camera_msgs/share/astra_camera_msgs/cmake/export_astra_camera_msgs__rosidl_typesupport_fastrtps_cppExport-noconfig.cmake
[0.804s] -- Up-to-date: /home/david/detection_ws/install/astra_camera_msgs/share/astra_camera_msgs/cmake/astra_camera_msgs__rosidl_typesupport_introspection_cppExport.cmake
[0.804s] -- Up-to-date: /home/david/detection_ws/install/astra_camera_msgs/share/astra_camera_msgs/cmake/astra_camera_msgs__rosidl_typesupport_introspection_cppExport-noconfig.cmake
[0.805s] -- Up-to-date: /home/david/detection_ws/install/astra_camera_msgs/share/astra_camera_msgs/cmake/astra_camera_msgs__rosidl_typesupport_cppExport.cmake
[0.805s] -- Up-to-date: /home/david/detection_ws/install/astra_camera_msgs/share/astra_camera_msgs/cmake/astra_camera_msgs__rosidl_typesupport_cppExport-noconfig.cmake
[0.805s] -- Up-to-date: /home/david/detection_ws/install/astra_camera_msgs/share/astra_camera_msgs/cmake/export_astra_camera_msgs__rosidl_generator_pyExport.cmake
[0.805s] -- Up-to-date: /home/david/detection_ws/install/astra_camera_msgs/share/astra_camera_msgs/cmake/export_astra_camera_msgs__rosidl_generator_pyExport-noconfig.cmake
[0.805s] -- Up-to-date: /home/david/detection_ws/install/astra_camera_msgs/share/astra_camera_msgs/cmake/rosidl_cmake-extras.cmake
[0.805s] -- Up-to-date: /home/david/detection_ws/install/astra_camera_msgs/share/astra_camera_msgs/cmake/ament_cmake_export_dependencies-extras.cmake
[0.805s] -- Up-to-date: /home/david/detection_ws/install/astra_camera_msgs/share/astra_camera_msgs/cmake/ament_cmake_export_include_directories-extras.cmake
[0.806s] -- Up-to-date: /home/david/detection_ws/install/astra_camera_msgs/share/astra_camera_msgs/cmake/ament_cmake_export_libraries-extras.cmake
[0.806s] -- Up-to-date: /home/david/detection_ws/install/astra_camera_msgs/share/astra_camera_msgs/cmake/ament_cmake_export_targets-extras.cmake
[0.806s] -- Up-to-date: /home/david/detection_ws/install/astra_camera_msgs/share/astra_camera_msgs/cmake/rosidl_cmake_export_typesupport_targets-extras.cmake
[0.806s] -- Up-to-date: /home/david/detection_ws/install/astra_camera_msgs/share/astra_camera_msgs/cmake/rosidl_cmake_export_typesupport_libraries-extras.cmake
[0.807s] -- Up-to-date: /home/david/detection_ws/install/astra_camera_msgs/share/astra_camera_msgs/cmake/astra_camera_msgsConfig.cmake
[0.807s] -- Up-to-date: /home/david/detection_ws/install/astra_camera_msgs/share/astra_camera_msgs/cmake/astra_camera_msgsConfig-version.cmake
[0.808s] -- Up-to-date: /home/david/detection_ws/install/astra_camera_msgs/share/astra_camera_msgs/package.xml
[0.808s] Invoked command in '/home/david/detection_ws/build/astra_camera_msgs' returned '0': CMAKE_PREFIX_PATH=${CMAKE_PREFIX_PATH}:/home/david/detection_ws/install/object_detector:/opt/ros/humble PS1=(ros_ai_venv) \[\e]0;\u@\h: \w\a\]${debian_chroot:+($debian_chroot)}\[\033[01;32m\]\u@\h\[\033[00m\]:\[\033[01;34m\]\w\[\033[00m\]\$ VIRTUAL_ENV_PROMPT=(ros_ai_venv) /usr/bin/cmake --install /home/david/detection_ws/build/astra_camera_msgs
