[1.221s] Invoking command in '/home/david/detection_ws/src/object_detector': PS1=(ros_ai_venv) \[\e]0;\u@\h: \w\a\]${debian_chroot:+($debian_chroot)}\[\033[01;32m\]\u@\h\[\033[00m\]:\[\033[01;34m\]\w\[\033[00m\]\$ PYTHONPATH=/home/david/detection_ws/build/object_detector/prefix_override:/usr/lib/python3/dist-packages/colcon_core/task/python/colcon_distutils_commands:/home/david/detection_ws/install/object_detector/lib/python3.10/site-packages:${PYTHONPATH} VIRTUAL_ENV_PROMPT=(ros_ai_venv) /usr/bin/python3 -W ignore:setup.py install is deprecated -W ignore:easy_install command is deprecated setup.py egg_info --egg-base ../../build/object_detector build --build-base /home/david/detection_ws/build/object_detector/build install --record /home/david/detection_ws/build/object_detector/install.log --single-version-externally-managed install_data
[1.655s] running egg_info
[1.656s] writing ../../build/object_detector/object_detector.egg-info/PKG-INFO
[1.657s] writing dependency_links to ../../build/object_detector/object_detector.egg-info/dependency_links.txt
[1.657s] writing entry points to ../../build/object_detector/object_detector.egg-info/entry_points.txt
[1.657s] writing requirements to ../../build/object_detector/object_detector.egg-info/requires.txt
[1.657s] writing top-level names to ../../build/object_detector/object_detector.egg-info/top_level.txt
[1.659s] reading manifest file '../../build/object_detector/object_detector.egg-info/SOURCES.txt'
[1.661s] writing manifest file '../../build/object_detector/object_detector.egg-info/SOURCES.txt'
[1.662s] running build
[1.662s] running build_py
[1.662s] copying object_detector/ai_detection_node.py -> /home/david/detection_ws/build/object_detector/build/lib/object_detector
[1.663s] running install
[1.663s] running install_lib
[1.666s] copying /home/david/detection_ws/build/object_detector/build/lib/object_detector/ai_detection_node.py -> /home/david/detection_ws/install/object_detector/lib/python3.10/site-packages/object_detector
[1.668s] byte-compiling /home/david/detection_ws/install/object_detector/lib/python3.10/site-packages/object_detector/ai_detection_node.py to ai_detection_node.cpython-310.pyc
[1.669s] running install_data
[1.670s] running install_egg_info
[1.673s] removing '/home/david/detection_ws/install/object_detector/lib/python3.10/site-packages/object_detector-0.0.0-py3.10.egg-info' (and everything under it)
[1.674s] Copying ../../build/object_detector/object_detector.egg-info to /home/david/detection_ws/install/object_detector/lib/python3.10/site-packages/object_detector-0.0.0-py3.10.egg-info
[1.676s] running install_scripts
[1.705s] Installing ai_detection_node script to /home/david/detection_ws/install/object_detector/lib/object_detector
[1.706s] Installing depth_fusion_node script to /home/david/detection_ws/install/object_detector/lib/object_detector
[1.706s] writing list of installed files to '/home/david/detection_ws/build/object_detector/install.log'
[1.737s] Invoked command in '/home/david/detection_ws/src/object_detector' returned '0': PS1=(ros_ai_venv) \[\e]0;\u@\h: \w\a\]${debian_chroot:+($debian_chroot)}\[\033[01;32m\]\u@\h\[\033[00m\]:\[\033[01;34m\]\w\[\033[00m\]\$ PYTHONPATH=/home/david/detection_ws/build/object_detector/prefix_override:/usr/lib/python3/dist-packages/colcon_core/task/python/colcon_distutils_commands:/home/david/detection_ws/install/object_detector/lib/python3.10/site-packages:${PYTHONPATH} VIRTUAL_ENV_PROMPT=(ros_ai_venv) /usr/bin/python3 -W ignore:setup.py install is deprecated -W ignore:easy_install command is deprecated setup.py egg_info --egg-base ../../build/object_detector build --build-base /home/david/detection_ws/build/object_detector/build install --record /home/david/detection_ws/build/object_detector/install.log --single-version-externally-managed install_data
