[0.039s] Invoking command in '/home/david/detection_ws/build/astra_camera_msgs': CMAKE_PREFIX_PATH=${CMAKE_PREFIX_PATH}:/home/david/detection_ws/install/object_detector:/opt/ros/humble PS1=(ros_ai_venv) \[\e]0;\u@\h: \w\a\]${debian_chroot:+($debian_chroot)}\[\033[01;32m\]\u@\h\[\033[00m\]:\[\033[01;34m\]\w\[\033[00m\]\$ VIRTUAL_ENV_PROMPT=(ros_ai_venv) /usr/bin/cmake --build /home/david/detection_ws/build/astra_camera_msgs -- -j8 -l8
[0.248s] [  1%] Built target astra_camera_msgs__cpp
[0.283s] [ 12%] Built target astra_camera_msgs__rosidl_generator_c
[0.293s] [ 12%] Built target ament_cmake_python_copy_astra_camera_msgs
[0.351s] [ 24%] Built target astra_camera_msgs__rosidl_typesupport_fastrtps_cpp
[0.352s] [ 35%] Built target astra_camera_msgs__rosidl_typesupport_cpp
[0.365s] [ 47%] Built target astra_camera_msgs__rosidl_typesupport_introspection_cpp
[0.372s] [ 58%] Built target astra_camera_msgs__rosidl_typesupport_c
[0.388s] [ 70%] Built target astra_camera_msgs__rosidl_typesupport_fastrtps_c
[0.389s] [ 82%] Built target astra_camera_msgs__rosidl_typesupport_introspection_c
[0.439s] [ 82%] Built target astra_camera_msgs
[0.496s] [ 83%] Built target astra_camera_msgs__py
[0.565s] [ 93%] Built target astra_camera_msgs__rosidl_generator_py
[0.623s] [ 95%] Built target astra_camera_msgs__rosidl_typesupport_introspection_c__pyext
[0.625s] [ 97%] Built target astra_camera_msgs__rosidl_typesupport_c__pyext
[0.627s] [100%] Built target astra_camera_msgs__rosidl_typesupport_fastrtps_c__pyext
[0.898s] running egg_info
[0.899s] writing astra_camera_msgs.egg-info/PKG-INFO
[0.900s] writing dependency_links to astra_camera_msgs.egg-info/dependency_links.txt
[0.900s] writing top-level names to astra_camera_msgs.egg-info/top_level.txt
[0.907s] reading manifest file 'astra_camera_msgs.egg-info/SOURCES.txt'
[0.908s] writing manifest file 'astra_camera_msgs.egg-info/SOURCES.txt'
[0.953s] [100%] Built target ament_cmake_python_build_astra_camera_msgs_egg
[0.973s] Invoked command in '/home/david/detection_ws/build/astra_camera_msgs' returned '0': CMAKE_PREFIX_PATH=${CMAKE_PREFIX_PATH}:/home/david/detection_ws/install/object_detector:/opt/ros/humble PS1=(ros_ai_venv) \[\e]0;\u@\h: \w\a\]${debian_chroot:+($debian_chroot)}\[\033[01;32m\]\u@\h\[\033[00m\]:\[\033[01;34m\]\w\[\033[00m\]\$ VIRTUAL_ENV_PROMPT=(ros_ai_venv) /usr/bin/cmake --build /home/david/detection_ws/build/astra_camera_msgs -- -j8 -l8
[0.989s] Invoking command in '/home/david/detection_ws/build/astra_camera_msgs': CMAKE_PREFIX_PATH=${CMAKE_PREFIX_PATH}:/home/david/detection_ws/install/object_detector:/opt/ros/humble PS1=(ros_ai_venv) \[\e]0;\u@\h: \w\a\]${debian_chroot:+($debian_chroot)}\[\033[01;32m\]\u@\h\[\033[00m\]:\[\033[01;34m\]\w\[\033[00m\]\$ VIRTUAL_ENV_PROMPT=(ros_ai_venv) /usr/bin/cmake --install /home/david/detection_ws/build/astra_camera_msgs
[1.004s] -- Install configuration: ""
[1.005s] -- Up-to-date: /home/david/detection_ws/install/astra_camera_msgs/share/ament_index/resource_index/rosidl_interfaces/astra_camera_msgs
[1.006s] -- Up-to-date: /home/david/detection_ws/install/astra_camera_msgs/include/astra_camera_msgs/astra_camera_msgs
[1.006s] -- Up-to-date: /home/david/detection_ws/install/astra_camera_msgs/include/astra_camera_msgs/astra_camera_msgs/msg
[1.007s] -- Up-to-date: /home/david/detection_ws/install/astra_camera_msgs/include/astra_camera_msgs/astra_camera_msgs/msg/extrinsics.h
[1.007s] -- Up-to-date: /home/david/detection_ws/install/astra_camera_msgs/include/astra_camera_msgs/astra_camera_msgs/msg/rosidl_generator_c__visibility_control.h
[1.008s] -- Up-to-date: /home/david/detection_ws/install/astra_camera_msgs/include/astra_camera_msgs/astra_camera_msgs/msg/device_info.h
[1.008s] -- Up-to-date: /home/david/detection_ws/install/astra_camera_msgs/include/astra_camera_msgs/astra_camera_msgs/msg/detail
[1.008s] -- Up-to-date: /home/david/detection_ws/install/astra_camera_msgs/include/astra_camera_msgs/astra_camera_msgs/msg/detail/extrinsics__struct.h
[1.008s] -- Up-to-date: /home/david/detection_ws/install/astra_camera_msgs/include/astra_camera_msgs/astra_camera_msgs/msg/detail/device_info__functions.h
[1.009s] -- Up-to-date: /home/david/detection_ws/install/astra_camera_msgs/include/astra_camera_msgs/astra_camera_msgs/msg/detail/metadata__functions.h
[1.009s] -- Up-to-date: /home/david/detection_ws/install/astra_camera_msgs/include/astra_camera_msgs/astra_camera_msgs/msg/detail/extrinsics__functions.h
[1.009s] -- Up-to-date: /home/david/detection_ws/install/astra_camera_msgs/include/astra_camera_msgs/astra_camera_msgs/msg/detail/device_info__type_support.h
[1.009s] -- Up-to-date: /home/david/detection_ws/install/astra_camera_msgs/include/astra_camera_msgs/astra_camera_msgs/msg/detail/device_info__struct.h
[1.009s] -- Up-to-date: /home/david/detection_ws/install/astra_camera_msgs/include/astra_camera_msgs/astra_camera_msgs/msg/detail/extrinsics__functions.c
[1.009s] -- Up-to-date: /home/david/detection_ws/install/astra_camera_msgs/include/astra_camera_msgs/astra_camera_msgs/msg/detail/metadata__type_support.h
[1.009s] -- Up-to-date: /home/david/detection_ws/install/astra_camera_msgs/include/astra_camera_msgs/astra_camera_msgs/msg/detail/metadata__struct.h
[1.009s] -- Up-to-date: /home/david/detection_ws/install/astra_camera_msgs/include/astra_camera_msgs/astra_camera_msgs/msg/detail/extrinsics__type_support.h
[1.010s] -- Up-to-date: /home/david/detection_ws/install/astra_camera_msgs/include/astra_camera_msgs/astra_camera_msgs/msg/detail/metadata__functions.c
[1.011s] -- Up-to-date: /home/david/detection_ws/install/astra_camera_msgs/include/astra_camera_msgs/astra_camera_msgs/msg/detail/device_info__functions.c
[1.011s] -- Up-to-date: /home/david/detection_ws/install/astra_camera_msgs/include/astra_camera_msgs/astra_camera_msgs/msg/metadata.h
[1.011s] -- Up-to-date: /home/david/detection_ws/install/astra_camera_msgs/include/astra_camera_msgs/astra_camera_msgs/srv
[1.011s] -- Up-to-date: /home/david/detection_ws/install/astra_camera_msgs/include/astra_camera_msgs/astra_camera_msgs/srv/get_device_info.h
[1.012s] -- Up-to-date: /home/david/detection_ws/install/astra_camera_msgs/include/astra_camera_msgs/astra_camera_msgs/srv/get_camera_params.h
[1.012s] -- Up-to-date: /home/david/detection_ws/install/astra_camera_msgs/include/astra_camera_msgs/astra_camera_msgs/srv/get_string.h
[1.012s] -- Up-to-date: /home/david/detection_ws/install/astra_camera_msgs/include/astra_camera_msgs/astra_camera_msgs/srv/get_camera_info.h
[1.012s] -- Up-to-date: /home/david/detection_ws/install/astra_camera_msgs/include/astra_camera_msgs/astra_camera_msgs/srv/detail
[1.012s] -- Up-to-date: /home/david/detection_ws/install/astra_camera_msgs/include/astra_camera_msgs/astra_camera_msgs/srv/detail/set_int32__functions.h
[1.013s] -- Up-to-date: /home/david/detection_ws/install/astra_camera_msgs/include/astra_camera_msgs/astra_camera_msgs/srv/detail/set_int32__type_support.h
[1.013s] -- Up-to-date: /home/david/detection_ws/install/astra_camera_msgs/include/astra_camera_msgs/astra_camera_msgs/srv/detail/get_camera_params__functions.c
[1.013s] -- Up-to-date: /home/david/detection_ws/install/astra_camera_msgs/include/astra_camera_msgs/astra_camera_msgs/srv/detail/get_camera_params__type_support.h
[1.013s] -- Up-to-date: /home/david/detection_ws/install/astra_camera_msgs/include/astra_camera_msgs/astra_camera_msgs/srv/detail/get_camera_params__functions.h
[1.013s] -- Up-to-date: /home/david/detection_ws/install/astra_camera_msgs/include/astra_camera_msgs/astra_camera_msgs/srv/detail/set_int32__functions.c
[1.013s] -- Up-to-date: /home/david/detection_ws/install/astra_camera_msgs/include/astra_camera_msgs/astra_camera_msgs/srv/detail/get_camera_params__struct.h
[1.013s] -- Up-to-date: /home/david/detection_ws/install/astra_camera_msgs/include/astra_camera_msgs/astra_camera_msgs/srv/detail/get_int32__type_support.h
[1.013s] -- Up-to-date: /home/david/detection_ws/install/astra_camera_msgs/include/astra_camera_msgs/astra_camera_msgs/srv/detail/get_camera_info__functions.h
[1.013s] -- Up-to-date: /home/david/detection_ws/install/astra_camera_msgs/include/astra_camera_msgs/astra_camera_msgs/srv/detail/get_int32__functions.h
[1.013s] -- Up-to-date: /home/david/detection_ws/install/astra_camera_msgs/include/astra_camera_msgs/astra_camera_msgs/srv/detail/get_device_info__struct.h
[1.013s] -- Up-to-date: /home/david/detection_ws/install/astra_camera_msgs/include/astra_camera_msgs/astra_camera_msgs/srv/detail/get_device_info__functions.c
[1.013s] -- Up-to-date: /home/david/detection_ws/install/astra_camera_msgs/include/astra_camera_msgs/astra_camera_msgs/srv/detail/get_string__functions.h
[1.013s] -- Up-to-date: /home/david/detection_ws/install/astra_camera_msgs/include/astra_camera_msgs/astra_camera_msgs/srv/detail/get_device_info__functions.h
[1.013s] -- Up-to-date: /home/david/detection_ws/install/astra_camera_msgs/include/astra_camera_msgs/astra_camera_msgs/srv/detail/get_string__functions.c
[1.014s] -- Up-to-date: /home/david/detection_ws/install/astra_camera_msgs/include/astra_camera_msgs/astra_camera_msgs/srv/detail/get_string__type_support.h
[1.014s] -- Up-to-date: /home/david/detection_ws/install/astra_camera_msgs/include/astra_camera_msgs/astra_camera_msgs/srv/detail/get_device_info__type_support.h
[1.014s] -- Up-to-date: /home/david/detection_ws/install/astra_camera_msgs/include/astra_camera_msgs/astra_camera_msgs/srv/detail/get_camera_info__functions.c
[1.014s] -- Up-to-date: /home/david/detection_ws/install/astra_camera_msgs/include/astra_camera_msgs/astra_camera_msgs/srv/detail/get_camera_info__struct.h
[1.014s] -- Up-to-date: /home/david/detection_ws/install/astra_camera_msgs/include/astra_camera_msgs/astra_camera_msgs/srv/detail/get_camera_info__type_support.h
[1.015s] -- Up-to-date: /home/david/detection_ws/install/astra_camera_msgs/include/astra_camera_msgs/astra_camera_msgs/srv/detail/get_int32__functions.c
[1.015s] -- Up-to-date: /home/david/detection_ws/install/astra_camera_msgs/include/astra_camera_msgs/astra_camera_msgs/srv/detail/get_string__struct.h
[1.015s] -- Up-to-date: /home/david/detection_ws/install/astra_camera_msgs/include/astra_camera_msgs/astra_camera_msgs/srv/detail/set_int32__struct.h
[1.015s] -- Up-to-date: /home/david/detection_ws/install/astra_camera_msgs/include/astra_camera_msgs/astra_camera_msgs/srv/detail/get_int32__struct.h
[1.016s] -- Up-to-date: /home/david/detection_ws/install/astra_camera_msgs/include/astra_camera_msgs/astra_camera_msgs/srv/get_int32.h
[1.016s] -- Up-to-date: /home/david/detection_ws/install/astra_camera_msgs/include/astra_camera_msgs/astra_camera_msgs/srv/set_int32.h
[1.016s] -- Up-to-date: /home/david/detection_ws/install/astra_camera_msgs/share/astra_camera_msgs/environment/library_path.sh
[1.016s] -- Up-to-date: /home/david/detection_ws/install/astra_camera_msgs/share/astra_camera_msgs/environment/library_path.dsv
[1.016s] -- Up-to-date: /home/david/detection_ws/install/astra_camera_msgs/lib/libastra_camera_msgs__rosidl_generator_c.so
[1.016s] -- Up-to-date: /home/david/detection_ws/install/astra_camera_msgs/include/astra_camera_msgs/astra_camera_msgs
[1.016s] -- Up-to-date: /home/david/detection_ws/install/astra_camera_msgs/include/astra_camera_msgs/astra_camera_msgs/msg
[1.016s] -- Up-to-date: /home/david/detection_ws/install/astra_camera_msgs/include/astra_camera_msgs/astra_camera_msgs/msg/rosidl_typesupport_fastrtps_c__visibility_control.h
[1.016s] -- Up-to-date: /home/david/detection_ws/install/astra_camera_msgs/include/astra_camera_msgs/astra_camera_msgs/msg/detail
[1.017s] -- Up-to-date: /home/david/detection_ws/install/astra_camera_msgs/include/astra_camera_msgs/astra_camera_msgs/msg/detail/metadata__rosidl_typesupport_fastrtps_c.h
[1.017s] -- Up-to-date: /home/david/detection_ws/install/astra_camera_msgs/include/astra_camera_msgs/astra_camera_msgs/msg/detail/device_info__rosidl_typesupport_fastrtps_c.h
[1.017s] -- Up-to-date: /home/david/detection_ws/install/astra_camera_msgs/include/astra_camera_msgs/astra_camera_msgs/msg/detail/extrinsics__rosidl_typesupport_fastrtps_c.h
[1.017s] -- Up-to-date: /home/david/detection_ws/install/astra_camera_msgs/include/astra_camera_msgs/astra_camera_msgs/srv
[1.017s] -- Up-to-date: /home/david/detection_ws/install/astra_camera_msgs/include/astra_camera_msgs/astra_camera_msgs/srv/detail
[1.017s] -- Up-to-date: /home/david/detection_ws/install/astra_camera_msgs/include/astra_camera_msgs/astra_camera_msgs/srv/detail/get_device_info__rosidl_typesupport_fastrtps_c.h
[1.018s] -- Up-to-date: /home/david/detection_ws/install/astra_camera_msgs/include/astra_camera_msgs/astra_camera_msgs/srv/detail/get_camera_info__rosidl_typesupport_fastrtps_c.h
[1.018s] -- Up-to-date: /home/david/detection_ws/install/astra_camera_msgs/include/astra_camera_msgs/astra_camera_msgs/srv/detail/get_string__rosidl_typesupport_fastrtps_c.h
[1.018s] -- Up-to-date: /home/david/detection_ws/install/astra_camera_msgs/include/astra_camera_msgs/astra_camera_msgs/srv/detail/set_int32__rosidl_typesupport_fastrtps_c.h
[1.018s] -- Up-to-date: /home/david/detection_ws/install/astra_camera_msgs/include/astra_camera_msgs/astra_camera_msgs/srv/detail/get_camera_params__rosidl_typesupport_fastrtps_c.h
[1.018s] -- Up-to-date: /home/david/detection_ws/install/astra_camera_msgs/include/astra_camera_msgs/astra_camera_msgs/srv/detail/get_int32__rosidl_typesupport_fastrtps_c.h
[1.019s] -- Up-to-date: /home/david/detection_ws/install/astra_camera_msgs/lib/libastra_camera_msgs__rosidl_typesupport_fastrtps_c.so
[1.019s] -- Up-to-date: /home/david/detection_ws/install/astra_camera_msgs/include/astra_camera_msgs/astra_camera_msgs
[1.019s] -- Up-to-date: /home/david/detection_ws/install/astra_camera_msgs/include/astra_camera_msgs/astra_camera_msgs/msg
[1.020s] -- Up-to-date: /home/david/detection_ws/install/astra_camera_msgs/include/astra_camera_msgs/astra_camera_msgs/msg/detail
[1.020s] -- Up-to-date: /home/david/detection_ws/install/astra_camera_msgs/include/astra_camera_msgs/astra_camera_msgs/msg/detail/device_info__rosidl_typesupport_introspection_c.h
[1.021s] -- Up-to-date: /home/david/detection_ws/install/astra_camera_msgs/include/astra_camera_msgs/astra_camera_msgs/msg/detail/extrinsics__type_support.c
[1.022s] -- Up-to-date: /home/david/detection_ws/install/astra_camera_msgs/include/astra_camera_msgs/astra_camera_msgs/msg/detail/extrinsics__rosidl_typesupport_introspection_c.h
[1.022s] -- Up-to-date: /home/david/detection_ws/install/astra_camera_msgs/include/astra_camera_msgs/astra_camera_msgs/msg/detail/device_info__type_support.c
[1.022s] -- Up-to-date: /home/david/detection_ws/install/astra_camera_msgs/include/astra_camera_msgs/astra_camera_msgs/msg/detail/metadata__type_support.c
[1.023s] -- Up-to-date: /home/david/detection_ws/install/astra_camera_msgs/include/astra_camera_msgs/astra_camera_msgs/msg/detail/metadata__rosidl_typesupport_introspection_c.h
[1.023s] -- Up-to-date: /home/david/detection_ws/install/astra_camera_msgs/include/astra_camera_msgs/astra_camera_msgs/msg/rosidl_typesupport_introspection_c__visibility_control.h
[1.023s] -- Up-to-date: /home/david/detection_ws/install/astra_camera_msgs/include/astra_camera_msgs/astra_camera_msgs/srv
[1.023s] -- Up-to-date: /home/david/detection_ws/install/astra_camera_msgs/include/astra_camera_msgs/astra_camera_msgs/srv/detail
[1.023s] -- Up-to-date: /home/david/detection_ws/install/astra_camera_msgs/include/astra_camera_msgs/astra_camera_msgs/srv/detail/set_int32__rosidl_typesupport_introspection_c.h
[1.024s] -- Up-to-date: /home/david/detection_ws/install/astra_camera_msgs/include/astra_camera_msgs/astra_camera_msgs/srv/detail/get_camera_params__rosidl_typesupport_introspection_c.h
[1.024s] -- Up-to-date: /home/david/detection_ws/install/astra_camera_msgs/include/astra_camera_msgs/astra_camera_msgs/srv/detail/get_device_info__type_support.c
[1.024s] -- Up-to-date: /home/david/detection_ws/install/astra_camera_msgs/include/astra_camera_msgs/astra_camera_msgs/srv/detail/get_device_info__rosidl_typesupport_introspection_c.h
[1.024s] -- Up-to-date: /home/david/detection_ws/install/astra_camera_msgs/include/astra_camera_msgs/astra_camera_msgs/srv/detail/set_int32__type_support.c
[1.024s] -- Up-to-date: /home/david/detection_ws/install/astra_camera_msgs/include/astra_camera_msgs/astra_camera_msgs/srv/detail/get_string__type_support.c
[1.025s] -- Up-to-date: /home/david/detection_ws/install/astra_camera_msgs/include/astra_camera_msgs/astra_camera_msgs/srv/detail/get_string__rosidl_typesupport_introspection_c.h
[1.025s] -- Up-to-date: /home/david/detection_ws/install/astra_camera_msgs/include/astra_camera_msgs/astra_camera_msgs/srv/detail/get_camera_info__type_support.c
[1.025s] -- Up-to-date: /home/david/detection_ws/install/astra_camera_msgs/include/astra_camera_msgs/astra_camera_msgs/srv/detail/get_camera_info__rosidl_typesupport_introspection_c.h
[1.025s] -- Up-to-date: /home/david/detection_ws/install/astra_camera_msgs/include/astra_camera_msgs/astra_camera_msgs/srv/detail/get_camera_params__type_support.c
[1.026s] -- Up-to-date: /home/david/detection_ws/install/astra_camera_msgs/include/astra_camera_msgs/astra_camera_msgs/srv/detail/get_int32__type_support.c
[1.026s] -- Up-to-date: /home/david/detection_ws/install/astra_camera_msgs/include/astra_camera_msgs/astra_camera_msgs/srv/detail/get_int32__rosidl_typesupport_introspection_c.h
[1.026s] -- Up-to-date: /home/david/detection_ws/install/astra_camera_msgs/lib/libastra_camera_msgs__rosidl_typesupport_introspection_c.so
[1.026s] -- Up-to-date: /home/david/detection_ws/install/astra_camera_msgs/lib/libastra_camera_msgs__rosidl_typesupport_c.so
[1.027s] -- Up-to-date: /home/david/detection_ws/install/astra_camera_msgs/include/astra_camera_msgs/astra_camera_msgs
[1.027s] -- Up-to-date: /home/david/detection_ws/install/astra_camera_msgs/include/astra_camera_msgs/astra_camera_msgs/msg
[1.027s] -- Up-to-date: /home/david/detection_ws/install/astra_camera_msgs/include/astra_camera_msgs/astra_camera_msgs/msg/extrinsics.hpp
[1.028s] -- Up-to-date: /home/david/detection_ws/install/astra_camera_msgs/include/astra_camera_msgs/astra_camera_msgs/msg/device_info.hpp
[1.028s] -- Up-to-date: /home/david/detection_ws/install/astra_camera_msgs/include/astra_camera_msgs/astra_camera_msgs/msg/rosidl_generator_cpp__visibility_control.hpp
[1.028s] -- Up-to-date: /home/david/detection_ws/install/astra_camera_msgs/include/astra_camera_msgs/astra_camera_msgs/msg/metadata.hpp
[1.028s] -- Up-to-date: /home/david/detection_ws/install/astra_camera_msgs/include/astra_camera_msgs/astra_camera_msgs/msg/detail
[1.028s] -- Up-to-date: /home/david/detection_ws/install/astra_camera_msgs/include/astra_camera_msgs/astra_camera_msgs/msg/detail/device_info__struct.hpp
[1.029s] -- Up-to-date: /home/david/detection_ws/install/astra_camera_msgs/include/astra_camera_msgs/astra_camera_msgs/msg/detail/metadata__struct.hpp
[1.029s] -- Up-to-date: /home/david/detection_ws/install/astra_camera_msgs/include/astra_camera_msgs/astra_camera_msgs/msg/detail/device_info__builder.hpp
[1.029s] -- Up-to-date: /home/david/detection_ws/install/astra_camera_msgs/include/astra_camera_msgs/astra_camera_msgs/msg/detail/metadata__builder.hpp
[1.029s] -- Up-to-date: /home/david/detection_ws/install/astra_camera_msgs/include/astra_camera_msgs/astra_camera_msgs/msg/detail/device_info__type_support.hpp
[1.030s] -- Up-to-date: /home/david/detection_ws/install/astra_camera_msgs/include/astra_camera_msgs/astra_camera_msgs/msg/detail/extrinsics__struct.hpp
[1.030s] -- Up-to-date: /home/david/detection_ws/install/astra_camera_msgs/include/astra_camera_msgs/astra_camera_msgs/msg/detail/extrinsics__builder.hpp
[1.030s] -- Up-to-date: /home/david/detection_ws/install/astra_camera_msgs/include/astra_camera_msgs/astra_camera_msgs/msg/detail/metadata__traits.hpp
[1.030s] -- Up-to-date: /home/david/detection_ws/install/astra_camera_msgs/include/astra_camera_msgs/astra_camera_msgs/msg/detail/extrinsics__traits.hpp
[1.030s] -- Up-to-date: /home/david/detection_ws/install/astra_camera_msgs/include/astra_camera_msgs/astra_camera_msgs/msg/detail/metadata__type_support.hpp
[1.031s] -- Up-to-date: /home/david/detection_ws/install/astra_camera_msgs/include/astra_camera_msgs/astra_camera_msgs/msg/detail/extrinsics__type_support.hpp
[1.031s] -- Up-to-date: /home/david/detection_ws/install/astra_camera_msgs/include/astra_camera_msgs/astra_camera_msgs/msg/detail/device_info__traits.hpp
[1.031s] -- Up-to-date: /home/david/detection_ws/install/astra_camera_msgs/include/astra_camera_msgs/astra_camera_msgs/srv
[1.032s] -- Up-to-date: /home/david/detection_ws/install/astra_camera_msgs/include/astra_camera_msgs/astra_camera_msgs/srv/get_int32.hpp
[1.032s] -- Up-to-date: /home/david/detection_ws/install/astra_camera_msgs/include/astra_camera_msgs/astra_camera_msgs/srv/get_string.hpp
[1.032s] -- Up-to-date: /home/david/detection_ws/install/astra_camera_msgs/include/astra_camera_msgs/astra_camera_msgs/srv/set_int32.hpp
[1.032s] -- Up-to-date: /home/david/detection_ws/install/astra_camera_msgs/include/astra_camera_msgs/astra_camera_msgs/srv/get_device_info.hpp
[1.032s] -- Up-to-date: /home/david/detection_ws/install/astra_camera_msgs/include/astra_camera_msgs/astra_camera_msgs/srv/get_camera_params.hpp
[1.033s] -- Up-to-date: /home/david/detection_ws/install/astra_camera_msgs/include/astra_camera_msgs/astra_camera_msgs/srv/get_camera_info.hpp
[1.033s] -- Up-to-date: /home/david/detection_ws/install/astra_camera_msgs/include/astra_camera_msgs/astra_camera_msgs/srv/detail
[1.034s] -- Up-to-date: /home/david/detection_ws/install/astra_camera_msgs/include/astra_camera_msgs/astra_camera_msgs/srv/detail/get_int32__builder.hpp
[1.034s] -- Up-to-date: /home/david/detection_ws/install/astra_camera_msgs/include/astra_camera_msgs/astra_camera_msgs/srv/detail/get_camera_info__traits.hpp
[1.034s] -- Up-to-date: /home/david/detection_ws/install/astra_camera_msgs/include/astra_camera_msgs/astra_camera_msgs/srv/detail/get_camera_params__traits.hpp
[1.034s] -- Up-to-date: /home/david/detection_ws/install/astra_camera_msgs/include/astra_camera_msgs/astra_camera_msgs/srv/detail/get_camera_info__struct.hpp
[1.035s] -- Up-to-date: /home/david/detection_ws/install/astra_camera_msgs/include/astra_camera_msgs/astra_camera_msgs/srv/detail/get_int32__struct.hpp
[1.035s] -- Up-to-date: /home/david/detection_ws/install/astra_camera_msgs/include/astra_camera_msgs/astra_camera_msgs/srv/detail/get_device_info__struct.hpp
[1.035s] -- Up-to-date: /home/david/detection_ws/install/astra_camera_msgs/include/astra_camera_msgs/astra_camera_msgs/srv/detail/get_device_info__traits.hpp
[1.035s] -- Up-to-date: /home/david/detection_ws/install/astra_camera_msgs/include/astra_camera_msgs/astra_camera_msgs/srv/detail/set_int32__traits.hpp
[1.036s] -- Up-to-date: /home/david/detection_ws/install/astra_camera_msgs/include/astra_camera_msgs/astra_camera_msgs/srv/detail/get_int32__type_support.hpp
[1.036s] -- Up-to-date: /home/david/detection_ws/install/astra_camera_msgs/include/astra_camera_msgs/astra_camera_msgs/srv/detail/get_camera_info__type_support.hpp
[1.036s] -- Up-to-date: /home/david/detection_ws/install/astra_camera_msgs/include/astra_camera_msgs/astra_camera_msgs/srv/detail/get_device_info__type_support.hpp
[1.036s] -- Up-to-date: /home/david/detection_ws/install/astra_camera_msgs/include/astra_camera_msgs/astra_camera_msgs/srv/detail/get_camera_params__struct.hpp
[1.036s] -- Up-to-date: /home/david/detection_ws/install/astra_camera_msgs/include/astra_camera_msgs/astra_camera_msgs/srv/detail/get_string__type_support.hpp
[1.036s] -- Up-to-date: /home/david/detection_ws/install/astra_camera_msgs/include/astra_camera_msgs/astra_camera_msgs/srv/detail/get_string__struct.hpp
[1.036s] -- Up-to-date: /home/david/detection_ws/install/astra_camera_msgs/include/astra_camera_msgs/astra_camera_msgs/srv/detail/get_string__builder.hpp
[1.037s] -- Up-to-date: /home/david/detection_ws/install/astra_camera_msgs/include/astra_camera_msgs/astra_camera_msgs/srv/detail/set_int32__type_support.hpp
[1.037s] -- Up-to-date: /home/david/detection_ws/install/astra_camera_msgs/include/astra_camera_msgs/astra_camera_msgs/srv/detail/get_camera_params__type_support.hpp
[1.037s] -- Up-to-date: /home/david/detection_ws/install/astra_camera_msgs/include/astra_camera_msgs/astra_camera_msgs/srv/detail/get_camera_info__builder.hpp
[1.037s] -- Up-to-date: /home/david/detection_ws/install/astra_camera_msgs/include/astra_camera_msgs/astra_camera_msgs/srv/detail/get_int32__traits.hpp
[1.038s] -- Up-to-date: /home/david/detection_ws/install/astra_camera_msgs/include/astra_camera_msgs/astra_camera_msgs/srv/detail/get_string__traits.hpp
[1.038s] -- Up-to-date: /home/david/detection_ws/install/astra_camera_msgs/include/astra_camera_msgs/astra_camera_msgs/srv/detail/set_int32__builder.hpp
[1.038s] -- Up-to-date: /home/david/detection_ws/install/astra_camera_msgs/include/astra_camera_msgs/astra_camera_msgs/srv/detail/set_int32__struct.hpp
[1.039s] -- Up-to-date: /home/david/detection_ws/install/astra_camera_msgs/include/astra_camera_msgs/astra_camera_msgs/srv/detail/get_camera_params__builder.hpp
[1.040s] -- Up-to-date: /home/david/detection_ws/install/astra_camera_msgs/include/astra_camera_msgs/astra_camera_msgs/srv/detail/get_device_info__builder.hpp
[1.040s] -- Up-to-date: /home/david/detection_ws/install/astra_camera_msgs/include/astra_camera_msgs/astra_camera_msgs
[1.040s] -- Up-to-date: /home/david/detection_ws/install/astra_camera_msgs/include/astra_camera_msgs/astra_camera_msgs/msg
[1.040s] -- Up-to-date: /home/david/detection_ws/install/astra_camera_msgs/include/astra_camera_msgs/astra_camera_msgs/msg/rosidl_typesupport_fastrtps_cpp__visibility_control.h
[1.040s] -- Up-to-date: /home/david/detection_ws/install/astra_camera_msgs/include/astra_camera_msgs/astra_camera_msgs/msg/detail
[1.040s] -- Up-to-date: /home/david/detection_ws/install/astra_camera_msgs/include/astra_camera_msgs/astra_camera_msgs/msg/detail/extrinsics__rosidl_typesupport_fastrtps_cpp.hpp
[1.040s] -- Up-to-date: /home/david/detection_ws/install/astra_camera_msgs/include/astra_camera_msgs/astra_camera_msgs/msg/detail/dds_fastrtps
[1.040s] -- Up-to-date: /home/david/detection_ws/install/astra_camera_msgs/include/astra_camera_msgs/astra_camera_msgs/msg/detail/metadata__rosidl_typesupport_fastrtps_cpp.hpp
[1.040s] -- Up-to-date: /home/david/detection_ws/install/astra_camera_msgs/include/astra_camera_msgs/astra_camera_msgs/msg/detail/device_info__rosidl_typesupport_fastrtps_cpp.hpp
[1.040s] -- Up-to-date: /home/david/detection_ws/install/astra_camera_msgs/include/astra_camera_msgs/astra_camera_msgs/srv
[1.041s] -- Up-to-date: /home/david/detection_ws/install/astra_camera_msgs/include/astra_camera_msgs/astra_camera_msgs/srv/detail
[1.041s] -- Up-to-date: /home/david/detection_ws/install/astra_camera_msgs/include/astra_camera_msgs/astra_camera_msgs/srv/detail/get_int32__rosidl_typesupport_fastrtps_cpp.hpp
[1.041s] -- Up-to-date: /home/david/detection_ws/install/astra_camera_msgs/include/astra_camera_msgs/astra_camera_msgs/srv/detail/get_camera_info__rosidl_typesupport_fastrtps_cpp.hpp
[1.041s] -- Up-to-date: /home/david/detection_ws/install/astra_camera_msgs/include/astra_camera_msgs/astra_camera_msgs/srv/detail/dds_fastrtps
[1.042s] -- Up-to-date: /home/david/detection_ws/install/astra_camera_msgs/include/astra_camera_msgs/astra_camera_msgs/srv/detail/get_camera_params__rosidl_typesupport_fastrtps_cpp.hpp
[1.042s] -- Up-to-date: /home/david/detection_ws/install/astra_camera_msgs/include/astra_camera_msgs/astra_camera_msgs/srv/detail/get_device_info__rosidl_typesupport_fastrtps_cpp.hpp
[1.042s] -- Up-to-date: /home/david/detection_ws/install/astra_camera_msgs/include/astra_camera_msgs/astra_camera_msgs/srv/detail/get_string__rosidl_typesupport_fastrtps_cpp.hpp
[1.042s] -- Up-to-date: /home/david/detection_ws/install/astra_camera_msgs/include/astra_camera_msgs/astra_camera_msgs/srv/detail/set_int32__rosidl_typesupport_fastrtps_cpp.hpp
[1.042s] -- Up-to-date: /home/david/detection_ws/install/astra_camera_msgs/lib/libastra_camera_msgs__rosidl_typesupport_fastrtps_cpp.so
[1.042s] -- Up-to-date: /home/david/detection_ws/install/astra_camera_msgs/include/astra_camera_msgs/astra_camera_msgs
[1.042s] -- Up-to-date: /home/david/detection_ws/install/astra_camera_msgs/include/astra_camera_msgs/astra_camera_msgs/msg
[1.042s] -- Up-to-date: /home/david/detection_ws/install/astra_camera_msgs/include/astra_camera_msgs/astra_camera_msgs/msg/detail
[1.043s] -- Up-to-date: /home/david/detection_ws/install/astra_camera_msgs/include/astra_camera_msgs/astra_camera_msgs/msg/detail/extrinsics__type_support.cpp
[1.043s] -- Up-to-date: /home/david/detection_ws/install/astra_camera_msgs/include/astra_camera_msgs/astra_camera_msgs/msg/detail/device_info__type_support.cpp
[1.043s] -- Up-to-date: /home/david/detection_ws/install/astra_camera_msgs/include/astra_camera_msgs/astra_camera_msgs/msg/detail/device_info__rosidl_typesupport_introspection_cpp.hpp
[1.043s] -- Up-to-date: /home/david/detection_ws/install/astra_camera_msgs/include/astra_camera_msgs/astra_camera_msgs/msg/detail/extrinsics__rosidl_typesupport_introspection_cpp.hpp
[1.043s] -- Up-to-date: /home/david/detection_ws/install/astra_camera_msgs/include/astra_camera_msgs/astra_camera_msgs/msg/detail/metadata__rosidl_typesupport_introspection_cpp.hpp
[1.043s] -- Up-to-date: /home/david/detection_ws/install/astra_camera_msgs/include/astra_camera_msgs/astra_camera_msgs/msg/detail/metadata__type_support.cpp
[1.043s] -- Up-to-date: /home/david/detection_ws/install/astra_camera_msgs/include/astra_camera_msgs/astra_camera_msgs/srv
[1.043s] -- Up-to-date: /home/david/detection_ws/install/astra_camera_msgs/include/astra_camera_msgs/astra_camera_msgs/srv/detail
[1.043s] -- Up-to-date: /home/david/detection_ws/install/astra_camera_msgs/include/astra_camera_msgs/astra_camera_msgs/srv/detail/get_int32__type_support.cpp
[1.043s] -- Up-to-date: /home/david/detection_ws/install/astra_camera_msgs/include/astra_camera_msgs/astra_camera_msgs/srv/detail/set_int32__type_support.cpp
[1.043s] -- Up-to-date: /home/david/detection_ws/install/astra_camera_msgs/include/astra_camera_msgs/astra_camera_msgs/srv/detail/get_camera_info__type_support.cpp
[1.043s] -- Up-to-date: /home/david/detection_ws/install/astra_camera_msgs/include/astra_camera_msgs/astra_camera_msgs/srv/detail/get_camera_info__rosidl_typesupport_introspection_cpp.hpp
[1.043s] -- Up-to-date: /home/david/detection_ws/install/astra_camera_msgs/include/astra_camera_msgs/astra_camera_msgs/srv/detail/get_string__type_support.cpp
[1.043s] -- Up-to-date: /home/david/detection_ws/install/astra_camera_msgs/include/astra_camera_msgs/astra_camera_msgs/srv/detail/set_int32__rosidl_typesupport_introspection_cpp.hpp
[1.043s] -- Up-to-date: /home/david/detection_ws/install/astra_camera_msgs/include/astra_camera_msgs/astra_camera_msgs/srv/detail/get_device_info__rosidl_typesupport_introspection_cpp.hpp
[1.043s] -- Up-to-date: /home/david/detection_ws/install/astra_camera_msgs/include/astra_camera_msgs/astra_camera_msgs/srv/detail/get_int32__rosidl_typesupport_introspection_cpp.hpp
[1.043s] -- Up-to-date: /home/david/detection_ws/install/astra_camera_msgs/include/astra_camera_msgs/astra_camera_msgs/srv/detail/get_camera_params__rosidl_typesupport_introspection_cpp.hpp
[1.044s] -- Up-to-date: /home/david/detection_ws/install/astra_camera_msgs/include/astra_camera_msgs/astra_camera_msgs/srv/detail/get_string__rosidl_typesupport_introspection_cpp.hpp
[1.044s] -- Up-to-date: /home/david/detection_ws/install/astra_camera_msgs/include/astra_camera_msgs/astra_camera_msgs/srv/detail/get_device_info__type_support.cpp
[1.044s] -- Up-to-date: /home/david/detection_ws/install/astra_camera_msgs/include/astra_camera_msgs/astra_camera_msgs/srv/detail/get_camera_params__type_support.cpp
[1.044s] -- Up-to-date: /home/david/detection_ws/install/astra_camera_msgs/lib/libastra_camera_msgs__rosidl_typesupport_introspection_cpp.so
[1.044s] -- Up-to-date: /home/david/detection_ws/install/astra_camera_msgs/lib/libastra_camera_msgs__rosidl_typesupport_cpp.so
[1.044s] -- Up-to-date: /home/david/detection_ws/install/astra_camera_msgs/share/astra_camera_msgs/environment/pythonpath.sh
[1.044s] -- Up-to-date: /home/david/detection_ws/install/astra_camera_msgs/share/astra_camera_msgs/environment/pythonpath.dsv
[1.044s] -- Up-to-date: /home/david/detection_ws/install/astra_camera_msgs/lib/python3.10/site-packages/astra_camera_msgs-1.0.1-py3.10.egg-info
[1.044s] -- Installing: /home/david/detection_ws/install/astra_camera_msgs/lib/python3.10/site-packages/astra_camera_msgs-1.0.1-py3.10.egg-info/PKG-INFO
[1.044s] -- Installing: /home/david/detection_ws/install/astra_camera_msgs/lib/python3.10/site-packages/astra_camera_msgs-1.0.1-py3.10.egg-info/SOURCES.txt
[1.044s] -- Installing: /home/david/detection_ws/install/astra_camera_msgs/lib/python3.10/site-packages/astra_camera_msgs-1.0.1-py3.10.egg-info/dependency_links.txt
[1.044s] -- Installing: /home/david/detection_ws/install/astra_camera_msgs/lib/python3.10/site-packages/astra_camera_msgs-1.0.1-py3.10.egg-info/top_level.txt
[1.044s] -- Up-to-date: /home/david/detection_ws/install/astra_camera_msgs/lib/python3.10/site-packages/astra_camera_msgs
[1.044s] -- Up-to-date: /home/david/detection_ws/install/astra_camera_msgs/lib/python3.10/site-packages/astra_camera_msgs/_astra_camera_msgs_s.ep.rosidl_typesupport_c.c
[1.044s] -- Up-to-date: /home/david/detection_ws/install/astra_camera_msgs/lib/python3.10/site-packages/astra_camera_msgs/msg
[1.044s] -- Up-to-date: /home/david/detection_ws/install/astra_camera_msgs/lib/python3.10/site-packages/astra_camera_msgs/msg/_extrinsics.py
[1.044s] -- Up-to-date: /home/david/detection_ws/install/astra_camera_msgs/lib/python3.10/site-packages/astra_camera_msgs/msg/_extrinsics_s.c
[1.044s] -- Up-to-date: /home/david/detection_ws/install/astra_camera_msgs/lib/python3.10/site-packages/astra_camera_msgs/msg/_metadata.py
[1.045s] -- Up-to-date: /home/david/detection_ws/install/astra_camera_msgs/lib/python3.10/site-packages/astra_camera_msgs/msg/_device_info_s.c
[1.045s] -- Up-to-date: /home/david/detection_ws/install/astra_camera_msgs/lib/python3.10/site-packages/astra_camera_msgs/msg/_device_info.py
[1.045s] -- Up-to-date: /home/david/detection_ws/install/astra_camera_msgs/lib/python3.10/site-packages/astra_camera_msgs/msg/_metadata_s.c
[1.045s] -- Up-to-date: /home/david/detection_ws/install/astra_camera_msgs/lib/python3.10/site-packages/astra_camera_msgs/msg/__init__.py
[1.045s] -- Up-to-date: /home/david/detection_ws/install/astra_camera_msgs/lib/python3.10/site-packages/astra_camera_msgs/srv
[1.046s] -- Up-to-date: /home/david/detection_ws/install/astra_camera_msgs/lib/python3.10/site-packages/astra_camera_msgs/srv/_get_camera_params.py
[1.046s] -- Up-to-date: /home/david/detection_ws/install/astra_camera_msgs/lib/python3.10/site-packages/astra_camera_msgs/srv/_get_string.py
[1.046s] -- Up-to-date: /home/david/detection_ws/install/astra_camera_msgs/lib/python3.10/site-packages/astra_camera_msgs/srv/_get_int32.py
[1.046s] -- Up-to-date: /home/david/detection_ws/install/astra_camera_msgs/lib/python3.10/site-packages/astra_camera_msgs/srv/_get_device_info_s.c
[1.046s] -- Up-to-date: /home/david/detection_ws/install/astra_camera_msgs/lib/python3.10/site-packages/astra_camera_msgs/srv/_set_int32.py
[1.046s] -- Up-to-date: /home/david/detection_ws/install/astra_camera_msgs/lib/python3.10/site-packages/astra_camera_msgs/srv/_get_string_s.c
[1.046s] -- Up-to-date: /home/david/detection_ws/install/astra_camera_msgs/lib/python3.10/site-packages/astra_camera_msgs/srv/_get_camera_info_s.c
[1.046s] -- Up-to-date: /home/david/detection_ws/install/astra_camera_msgs/lib/python3.10/site-packages/astra_camera_msgs/srv/_get_camera_params_s.c
[1.047s] -- Up-to-date: /home/david/detection_ws/install/astra_camera_msgs/lib/python3.10/site-packages/astra_camera_msgs/srv/_get_camera_info.py
[1.047s] -- Up-to-date: /home/david/detection_ws/install/astra_camera_msgs/lib/python3.10/site-packages/astra_camera_msgs/srv/_set_int32_s.c
[1.047s] -- Up-to-date: /home/david/detection_ws/install/astra_camera_msgs/lib/python3.10/site-packages/astra_camera_msgs/srv/_get_int32_s.c
[1.048s] -- Up-to-date: /home/david/detection_ws/install/astra_camera_msgs/lib/python3.10/site-packages/astra_camera_msgs/srv/__init__.py
[1.048s] -- Up-to-date: /home/david/detection_ws/install/astra_camera_msgs/lib/python3.10/site-packages/astra_camera_msgs/srv/_get_device_info.py
[1.048s] -- Up-to-date: /home/david/detection_ws/install/astra_camera_msgs/lib/python3.10/site-packages/astra_camera_msgs/astra_camera_msgs_s__rosidl_typesupport_introspection_c.cpython-310-x86_64-linux-gnu.so
[1.048s] -- Up-to-date: /home/david/detection_ws/install/astra_camera_msgs/lib/python3.10/site-packages/astra_camera_msgs/astra_camera_msgs_s__rosidl_typesupport_c.cpython-310-x86_64-linux-gnu.so
[1.048s] -- Up-to-date: /home/david/detection_ws/install/astra_camera_msgs/lib/python3.10/site-packages/astra_camera_msgs/libastra_camera_msgs__rosidl_generator_py.so
[1.048s] -- Up-to-date: /home/david/detection_ws/install/astra_camera_msgs/lib/python3.10/site-packages/astra_camera_msgs/astra_camera_msgs_s__rosidl_typesupport_fastrtps_c.cpython-310-x86_64-linux-gnu.so
[1.048s] -- Up-to-date: /home/david/detection_ws/install/astra_camera_msgs/lib/python3.10/site-packages/astra_camera_msgs/_astra_camera_msgs_s.ep.rosidl_typesupport_introspection_c.c
[1.048s] -- Up-to-date: /home/david/detection_ws/install/astra_camera_msgs/lib/python3.10/site-packages/astra_camera_msgs/__init__.py
[1.048s] -- Up-to-date: /home/david/detection_ws/install/astra_camera_msgs/lib/python3.10/site-packages/astra_camera_msgs/_astra_camera_msgs_s.ep.rosidl_typesupport_fastrtps_c.c
[1.096s] Listing '/home/david/detection_ws/install/astra_camera_msgs/lib/python3.10/site-packages/astra_camera_msgs'...
[1.096s] Listing '/home/david/detection_ws/install/astra_camera_msgs/lib/python3.10/site-packages/astra_camera_msgs/msg'...
[1.096s] Listing '/home/david/detection_ws/install/astra_camera_msgs/lib/python3.10/site-packages/astra_camera_msgs/srv'...
[1.103s] -- Up-to-date: /home/david/detection_ws/install/astra_camera_msgs/lib/python3.10/site-packages/astra_camera_msgs/astra_camera_msgs_s__rosidl_typesupport_fastrtps_c.cpython-310-x86_64-linux-gnu.so
[1.105s] -- Up-to-date: /home/david/detection_ws/install/astra_camera_msgs/lib/python3.10/site-packages/astra_camera_msgs/astra_camera_msgs_s__rosidl_typesupport_introspection_c.cpython-310-x86_64-linux-gnu.so
[1.106s] -- Up-to-date: /home/david/detection_ws/install/astra_camera_msgs/lib/python3.10/site-packages/astra_camera_msgs/astra_camera_msgs_s__rosidl_typesupport_c.cpython-310-x86_64-linux-gnu.so
[1.107s] -- Up-to-date: /home/david/detection_ws/install/astra_camera_msgs/lib/libastra_camera_msgs__rosidl_generator_py.so
[1.108s] -- Up-to-date: /home/david/detection_ws/install/astra_camera_msgs/share/astra_camera_msgs/msg/DeviceInfo.idl
[1.109s] -- Up-to-date: /home/david/detection_ws/install/astra_camera_msgs/share/astra_camera_msgs/msg/Extrinsics.idl
[1.109s] -- Up-to-date: /home/david/detection_ws/install/astra_camera_msgs/share/astra_camera_msgs/msg/Metadata.idl
[1.109s] -- Up-to-date: /home/david/detection_ws/install/astra_camera_msgs/share/astra_camera_msgs/srv/GetDeviceInfo.idl
[1.110s] -- Up-to-date: /home/david/detection_ws/install/astra_camera_msgs/share/astra_camera_msgs/srv/GetCameraInfo.idl
[1.110s] -- Up-to-date: /home/david/detection_ws/install/astra_camera_msgs/share/astra_camera_msgs/srv/GetCameraParams.idl
[1.110s] -- Up-to-date: /home/david/detection_ws/install/astra_camera_msgs/share/astra_camera_msgs/srv/GetInt32.idl
[1.110s] -- Up-to-date: /home/david/detection_ws/install/astra_camera_msgs/share/astra_camera_msgs/srv/GetString.idl
[1.111s] -- Up-to-date: /home/david/detection_ws/install/astra_camera_msgs/share/astra_camera_msgs/srv/SetInt32.idl
[1.111s] -- Up-to-date: /home/david/detection_ws/install/astra_camera_msgs/share/astra_camera_msgs/msg/DeviceInfo.msg
[1.111s] -- Up-to-date: /home/david/detection_ws/install/astra_camera_msgs/share/astra_camera_msgs/msg/Extrinsics.msg
[1.111s] -- Up-to-date: /home/david/detection_ws/install/astra_camera_msgs/share/astra_camera_msgs/msg/Metadata.msg
[1.111s] -- Up-to-date: /home/david/detection_ws/install/astra_camera_msgs/share/astra_camera_msgs/srv/GetDeviceInfo.srv
[1.112s] -- Up-to-date: /home/david/detection_ws/install/astra_camera_msgs/share/astra_camera_msgs/srv/GetDeviceInfo_Request.msg
[1.112s] -- Up-to-date: /home/david/detection_ws/install/astra_camera_msgs/share/astra_camera_msgs/srv/GetDeviceInfo_Response.msg
[1.112s] -- Up-to-date: /home/david/detection_ws/install/astra_camera_msgs/share/astra_camera_msgs/srv/GetCameraInfo.srv
[1.112s] -- Up-to-date: /home/david/detection_ws/install/astra_camera_msgs/share/astra_camera_msgs/srv/GetCameraInfo_Request.msg
[1.112s] -- Up-to-date: /home/david/detection_ws/install/astra_camera_msgs/share/astra_camera_msgs/srv/GetCameraInfo_Response.msg
[1.113s] -- Up-to-date: /home/david/detection_ws/install/astra_camera_msgs/share/astra_camera_msgs/srv/GetCameraParams.srv
[1.113s] -- Up-to-date: /home/david/detection_ws/install/astra_camera_msgs/share/astra_camera_msgs/srv/GetCameraParams_Request.msg
[1.113s] -- Up-to-date: /home/david/detection_ws/install/astra_camera_msgs/share/astra_camera_msgs/srv/GetCameraParams_Response.msg
[1.113s] -- Up-to-date: /home/david/detection_ws/install/astra_camera_msgs/share/astra_camera_msgs/srv/GetInt32.srv
[1.113s] -- Up-to-date: /home/david/detection_ws/install/astra_camera_msgs/share/astra_camera_msgs/srv/GetInt32_Request.msg
[1.113s] -- Up-to-date: /home/david/detection_ws/install/astra_camera_msgs/share/astra_camera_msgs/srv/GetInt32_Response.msg
[1.114s] -- Up-to-date: /home/david/detection_ws/install/astra_camera_msgs/share/astra_camera_msgs/srv/GetString.srv
[1.114s] -- Up-to-date: /home/david/detection_ws/install/astra_camera_msgs/share/astra_camera_msgs/srv/GetString_Request.msg
[1.114s] -- Up-to-date: /home/david/detection_ws/install/astra_camera_msgs/share/astra_camera_msgs/srv/GetString_Response.msg
[1.115s] -- Up-to-date: /home/david/detection_ws/install/astra_camera_msgs/share/astra_camera_msgs/srv/SetInt32.srv
[1.115s] -- Up-to-date: /home/david/detection_ws/install/astra_camera_msgs/share/astra_camera_msgs/srv/SetInt32_Request.msg
[1.115s] -- Up-to-date: /home/david/detection_ws/install/astra_camera_msgs/share/astra_camera_msgs/srv/SetInt32_Response.msg
[1.115s] -- Up-to-date: /home/david/detection_ws/install/astra_camera_msgs/share/ament_index/resource_index/package_run_dependencies/astra_camera_msgs
[1.116s] -- Up-to-date: /home/david/detection_ws/install/astra_camera_msgs/share/ament_index/resource_index/parent_prefix_path/astra_camera_msgs
[1.116s] -- Up-to-date: /home/david/detection_ws/install/astra_camera_msgs/share/astra_camera_msgs/environment/ament_prefix_path.sh
[1.116s] -- Up-to-date: /home/david/detection_ws/install/astra_camera_msgs/share/astra_camera_msgs/environment/ament_prefix_path.dsv
[1.116s] -- Up-to-date: /home/david/detection_ws/install/astra_camera_msgs/share/astra_camera_msgs/environment/path.sh
[1.116s] -- Up-to-date: /home/david/detection_ws/install/astra_camera_msgs/share/astra_camera_msgs/environment/path.dsv
[1.116s] -- Up-to-date: /home/david/detection_ws/install/astra_camera_msgs/share/astra_camera_msgs/local_setup.bash
[1.116s] -- Up-to-date: /home/david/detection_ws/install/astra_camera_msgs/share/astra_camera_msgs/local_setup.sh
[1.116s] -- Up-to-date: /home/david/detection_ws/install/astra_camera_msgs/share/astra_camera_msgs/local_setup.zsh
[1.116s] -- Up-to-date: /home/david/detection_ws/install/astra_camera_msgs/share/astra_camera_msgs/local_setup.dsv
[1.116s] -- Installing: /home/david/detection_ws/install/astra_camera_msgs/share/astra_camera_msgs/package.dsv
[1.116s] -- Up-to-date: /home/david/detection_ws/install/astra_camera_msgs/share/ament_index/resource_index/packages/astra_camera_msgs
[1.118s] -- Up-to-date: /home/david/detection_ws/install/astra_camera_msgs/share/astra_camera_msgs/cmake/export_astra_camera_msgs__rosidl_generator_cExport.cmake
[1.118s] -- Up-to-date: /home/david/detection_ws/install/astra_camera_msgs/share/astra_camera_msgs/cmake/export_astra_camera_msgs__rosidl_generator_cExport-noconfig.cmake
[1.119s] -- Up-to-date: /home/david/detection_ws/install/astra_camera_msgs/share/astra_camera_msgs/cmake/export_astra_camera_msgs__rosidl_typesupport_fastrtps_cExport.cmake
[1.119s] -- Up-to-date: /home/david/detection_ws/install/astra_camera_msgs/share/astra_camera_msgs/cmake/export_astra_camera_msgs__rosidl_typesupport_fastrtps_cExport-noconfig.cmake
[1.119s] -- Up-to-date: /home/david/detection_ws/install/astra_camera_msgs/share/astra_camera_msgs/cmake/astra_camera_msgs__rosidl_typesupport_introspection_cExport.cmake
[1.120s] -- Up-to-date: /home/david/detection_ws/install/astra_camera_msgs/share/astra_camera_msgs/cmake/astra_camera_msgs__rosidl_typesupport_introspection_cExport-noconfig.cmake
[1.121s] -- Up-to-date: /home/david/detection_ws/install/astra_camera_msgs/share/astra_camera_msgs/cmake/astra_camera_msgs__rosidl_typesupport_cExport.cmake
[1.121s] -- Up-to-date: /home/david/detection_ws/install/astra_camera_msgs/share/astra_camera_msgs/cmake/astra_camera_msgs__rosidl_typesupport_cExport-noconfig.cmake
[1.122s] -- Up-to-date: /home/david/detection_ws/install/astra_camera_msgs/share/astra_camera_msgs/cmake/export_astra_camera_msgs__rosidl_generator_cppExport.cmake
[1.123s] -- Up-to-date: /home/david/detection_ws/install/astra_camera_msgs/share/astra_camera_msgs/cmake/export_astra_camera_msgs__rosidl_typesupport_fastrtps_cppExport.cmake
[1.123s] -- Up-to-date: /home/david/detection_ws/install/astra_camera_msgs/share/astra_camera_msgs/cmake/export_astra_camera_msgs__rosidl_typesupport_fastrtps_cppExport-noconfig.cmake
[1.124s] -- Up-to-date: /home/david/detection_ws/install/astra_camera_msgs/share/astra_camera_msgs/cmake/astra_camera_msgs__rosidl_typesupport_introspection_cppExport.cmake
[1.124s] -- Up-to-date: /home/david/detection_ws/install/astra_camera_msgs/share/astra_camera_msgs/cmake/astra_camera_msgs__rosidl_typesupport_introspection_cppExport-noconfig.cmake
[1.125s] -- Up-to-date: /home/david/detection_ws/install/astra_camera_msgs/share/astra_camera_msgs/cmake/astra_camera_msgs__rosidl_typesupport_cppExport.cmake
[1.125s] -- Up-to-date: /home/david/detection_ws/install/astra_camera_msgs/share/astra_camera_msgs/cmake/astra_camera_msgs__rosidl_typesupport_cppExport-noconfig.cmake
[1.126s] -- Up-to-date: /home/david/detection_ws/install/astra_camera_msgs/share/astra_camera_msgs/cmake/export_astra_camera_msgs__rosidl_generator_pyExport.cmake
[1.127s] -- Up-to-date: /home/david/detection_ws/install/astra_camera_msgs/share/astra_camera_msgs/cmake/export_astra_camera_msgs__rosidl_generator_pyExport-noconfig.cmake
[1.127s] -- Up-to-date: /home/david/detection_ws/install/astra_camera_msgs/share/astra_camera_msgs/cmake/rosidl_cmake-extras.cmake
[1.127s] -- Up-to-date: /home/david/detection_ws/install/astra_camera_msgs/share/astra_camera_msgs/cmake/ament_cmake_export_dependencies-extras.cmake
[1.127s] -- Up-to-date: /home/david/detection_ws/install/astra_camera_msgs/share/astra_camera_msgs/cmake/ament_cmake_export_include_directories-extras.cmake
[1.128s] -- Up-to-date: /home/david/detection_ws/install/astra_camera_msgs/share/astra_camera_msgs/cmake/ament_cmake_export_libraries-extras.cmake
[1.128s] -- Up-to-date: /home/david/detection_ws/install/astra_camera_msgs/share/astra_camera_msgs/cmake/ament_cmake_export_targets-extras.cmake
[1.128s] -- Up-to-date: /home/david/detection_ws/install/astra_camera_msgs/share/astra_camera_msgs/cmake/rosidl_cmake_export_typesupport_targets-extras.cmake
[1.128s] -- Up-to-date: /home/david/detection_ws/install/astra_camera_msgs/share/astra_camera_msgs/cmake/rosidl_cmake_export_typesupport_libraries-extras.cmake
[1.128s] -- Up-to-date: /home/david/detection_ws/install/astra_camera_msgs/share/astra_camera_msgs/cmake/astra_camera_msgsConfig.cmake
[1.129s] -- Up-to-date: /home/david/detection_ws/install/astra_camera_msgs/share/astra_camera_msgs/cmake/astra_camera_msgsConfig-version.cmake
[1.129s] -- Up-to-date: /home/david/detection_ws/install/astra_camera_msgs/share/astra_camera_msgs/package.xml
[1.133s] Invoked command in '/home/david/detection_ws/build/astra_camera_msgs' returned '0': CMAKE_PREFIX_PATH=${CMAKE_PREFIX_PATH}:/home/david/detection_ws/install/object_detector:/opt/ros/humble PS1=(ros_ai_venv) \[\e]0;\u@\h: \w\a\]${debian_chroot:+($debian_chroot)}\[\033[01;32m\]\u@\h\[\033[00m\]:\[\033[01;34m\]\w\[\033[00m\]\$ VIRTUAL_ENV_PROMPT=(ros_ai_venv) /usr/bin/cmake --install /home/david/detection_ws/build/astra_camera_msgs
