/home/david/detection_ws/install/object_detector/lib/python3.10/site-packages/object_detector/yolo_simple_node.py
/home/david/detection_ws/install/object_detector/lib/python3.10/site-packages/object_detector/yolo_marker_node.py
/home/david/detection_ws/install/object_detector/lib/python3.10/site-packages/object_detector/depth_fusion_node.py
/home/david/detection_ws/install/object_detector/lib/python3.10/site-packages/object_detector/ai_detection_node.py
/home/david/detection_ws/install/object_detector/lib/python3.10/site-packages/object_detector/__init__.py
/home/david/detection_ws/install/object_detector/lib/python3.10/site-packages/object_detector/__pycache__/yolo_simple_node.cpython-310.pyc
/home/david/detection_ws/install/object_detector/lib/python3.10/site-packages/object_detector/__pycache__/yolo_marker_node.cpython-310.pyc
/home/david/detection_ws/install/object_detector/lib/python3.10/site-packages/object_detector/__pycache__/depth_fusion_node.cpython-310.pyc
/home/david/detection_ws/install/object_detector/lib/python3.10/site-packages/object_detector/__pycache__/ai_detection_node.cpython-310.pyc
/home/david/detection_ws/install/object_detector/lib/python3.10/site-packages/object_detector/__pycache__/__init__.cpython-310.pyc
/home/david/detection_ws/install/object_detector/share/ament_index/resource_index/packages/object_detector
/home/david/detection_ws/install/object_detector/share/object_detector/package.xml
/home/david/detection_ws/install/object_detector/lib/python3.10/site-packages/object_detector-0.0.0-py3.10.egg-info/PKG-INFO
/home/david/detection_ws/install/object_detector/lib/python3.10/site-packages/object_detector-0.0.0-py3.10.egg-info/zip-safe
/home/david/detection_ws/install/object_detector/lib/python3.10/site-packages/object_detector-0.0.0-py3.10.egg-info/SOURCES.txt
/home/david/detection_ws/install/object_detector/lib/python3.10/site-packages/object_detector-0.0.0-py3.10.egg-info/requires.txt
/home/david/detection_ws/install/object_detector/lib/python3.10/site-packages/object_detector-0.0.0-py3.10.egg-info/dependency_links.txt
/home/david/detection_ws/install/object_detector/lib/python3.10/site-packages/object_detector-0.0.0-py3.10.egg-info/entry_points.txt
/home/david/detection_ws/install/object_detector/lib/python3.10/site-packages/object_detector-0.0.0-py3.10.egg-info/top_level.txt
/home/david/detection_ws/install/object_detector/lib/object_detector/depth_fusion_node
/home/david/detection_ws/install/object_detector/lib/object_detector/yolo_marker_node
