running egg_info
writing ../../build/object_detector/object_detector.egg-info/PKG-INFO
writing dependency_links to ../../build/object_detector/object_detector.egg-info/dependency_links.txt
writing entry points to ../../build/object_detector/object_detector.egg-info/entry_points.txt
writing requirements to ../../build/object_detector/object_detector.egg-info/requires.txt
writing top-level names to ../../build/object_detector/object_detector.egg-info/top_level.txt
reading manifest file '../../build/object_detector/object_detector.egg-info/SOURCES.txt'
writing manifest file '../../build/object_detector/object_detector.egg-info/SOURCES.txt'
running build
running build_py
copying object_detector/yolo_simple_node.py -> /home/david/detection_ws/build/object_detector/build/lib/object_detector
copying object_detector/yolo_marker_node.py -> /home/david/detection_ws/build/object_detector/build/lib/object_detector
copying object_detector/depth_fusion_node.py -> /home/david/detection_ws/build/object_detector/build/lib/object_detector
copying object_detector/ai_detection_node.py -> /home/david/detection_ws/build/object_detector/build/lib/object_detector
running install
running install_lib
copying /home/david/detection_ws/build/object_detector/build/lib/object_detector/yolo_simple_node.py -> /home/david/detection_ws/install/object_detector/lib/python3.10/site-packages/object_detector
copying /home/david/detection_ws/build/object_detector/build/lib/object_detector/yolo_marker_node.py -> /home/david/detection_ws/install/object_detector/lib/python3.10/site-packages/object_detector
copying /home/david/detection_ws/build/object_detector/build/lib/object_detector/depth_fusion_node.py -> /home/david/detection_ws/install/object_detector/lib/python3.10/site-packages/object_detector
copying /home/david/detection_ws/build/object_detector/build/lib/object_detector/ai_detection_node.py -> /home/david/detection_ws/install/object_detector/lib/python3.10/site-packages/object_detector
byte-compiling /home/david/detection_ws/install/object_detector/lib/python3.10/site-packages/object_detector/yolo_simple_node.py to yolo_simple_node.cpython-310.pyc
byte-compiling /home/david/detection_ws/install/object_detector/lib/python3.10/site-packages/object_detector/yolo_marker_node.py to yolo_marker_node.cpython-310.pyc
byte-compiling /home/david/detection_ws/install/object_detector/lib/python3.10/site-packages/object_detector/depth_fusion_node.py to depth_fusion_node.cpython-310.pyc
byte-compiling /home/david/detection_ws/install/object_detector/lib/python3.10/site-packages/object_detector/ai_detection_node.py to ai_detection_node.cpython-310.pyc
running install_data
running install_egg_info
removing '/home/david/detection_ws/install/object_detector/lib/python3.10/site-packages/object_detector-0.0.0-py3.10.egg-info' (and everything under it)
Copying ../../build/object_detector/object_detector.egg-info to /home/david/detection_ws/install/object_detector/lib/python3.10/site-packages/object_detector-0.0.0-py3.10.egg-info
running install_scripts
Installing depth_fusion_node script to /home/david/detection_ws/install/object_detector/lib/object_detector
Installing yolo_marker_node script to /home/david/detection_ws/install/object_detector/lib/object_detector
writing list of installed files to '/home/david/detection_ws/build/object_detector/install.log'
