[0.267s] DEBUG:colcon:Command line arguments: ['/usr/bin/colcon', 'build']
[0.267s] DEBUG:colcon:Parsed command line arguments: Namespace(log_base=None, log_level=None, verb_name='build', build_base='build', install_base='install', merge_install=False, symlink_install=False, test_result_base=None, continue_on_error=False, executor='parallel', parallel_workers=8, event_handlers=None, ignore_user_meta=False, metas=['./colcon.meta'], base_paths=['.'], packages_ignore=None, packages_ignore_regex=None, paths=None, packages_up_to=None, packages_up_to_regex=None, packages_above=None, packages_above_and_dependencies=None, packages_above_depth=None, packages_select_by_dep=None, packages_skip_by_dep=None, packages_skip_up_to=None, packages_select_build_failed=False, packages_skip_build_finished=False, packages_select_test_failures=False, packages_skip_test_passed=False, packages_select=None, packages_skip=None, packages_select_regex=None, packages_skip_regex=None, packages_start=None, packages_end=None, allow_overriding=[], cmake_args=None, cmake_target=None, cmake_target_skip_unavailable=False, cmake_clean_cache=False, cmake_clean_first=False, cmake_force_configure=False, ament_cmake_args=None, catkin_cmake_args=None, catkin_skip_building_tests=False, verb_parser=<colcon_defaults.argument_parser.defaults.DefaultArgumentsDecorator object at 0x741d17b2ba30>, verb_extension=<colcon_core.verb.build.BuildVerb object at 0x741d17b2abf0>, main=<bound method BuildVerb.main of <colcon_core.verb.build.BuildVerb object at 0x741d17b2abf0>>)
[0.426s] Level 1:colcon.colcon_core.package_discovery:discover_packages(colcon_meta) check parameters
[0.426s] Level 1:colcon.colcon_core.package_discovery:discover_packages(recursive) check parameters
[0.426s] Level 1:colcon.colcon_core.package_discovery:discover_packages(ignore) check parameters
[0.426s] Level 1:colcon.colcon_core.package_discovery:discover_packages(path) check parameters
[0.426s] Level 1:colcon.colcon_core.package_discovery:discover_packages(colcon_meta) discover
[0.426s] Level 1:colcon.colcon_core.package_discovery:discover_packages(recursive) discover
[0.426s] INFO:colcon.colcon_core.package_discovery:Crawling recursively for packages in '/home/david/detection_ws'
[0.426s] Level 1:colcon.colcon_core.package_identification:_identify(.) by extensions ['ignore', 'ignore_ament_install']
[0.426s] Level 1:colcon.colcon_core.package_identification:_identify(.) by extension 'ignore'
[0.426s] Level 1:colcon.colcon_core.package_identification:_identify(.) by extension 'ignore_ament_install'
[0.427s] Level 1:colcon.colcon_core.package_identification:_identify(.) by extensions ['colcon_pkg']
[0.427s] Level 1:colcon.colcon_core.package_identification:_identify(.) by extension 'colcon_pkg'
[0.427s] Level 1:colcon.colcon_core.package_identification:_identify(.) by extensions ['colcon_meta']
[0.427s] Level 1:colcon.colcon_core.package_identification:_identify(.) by extension 'colcon_meta'
[0.427s] Level 1:colcon.colcon_core.package_identification:_identify(.) by extensions ['ros']
[0.427s] Level 1:colcon.colcon_core.package_identification:_identify(.) by extension 'ros'
[0.440s] Level 1:colcon.colcon_core.package_identification:_identify(.) by extensions ['cmake', 'python']
[0.440s] Level 1:colcon.colcon_core.package_identification:_identify(.) by extension 'cmake'
[0.440s] Level 1:colcon.colcon_core.package_identification:_identify(.) by extension 'python'
[0.440s] Level 1:colcon.colcon_core.package_identification:_identify(.) by extensions ['python_setup_py']
[0.440s] Level 1:colcon.colcon_core.package_identification:_identify(.) by extension 'python_setup_py'
[0.440s] Level 1:colcon.colcon_core.package_identification:_identify(build) by extensions ['ignore', 'ignore_ament_install']
[0.441s] Level 1:colcon.colcon_core.package_identification:_identify(build) by extension 'ignore'
[0.441s] Level 1:colcon.colcon_core.package_identification:_identify(build) ignored
[0.441s] Level 1:colcon.colcon_core.package_identification:_identify(install) by extensions ['ignore', 'ignore_ament_install']
[0.441s] Level 1:colcon.colcon_core.package_identification:_identify(install) by extension 'ignore'
[0.441s] Level 1:colcon.colcon_core.package_identification:_identify(install) ignored
[0.441s] Level 1:colcon.colcon_core.package_identification:_identify(log) by extensions ['ignore', 'ignore_ament_install']
[0.441s] Level 1:colcon.colcon_core.package_identification:_identify(log) by extension 'ignore'
[0.441s] Level 1:colcon.colcon_core.package_identification:_identify(log) ignored
[0.441s] Level 1:colcon.colcon_core.package_identification:_identify(src) by extensions ['ignore', 'ignore_ament_install']
[0.441s] Level 1:colcon.colcon_core.package_identification:_identify(src) by extension 'ignore'
[0.441s] Level 1:colcon.colcon_core.package_identification:_identify(src) by extension 'ignore_ament_install'
[0.441s] Level 1:colcon.colcon_core.package_identification:_identify(src) by extensions ['colcon_pkg']
[0.441s] Level 1:colcon.colcon_core.package_identification:_identify(src) by extension 'colcon_pkg'
[0.441s] Level 1:colcon.colcon_core.package_identification:_identify(src) by extensions ['colcon_meta']
[0.441s] Level 1:colcon.colcon_core.package_identification:_identify(src) by extension 'colcon_meta'
[0.441s] Level 1:colcon.colcon_core.package_identification:_identify(src) by extensions ['ros']
[0.442s] Level 1:colcon.colcon_core.package_identification:_identify(src) by extension 'ros'
[0.442s] Level 1:colcon.colcon_core.package_identification:_identify(src) by extensions ['cmake', 'python']
[0.442s] Level 1:colcon.colcon_core.package_identification:_identify(src) by extension 'cmake'
[0.442s] Level 1:colcon.colcon_core.package_identification:_identify(src) by extension 'python'
[0.442s] Level 1:colcon.colcon_core.package_identification:_identify(src) by extensions ['python_setup_py']
[0.442s] Level 1:colcon.colcon_core.package_identification:_identify(src) by extension 'python_setup_py'
[0.442s] Level 1:colcon.colcon_core.package_identification:_identify(src/object_detector) by extensions ['ignore', 'ignore_ament_install']
[0.442s] Level 1:colcon.colcon_core.package_identification:_identify(src/object_detector) by extension 'ignore'
[0.442s] Level 1:colcon.colcon_core.package_identification:_identify(src/object_detector) by extension 'ignore_ament_install'
[0.442s] Level 1:colcon.colcon_core.package_identification:_identify(src/object_detector) by extensions ['colcon_pkg']
[0.442s] Level 1:colcon.colcon_core.package_identification:_identify(src/object_detector) by extension 'colcon_pkg'
[0.442s] Level 1:colcon.colcon_core.package_identification:_identify(src/object_detector) by extensions ['colcon_meta']
[0.442s] Level 1:colcon.colcon_core.package_identification:_identify(src/object_detector) by extension 'colcon_meta'
[0.442s] Level 1:colcon.colcon_core.package_identification:_identify(src/object_detector) by extensions ['ros']
[0.442s] Level 1:colcon.colcon_core.package_identification:_identify(src/object_detector) by extension 'ros'
[0.444s] DEBUG:colcon.colcon_core.package_identification:Package 'src/object_detector' with type 'ros.ament_python' and name 'object_detector'
[0.445s] Level 1:colcon.colcon_core.package_identification:_identify(src/ros2_astra_camera) by extensions ['ignore', 'ignore_ament_install']
[0.445s] Level 1:colcon.colcon_core.package_identification:_identify(src/ros2_astra_camera) by extension 'ignore'
[0.445s] Level 1:colcon.colcon_core.package_identification:_identify(src/ros2_astra_camera) by extension 'ignore_ament_install'
[0.445s] Level 1:colcon.colcon_core.package_identification:_identify(src/ros2_astra_camera) by extensions ['colcon_pkg']
[0.445s] Level 1:colcon.colcon_core.package_identification:_identify(src/ros2_astra_camera) by extension 'colcon_pkg'
[0.445s] Level 1:colcon.colcon_core.package_identification:_identify(src/ros2_astra_camera) by extensions ['colcon_meta']
[0.445s] Level 1:colcon.colcon_core.package_identification:_identify(src/ros2_astra_camera) by extension 'colcon_meta'
[0.445s] Level 1:colcon.colcon_core.package_identification:_identify(src/ros2_astra_camera) by extensions ['ros']
[0.445s] Level 1:colcon.colcon_core.package_identification:_identify(src/ros2_astra_camera) by extension 'ros'
[0.445s] Level 1:colcon.colcon_core.package_identification:_identify(src/ros2_astra_camera) by extensions ['cmake', 'python']
[0.445s] Level 1:colcon.colcon_core.package_identification:_identify(src/ros2_astra_camera) by extension 'cmake'
[0.445s] Level 1:colcon.colcon_core.package_identification:_identify(src/ros2_astra_camera) by extension 'python'
[0.445s] Level 1:colcon.colcon_core.package_identification:_identify(src/ros2_astra_camera) by extensions ['python_setup_py']
[0.445s] Level 1:colcon.colcon_core.package_identification:_identify(src/ros2_astra_camera) by extension 'python_setup_py'
[0.445s] Level 1:colcon.colcon_core.package_identification:_identify(src/ros2_astra_camera/astra_camera) by extensions ['ignore', 'ignore_ament_install']
[0.445s] Level 1:colcon.colcon_core.package_identification:_identify(src/ros2_astra_camera/astra_camera) by extension 'ignore'
[0.445s] Level 1:colcon.colcon_core.package_identification:_identify(src/ros2_astra_camera/astra_camera) by extension 'ignore_ament_install'
[0.445s] Level 1:colcon.colcon_core.package_identification:_identify(src/ros2_astra_camera/astra_camera) by extensions ['colcon_pkg']
[0.445s] Level 1:colcon.colcon_core.package_identification:_identify(src/ros2_astra_camera/astra_camera) by extension 'colcon_pkg'
[0.445s] Level 1:colcon.colcon_core.package_identification:_identify(src/ros2_astra_camera/astra_camera) by extensions ['colcon_meta']
[0.445s] Level 1:colcon.colcon_core.package_identification:_identify(src/ros2_astra_camera/astra_camera) by extension 'colcon_meta'
[0.446s] Level 1:colcon.colcon_core.package_identification:_identify(src/ros2_astra_camera/astra_camera) by extensions ['ros']
[0.446s] Level 1:colcon.colcon_core.package_identification:_identify(src/ros2_astra_camera/astra_camera) by extension 'ros'
[0.448s] DEBUG:colcon.colcon_core.package_identification:Package 'src/ros2_astra_camera/astra_camera' with type 'ros.ament_cmake' and name 'astra_camera'
[0.448s] Level 1:colcon.colcon_core.package_identification:_identify(src/ros2_astra_camera/astra_camera_msgs) by extensions ['ignore', 'ignore_ament_install']
[0.448s] Level 1:colcon.colcon_core.package_identification:_identify(src/ros2_astra_camera/astra_camera_msgs) by extension 'ignore'
[0.448s] Level 1:colcon.colcon_core.package_identification:_identify(src/ros2_astra_camera/astra_camera_msgs) by extension 'ignore_ament_install'
[0.448s] Level 1:colcon.colcon_core.package_identification:_identify(src/ros2_astra_camera/astra_camera_msgs) by extensions ['colcon_pkg']
[0.448s] Level 1:colcon.colcon_core.package_identification:_identify(src/ros2_astra_camera/astra_camera_msgs) by extension 'colcon_pkg'
[0.448s] Level 1:colcon.colcon_core.package_identification:_identify(src/ros2_astra_camera/astra_camera_msgs) by extensions ['colcon_meta']
[0.448s] Level 1:colcon.colcon_core.package_identification:_identify(src/ros2_astra_camera/astra_camera_msgs) by extension 'colcon_meta'
[0.448s] Level 1:colcon.colcon_core.package_identification:_identify(src/ros2_astra_camera/astra_camera_msgs) by extensions ['ros']
[0.448s] Level 1:colcon.colcon_core.package_identification:_identify(src/ros2_astra_camera/astra_camera_msgs) by extension 'ros'
[0.449s] DEBUG:colcon.colcon_core.package_identification:Package 'src/ros2_astra_camera/astra_camera_msgs' with type 'ros.ament_cmake' and name 'astra_camera_msgs'
[0.449s] Level 1:colcon.colcon_core.package_discovery:discover_packages(recursive) using defaults
[0.449s] Level 1:colcon.colcon_core.package_discovery:discover_packages(ignore) discover
[0.449s] Level 1:colcon.colcon_core.package_discovery:discover_packages(ignore) using defaults
[0.449s] Level 1:colcon.colcon_core.package_discovery:discover_packages(path) discover
[0.449s] Level 1:colcon.colcon_core.package_discovery:discover_packages(path) using defaults
[0.470s] Level 1:colcon.colcon_core.package_discovery:discover_packages(prefix_path) check parameters
[0.470s] Level 1:colcon.colcon_core.package_discovery:discover_packages(prefix_path) discover
[0.472s] DEBUG:colcon.colcon_installed_package_information.package_discovery:Found 3 installed packages in /home/david/detection_ws/install
[0.473s] DEBUG:colcon.colcon_installed_package_information.package_discovery:Found 275 installed packages in /opt/ros/humble
[0.487s] Level 1:colcon.colcon_core.package_discovery:discover_packages(prefix_path) using defaults
[0.525s] Level 5:colcon.colcon_core.verb:set package 'astra_camera_msgs' build argument 'cmake_args' from command line to 'None'
[0.525s] Level 5:colcon.colcon_core.verb:set package 'astra_camera_msgs' build argument 'cmake_target' from command line to 'None'
[0.525s] Level 5:colcon.colcon_core.verb:set package 'astra_camera_msgs' build argument 'cmake_target_skip_unavailable' from command line to 'False'
[0.525s] Level 5:colcon.colcon_core.verb:set package 'astra_camera_msgs' build argument 'cmake_clean_cache' from command line to 'False'
[0.525s] Level 5:colcon.colcon_core.verb:set package 'astra_camera_msgs' build argument 'cmake_clean_first' from command line to 'False'
[0.525s] Level 5:colcon.colcon_core.verb:set package 'astra_camera_msgs' build argument 'cmake_force_configure' from command line to 'False'
[0.525s] Level 5:colcon.colcon_core.verb:set package 'astra_camera_msgs' build argument 'ament_cmake_args' from command line to 'None'
[0.525s] Level 5:colcon.colcon_core.verb:set package 'astra_camera_msgs' build argument 'catkin_cmake_args' from command line to 'None'
[0.525s] Level 5:colcon.colcon_core.verb:set package 'astra_camera_msgs' build argument 'catkin_skip_building_tests' from command line to 'False'
[0.525s] DEBUG:colcon.colcon_core.verb:Building package 'astra_camera_msgs' with the following arguments: {'ament_cmake_args': None, 'build_base': '/home/david/detection_ws/build/astra_camera_msgs', 'catkin_cmake_args': None, 'catkin_skip_building_tests': False, 'cmake_args': None, 'cmake_clean_cache': False, 'cmake_clean_first': False, 'cmake_force_configure': False, 'cmake_target': None, 'cmake_target_skip_unavailable': False, 'install_base': '/home/david/detection_ws/install/astra_camera_msgs', 'merge_install': False, 'path': '/home/david/detection_ws/src/ros2_astra_camera/astra_camera_msgs', 'symlink_install': False, 'test_result_base': None}
[0.526s] Level 5:colcon.colcon_core.verb:set package 'object_detector' build argument 'cmake_args' from command line to 'None'
[0.526s] Level 5:colcon.colcon_core.verb:set package 'object_detector' build argument 'cmake_target' from command line to 'None'
[0.526s] Level 5:colcon.colcon_core.verb:set package 'object_detector' build argument 'cmake_target_skip_unavailable' from command line to 'False'
[0.526s] Level 5:colcon.colcon_core.verb:set package 'object_detector' build argument 'cmake_clean_cache' from command line to 'False'
[0.526s] Level 5:colcon.colcon_core.verb:set package 'object_detector' build argument 'cmake_clean_first' from command line to 'False'
[0.526s] Level 5:colcon.colcon_core.verb:set package 'object_detector' build argument 'cmake_force_configure' from command line to 'False'
[0.526s] Level 5:colcon.colcon_core.verb:set package 'object_detector' build argument 'ament_cmake_args' from command line to 'None'
[0.526s] Level 5:colcon.colcon_core.verb:set package 'object_detector' build argument 'catkin_cmake_args' from command line to 'None'
[0.526s] Level 5:colcon.colcon_core.verb:set package 'object_detector' build argument 'catkin_skip_building_tests' from command line to 'False'
[0.526s] DEBUG:colcon.colcon_core.verb:Building package 'object_detector' with the following arguments: {'ament_cmake_args': None, 'build_base': '/home/david/detection_ws/build/object_detector', 'catkin_cmake_args': None, 'catkin_skip_building_tests': False, 'cmake_args': None, 'cmake_clean_cache': False, 'cmake_clean_first': False, 'cmake_force_configure': False, 'cmake_target': None, 'cmake_target_skip_unavailable': False, 'install_base': '/home/david/detection_ws/install/object_detector', 'merge_install': False, 'path': '/home/david/detection_ws/src/object_detector', 'symlink_install': False, 'test_result_base': None}
[0.526s] Level 5:colcon.colcon_core.verb:set package 'astra_camera' build argument 'cmake_args' from command line to 'None'
[0.526s] Level 5:colcon.colcon_core.verb:set package 'astra_camera' build argument 'cmake_target' from command line to 'None'
[0.526s] Level 5:colcon.colcon_core.verb:set package 'astra_camera' build argument 'cmake_target_skip_unavailable' from command line to 'False'
[0.526s] Level 5:colcon.colcon_core.verb:set package 'astra_camera' build argument 'cmake_clean_cache' from command line to 'False'
[0.527s] Level 5:colcon.colcon_core.verb:set package 'astra_camera' build argument 'cmake_clean_first' from command line to 'False'
[0.527s] Level 5:colcon.colcon_core.verb:set package 'astra_camera' build argument 'cmake_force_configure' from command line to 'False'
[0.527s] Level 5:colcon.colcon_core.verb:set package 'astra_camera' build argument 'ament_cmake_args' from command line to 'None'
[0.527s] Level 5:colcon.colcon_core.verb:set package 'astra_camera' build argument 'catkin_cmake_args' from command line to 'None'
[0.527s] Level 5:colcon.colcon_core.verb:set package 'astra_camera' build argument 'catkin_skip_building_tests' from command line to 'False'
[0.527s] DEBUG:colcon.colcon_core.verb:Building package 'astra_camera' with the following arguments: {'ament_cmake_args': None, 'build_base': '/home/david/detection_ws/build/astra_camera', 'catkin_cmake_args': None, 'catkin_skip_building_tests': False, 'cmake_args': None, 'cmake_clean_cache': False, 'cmake_clean_first': False, 'cmake_force_configure': False, 'cmake_target': None, 'cmake_target_skip_unavailable': False, 'install_base': '/home/david/detection_ws/install/astra_camera', 'merge_install': False, 'path': '/home/david/detection_ws/src/ros2_astra_camera/astra_camera', 'symlink_install': False, 'test_result_base': None}
[0.527s] INFO:colcon.colcon_core.executor:Executing jobs using 'parallel' executor
[0.529s] DEBUG:colcon.colcon_parallel_executor.executor.parallel:run_until_complete
[0.529s] INFO:colcon.colcon_ros.task.ament_cmake.build:Building ROS package in '/home/david/detection_ws/src/ros2_astra_camera/astra_camera_msgs' with build type 'ament_cmake'
[0.529s] INFO:colcon.colcon_cmake.task.cmake.build:Building CMake package in '/home/david/detection_ws/src/ros2_astra_camera/astra_camera_msgs'
[0.532s] INFO:colcon.colcon_core.plugin_system:Skipping extension 'colcon_core.shell.bat': Not used on non-Windows systems
[0.532s] INFO:colcon.colcon_core.shell:Skip shell extension 'powershell' for command environment: Not usable outside of PowerShell
[0.532s] DEBUG:colcon.colcon_core.shell:Skip shell extension 'dsv' for command environment
[0.536s] INFO:colcon.colcon_ros.task.ament_python.build:Building ROS package in '/home/david/detection_ws/src/object_detector' with build type 'ament_python'
[0.536s] Level 1:colcon.colcon_core.shell:create_environment_hook('object_detector', 'ament_prefix_path')
[0.536s] INFO:colcon.colcon_core.shell:Creating environment hook '/home/david/detection_ws/install/object_detector/share/object_detector/hook/ament_prefix_path.ps1'
[0.537s] INFO:colcon.colcon_core.shell:Creating environment descriptor '/home/david/detection_ws/install/object_detector/share/object_detector/hook/ament_prefix_path.dsv'
[0.538s] INFO:colcon.colcon_core.shell:Creating environment hook '/home/david/detection_ws/install/object_detector/share/object_detector/hook/ament_prefix_path.sh'
[0.539s] INFO:colcon.colcon_core.shell:Skip shell extension 'powershell' for command environment: Not usable outside of PowerShell
[0.539s] DEBUG:colcon.colcon_core.shell:Skip shell extension 'dsv' for command environment
[0.553s] DEBUG:colcon.colcon_core.event_handler.log_command:Invoking command in '/home/david/detection_ws/build/astra_camera_msgs': CMAKE_PREFIX_PATH=${CMAKE_PREFIX_PATH}:/home/david/detection_ws/install/object_detector:/opt/ros/humble PS1=(ros_ai_venv) \[\e]0;\u@\h: \w\a\]${debian_chroot:+($debian_chroot)}\[\033[01;32m\]\u@\h\[\033[00m\]:\[\033[01;34m\]\w\[\033[00m\]\$ VIRTUAL_ENV_PROMPT=(ros_ai_venv) /usr/bin/cmake --build /home/david/detection_ws/build/astra_camera_msgs -- -j8 -l8
[1.001s] INFO:colcon.colcon_core.task.python.build:Building Python package in '/home/david/detection_ws/src/object_detector'
[1.001s] INFO:colcon.colcon_core.shell:Skip shell extension 'powershell' for command environment: Not usable outside of PowerShell
[1.001s] DEBUG:colcon.colcon_core.shell:Skip shell extension 'dsv' for command environment
[1.202s] DEBUG:colcon.colcon_core.event_handler.log_command:Invoked command in '/home/david/detection_ws/build/astra_camera_msgs' returned '0': CMAKE_PREFIX_PATH=${CMAKE_PREFIX_PATH}:/home/david/detection_ws/install/object_detector:/opt/ros/humble PS1=(ros_ai_venv) \[\e]0;\u@\h: \w\a\]${debian_chroot:+($debian_chroot)}\[\033[01;32m\]\u@\h\[\033[00m\]:\[\033[01;34m\]\w\[\033[00m\]\$ VIRTUAL_ENV_PROMPT=(ros_ai_venv) /usr/bin/cmake --build /home/david/detection_ws/build/astra_camera_msgs -- -j8 -l8
[1.221s] DEBUG:colcon.colcon_core.event_handler.log_command:Invoking command in '/home/david/detection_ws/build/astra_camera_msgs': CMAKE_PREFIX_PATH=${CMAKE_PREFIX_PATH}:/home/david/detection_ws/install/object_detector:/opt/ros/humble PS1=(ros_ai_venv) \[\e]0;\u@\h: \w\a\]${debian_chroot:+($debian_chroot)}\[\033[01;32m\]\u@\h\[\033[00m\]:\[\033[01;34m\]\w\[\033[00m\]\$ VIRTUAL_ENV_PROMPT=(ros_ai_venv) /usr/bin/cmake --install /home/david/detection_ws/build/astra_camera_msgs
[1.337s] Level 1:colcon.colcon_core.environment:create_environment_scripts_only(astra_camera_msgs)
[1.338s] DEBUG:colcon.colcon_core.event_handler.log_command:Invoked command in '/home/david/detection_ws/build/astra_camera_msgs' returned '0': CMAKE_PREFIX_PATH=${CMAKE_PREFIX_PATH}:/home/david/detection_ws/install/object_detector:/opt/ros/humble PS1=(ros_ai_venv) \[\e]0;\u@\h: \w\a\]${debian_chroot:+($debian_chroot)}\[\033[01;32m\]\u@\h\[\033[00m\]:\[\033[01;34m\]\w\[\033[00m\]\$ VIRTUAL_ENV_PROMPT=(ros_ai_venv) /usr/bin/cmake --install /home/david/detection_ws/build/astra_camera_msgs
[1.341s] Level 1:colcon.colcon_core.environment:checking '/home/david/detection_ws/install/astra_camera_msgs' for CMake module files
[1.342s] Level 1:colcon.colcon_core.environment:checking '/home/david/detection_ws/install/astra_camera_msgs' for CMake config files
[1.343s] Level 1:colcon.colcon_core.shell:create_environment_hook('astra_camera_msgs', 'cmake_prefix_path')
[1.344s] INFO:colcon.colcon_core.shell:Creating environment hook '/home/david/detection_ws/install/astra_camera_msgs/share/astra_camera_msgs/hook/cmake_prefix_path.ps1'
[1.345s] INFO:colcon.colcon_core.shell:Creating environment descriptor '/home/david/detection_ws/install/astra_camera_msgs/share/astra_camera_msgs/hook/cmake_prefix_path.dsv'
[1.346s] INFO:colcon.colcon_core.shell:Creating environment hook '/home/david/detection_ws/install/astra_camera_msgs/share/astra_camera_msgs/hook/cmake_prefix_path.sh'
[1.347s] Level 1:colcon.colcon_core.environment:checking '/home/david/detection_ws/install/astra_camera_msgs/lib'
[1.348s] Level 1:colcon.colcon_core.shell:create_environment_hook('astra_camera_msgs', 'ld_library_path_lib')
[1.348s] INFO:colcon.colcon_core.shell:Creating environment hook '/home/david/detection_ws/install/astra_camera_msgs/share/astra_camera_msgs/hook/ld_library_path_lib.ps1'
[1.348s] INFO:colcon.colcon_core.shell:Creating environment descriptor '/home/david/detection_ws/install/astra_camera_msgs/share/astra_camera_msgs/hook/ld_library_path_lib.dsv'
[1.349s] INFO:colcon.colcon_core.shell:Creating environment hook '/home/david/detection_ws/install/astra_camera_msgs/share/astra_camera_msgs/hook/ld_library_path_lib.sh'
[1.349s] Level 1:colcon.colcon_core.environment:checking '/home/david/detection_ws/install/astra_camera_msgs/bin'
[1.349s] Level 1:colcon.colcon_core.environment:checking '/home/david/detection_ws/install/astra_camera_msgs/lib/pkgconfig/astra_camera_msgs.pc'
[1.349s] Level 1:colcon.colcon_core.environment:checking '/home/david/detection_ws/install/astra_camera_msgs/lib/python3.10/site-packages'
[1.350s] Level 1:colcon.colcon_core.shell:create_environment_hook('astra_camera_msgs', 'pythonpath')
[1.350s] INFO:colcon.colcon_core.shell:Creating environment hook '/home/david/detection_ws/install/astra_camera_msgs/share/astra_camera_msgs/hook/pythonpath.ps1'
[1.350s] INFO:colcon.colcon_core.shell:Creating environment descriptor '/home/david/detection_ws/install/astra_camera_msgs/share/astra_camera_msgs/hook/pythonpath.dsv'
[1.351s] INFO:colcon.colcon_core.shell:Creating environment hook '/home/david/detection_ws/install/astra_camera_msgs/share/astra_camera_msgs/hook/pythonpath.sh'
[1.351s] Level 1:colcon.colcon_core.environment:checking '/home/david/detection_ws/install/astra_camera_msgs/bin'
[1.352s] INFO:colcon.colcon_core.shell:Creating package script '/home/david/detection_ws/install/astra_camera_msgs/share/astra_camera_msgs/package.ps1'
[1.353s] INFO:colcon.colcon_core.shell:Creating package descriptor '/home/david/detection_ws/install/astra_camera_msgs/share/astra_camera_msgs/package.dsv'
[1.354s] INFO:colcon.colcon_core.shell:Creating package script '/home/david/detection_ws/install/astra_camera_msgs/share/astra_camera_msgs/package.sh'
[1.355s] INFO:colcon.colcon_core.shell:Creating package script '/home/david/detection_ws/install/astra_camera_msgs/share/astra_camera_msgs/package.bash'
[1.356s] INFO:colcon.colcon_core.shell:Creating package script '/home/david/detection_ws/install/astra_camera_msgs/share/astra_camera_msgs/package.zsh'
[1.357s] Level 1:colcon.colcon_core.environment:create_file_with_runtime_dependencies(/home/david/detection_ws/install/astra_camera_msgs/share/colcon-core/packages/astra_camera_msgs)
[1.358s] Level 1:colcon.colcon_core.environment:create_environment_scripts_only(astra_camera_msgs)
[1.358s] Level 1:colcon.colcon_core.environment:checking '/home/david/detection_ws/install/astra_camera_msgs' for CMake module files
[1.359s] Level 1:colcon.colcon_core.environment:checking '/home/david/detection_ws/install/astra_camera_msgs' for CMake config files
[1.360s] Level 1:colcon.colcon_core.shell:create_environment_hook('astra_camera_msgs', 'cmake_prefix_path')
[1.361s] INFO:colcon.colcon_core.shell:Creating environment hook '/home/david/detection_ws/install/astra_camera_msgs/share/astra_camera_msgs/hook/cmake_prefix_path.ps1'
[1.362s] INFO:colcon.colcon_core.shell:Creating environment descriptor '/home/david/detection_ws/install/astra_camera_msgs/share/astra_camera_msgs/hook/cmake_prefix_path.dsv'
[1.363s] INFO:colcon.colcon_core.shell:Creating environment hook '/home/david/detection_ws/install/astra_camera_msgs/share/astra_camera_msgs/hook/cmake_prefix_path.sh'
[1.364s] Level 1:colcon.colcon_core.environment:checking '/home/david/detection_ws/install/astra_camera_msgs/lib'
[1.364s] Level 1:colcon.colcon_core.shell:create_environment_hook('astra_camera_msgs', 'ld_library_path_lib')
[1.364s] INFO:colcon.colcon_core.shell:Creating environment hook '/home/david/detection_ws/install/astra_camera_msgs/share/astra_camera_msgs/hook/ld_library_path_lib.ps1'
[1.365s] INFO:colcon.colcon_core.shell:Creating environment descriptor '/home/david/detection_ws/install/astra_camera_msgs/share/astra_camera_msgs/hook/ld_library_path_lib.dsv'
[1.365s] INFO:colcon.colcon_core.shell:Creating environment hook '/home/david/detection_ws/install/astra_camera_msgs/share/astra_camera_msgs/hook/ld_library_path_lib.sh'
[1.366s] Level 1:colcon.colcon_core.environment:checking '/home/david/detection_ws/install/astra_camera_msgs/bin'
[1.366s] Level 1:colcon.colcon_core.environment:checking '/home/david/detection_ws/install/astra_camera_msgs/lib/pkgconfig/astra_camera_msgs.pc'
[1.367s] Level 1:colcon.colcon_core.environment:checking '/home/david/detection_ws/install/astra_camera_msgs/lib/python3.10/site-packages'
[1.367s] Level 1:colcon.colcon_core.shell:create_environment_hook('astra_camera_msgs', 'pythonpath')
[1.367s] INFO:colcon.colcon_core.shell:Creating environment hook '/home/david/detection_ws/install/astra_camera_msgs/share/astra_camera_msgs/hook/pythonpath.ps1'
[1.368s] INFO:colcon.colcon_core.shell:Creating environment descriptor '/home/david/detection_ws/install/astra_camera_msgs/share/astra_camera_msgs/hook/pythonpath.dsv'
[1.368s] INFO:colcon.colcon_core.shell:Creating environment hook '/home/david/detection_ws/install/astra_camera_msgs/share/astra_camera_msgs/hook/pythonpath.sh'
[1.370s] Level 1:colcon.colcon_core.environment:checking '/home/david/detection_ws/install/astra_camera_msgs/bin'
[1.370s] INFO:colcon.colcon_core.shell:Creating package script '/home/david/detection_ws/install/astra_camera_msgs/share/astra_camera_msgs/package.ps1'
[1.371s] INFO:colcon.colcon_core.shell:Creating package descriptor '/home/david/detection_ws/install/astra_camera_msgs/share/astra_camera_msgs/package.dsv'
[1.373s] INFO:colcon.colcon_core.shell:Creating package script '/home/david/detection_ws/install/astra_camera_msgs/share/astra_camera_msgs/package.sh'
[1.374s] INFO:colcon.colcon_core.shell:Creating package script '/home/david/detection_ws/install/astra_camera_msgs/share/astra_camera_msgs/package.bash'
[1.375s] INFO:colcon.colcon_core.shell:Creating package script '/home/david/detection_ws/install/astra_camera_msgs/share/astra_camera_msgs/package.zsh'
[1.376s] Level 1:colcon.colcon_core.environment:create_file_with_runtime_dependencies(/home/david/detection_ws/install/astra_camera_msgs/share/colcon-core/packages/astra_camera_msgs)
[1.376s] INFO:colcon.colcon_ros.task.ament_cmake.build:Building ROS package in '/home/david/detection_ws/src/ros2_astra_camera/astra_camera' with build type 'ament_cmake'
[1.377s] INFO:colcon.colcon_cmake.task.cmake.build:Building CMake package in '/home/david/detection_ws/src/ros2_astra_camera/astra_camera'
[1.377s] INFO:colcon.colcon_core.shell:Skip shell extension 'powershell' for command environment: Not usable outside of PowerShell
[1.377s] DEBUG:colcon.colcon_core.shell:Skip shell extension 'dsv' for command environment
[1.568s] DEBUG:colcon.colcon_core.event_handler.log_command:Invoking command in '/home/david/detection_ws/src/object_detector': PS1=(ros_ai_venv) \[\e]0;\u@\h: \w\a\]${debian_chroot:+($debian_chroot)}\[\033[01;32m\]\u@\h\[\033[00m\]:\[\033[01;34m\]\w\[\033[00m\]\$ PYTHONPATH=/home/david/detection_ws/build/object_detector/prefix_override:/usr/lib/python3/dist-packages/colcon_core/task/python/colcon_distutils_commands:/home/david/detection_ws/install/object_detector/lib/python3.10/site-packages:${PYTHONPATH} VIRTUAL_ENV_PROMPT=(ros_ai_venv) /usr/bin/python3 -W ignore:setup.py install is deprecated -W ignore:easy_install command is deprecated setup.py egg_info --egg-base ../../build/object_detector build --build-base /home/david/detection_ws/build/object_detector/build install --record /home/david/detection_ws/build/object_detector/install.log --single-version-externally-managed install_data
[1.688s] DEBUG:colcon.colcon_core.event_handler.log_command:Invoking command in '/home/david/detection_ws/build/astra_camera': CMAKE_PREFIX_PATH=/home/david/detection_ws/install/astra_camera_msgs:/home/david/detection_ws/install/astra_camera:/home/david/detection_ws/install/object_detector:/opt/ros/humble LD_LIBRARY_PATH=/home/david/detection_ws/install/astra_camera_msgs/lib:/home/david/detection_ws/install/astra_camera/lib:/opt/ros/humble/opt/rviz_ogre_vendor/lib:/opt/ros/humble/lib/x86_64-linux-gnu:/opt/ros/humble/lib PS1=(ros_ai_venv) \[\e]0;\u@\h: \w\a\]${debian_chroot:+($debian_chroot)}\[\033[01;32m\]\u@\h\[\033[00m\]:\[\033[01;34m\]\w\[\033[00m\]\$ PYTHONPATH=/home/david/detection_ws/install/astra_camera_msgs/lib/python3.10/site-packages:/home/david/detection_ws/install/object_detector/lib/python3.10/site-packages:/opt/ros/humble/lib/python3.10/site-packages:/opt/ros/humble/local/lib/python3.10/dist-packages VIRTUAL_ENV_PROMPT=(ros_ai_venv) /usr/bin/cmake --build /home/david/detection_ws/build/astra_camera -- -j8 -l8
[1.890s] DEBUG:colcon.colcon_core.event_handler.log_command:Invoked command in '/home/david/detection_ws/build/astra_camera' returned '0': CMAKE_PREFIX_PATH=/home/david/detection_ws/install/astra_camera_msgs:/home/david/detection_ws/install/astra_camera:/home/david/detection_ws/install/object_detector:/opt/ros/humble LD_LIBRARY_PATH=/home/david/detection_ws/install/astra_camera_msgs/lib:/home/david/detection_ws/install/astra_camera/lib:/opt/ros/humble/opt/rviz_ogre_vendor/lib:/opt/ros/humble/lib/x86_64-linux-gnu:/opt/ros/humble/lib PS1=(ros_ai_venv) \[\e]0;\u@\h: \w\a\]${debian_chroot:+($debian_chroot)}\[\033[01;32m\]\u@\h\[\033[00m\]:\[\033[01;34m\]\w\[\033[00m\]\$ PYTHONPATH=/home/david/detection_ws/install/astra_camera_msgs/lib/python3.10/site-packages:/home/david/detection_ws/install/object_detector/lib/python3.10/site-packages:/opt/ros/humble/lib/python3.10/site-packages:/opt/ros/humble/local/lib/python3.10/dist-packages VIRTUAL_ENV_PROMPT=(ros_ai_venv) /usr/bin/cmake --build /home/david/detection_ws/build/astra_camera -- -j8 -l8
[1.893s] DEBUG:colcon.colcon_core.event_handler.log_command:Invoking command in '/home/david/detection_ws/build/astra_camera': CMAKE_PREFIX_PATH=/home/david/detection_ws/install/astra_camera_msgs:/home/david/detection_ws/install/astra_camera:/home/david/detection_ws/install/object_detector:/opt/ros/humble LD_LIBRARY_PATH=/home/david/detection_ws/install/astra_camera_msgs/lib:/home/david/detection_ws/install/astra_camera/lib:/opt/ros/humble/opt/rviz_ogre_vendor/lib:/opt/ros/humble/lib/x86_64-linux-gnu:/opt/ros/humble/lib PS1=(ros_ai_venv) \[\e]0;\u@\h: \w\a\]${debian_chroot:+($debian_chroot)}\[\033[01;32m\]\u@\h\[\033[00m\]:\[\033[01;34m\]\w\[\033[00m\]\$ PYTHONPATH=/home/david/detection_ws/install/astra_camera_msgs/lib/python3.10/site-packages:/home/david/detection_ws/install/object_detector/lib/python3.10/site-packages:/opt/ros/humble/lib/python3.10/site-packages:/opt/ros/humble/local/lib/python3.10/dist-packages VIRTUAL_ENV_PROMPT=(ros_ai_venv) /usr/bin/cmake --install /home/david/detection_ws/build/astra_camera
[1.929s] Level 1:colcon.colcon_core.environment:create_environment_scripts_only(astra_camera)
[1.931s] Level 1:colcon.colcon_core.environment:checking '/home/david/detection_ws/install/astra_camera' for CMake module files
[1.945s] Level 1:colcon.colcon_core.environment:checking '/home/david/detection_ws/install/astra_camera' for CMake config files
[1.946s] DEBUG:colcon.colcon_core.event_handler.log_command:Invoked command in '/home/david/detection_ws/build/astra_camera' returned '0': CMAKE_PREFIX_PATH=/home/david/detection_ws/install/astra_camera_msgs:/home/david/detection_ws/install/astra_camera:/home/david/detection_ws/install/object_detector:/opt/ros/humble LD_LIBRARY_PATH=/home/david/detection_ws/install/astra_camera_msgs/lib:/home/david/detection_ws/install/astra_camera/lib:/opt/ros/humble/opt/rviz_ogre_vendor/lib:/opt/ros/humble/lib/x86_64-linux-gnu:/opt/ros/humble/lib PS1=(ros_ai_venv) \[\e]0;\u@\h: \w\a\]${debian_chroot:+($debian_chroot)}\[\033[01;32m\]\u@\h\[\033[00m\]:\[\033[01;34m\]\w\[\033[00m\]\$ PYTHONPATH=/home/david/detection_ws/install/astra_camera_msgs/lib/python3.10/site-packages:/home/david/detection_ws/install/object_detector/lib/python3.10/site-packages:/opt/ros/humble/lib/python3.10/site-packages:/opt/ros/humble/local/lib/python3.10/dist-packages VIRTUAL_ENV_PROMPT=(ros_ai_venv) /usr/bin/cmake --install /home/david/detection_ws/build/astra_camera
[1.948s] Level 1:colcon.colcon_core.shell:create_environment_hook('astra_camera', 'cmake_prefix_path')
[1.949s] INFO:colcon.colcon_core.shell:Creating environment hook '/home/david/detection_ws/install/astra_camera/share/astra_camera/hook/cmake_prefix_path.ps1'
[1.950s] INFO:colcon.colcon_core.shell:Creating environment descriptor '/home/david/detection_ws/install/astra_camera/share/astra_camera/hook/cmake_prefix_path.dsv'
[1.951s] INFO:colcon.colcon_core.shell:Creating environment hook '/home/david/detection_ws/install/astra_camera/share/astra_camera/hook/cmake_prefix_path.sh'
[1.952s] Level 1:colcon.colcon_core.environment:checking '/home/david/detection_ws/install/astra_camera/lib'
[1.952s] Level 1:colcon.colcon_core.shell:create_environment_hook('astra_camera', 'ld_library_path_lib')
[1.953s] INFO:colcon.colcon_core.shell:Creating environment hook '/home/david/detection_ws/install/astra_camera/share/astra_camera/hook/ld_library_path_lib.ps1'
[1.953s] INFO:colcon.colcon_core.shell:Creating environment descriptor '/home/david/detection_ws/install/astra_camera/share/astra_camera/hook/ld_library_path_lib.dsv'
[1.954s] INFO:colcon.colcon_core.shell:Creating environment hook '/home/david/detection_ws/install/astra_camera/share/astra_camera/hook/ld_library_path_lib.sh'
[1.954s] Level 1:colcon.colcon_core.environment:checking '/home/david/detection_ws/install/astra_camera/bin'
[1.954s] Level 1:colcon.colcon_core.environment:checking '/home/david/detection_ws/install/astra_camera/lib/pkgconfig/astra_camera.pc'
[1.954s] Level 1:colcon.colcon_core.environment:checking '/home/david/detection_ws/install/astra_camera/lib/python3.10/site-packages'
[1.955s] Level 1:colcon.colcon_core.environment:checking '/home/david/detection_ws/install/astra_camera/bin'
[1.955s] INFO:colcon.colcon_core.shell:Creating package script '/home/david/detection_ws/install/astra_camera/share/astra_camera/package.ps1'
[1.960s] INFO:colcon.colcon_core.shell:Creating package descriptor '/home/david/detection_ws/install/astra_camera/share/astra_camera/package.dsv'
[1.962s] INFO:colcon.colcon_core.shell:Creating package script '/home/david/detection_ws/install/astra_camera/share/astra_camera/package.sh'
[1.969s] INFO:colcon.colcon_core.shell:Creating package script '/home/david/detection_ws/install/astra_camera/share/astra_camera/package.bash'
[1.972s] INFO:colcon.colcon_core.shell:Creating package script '/home/david/detection_ws/install/astra_camera/share/astra_camera/package.zsh'
[1.974s] Level 1:colcon.colcon_core.environment:create_file_with_runtime_dependencies(/home/david/detection_ws/install/astra_camera/share/colcon-core/packages/astra_camera)
[1.975s] Level 1:colcon.colcon_core.environment:create_environment_scripts_only(astra_camera)
[1.976s] Level 1:colcon.colcon_core.environment:checking '/home/david/detection_ws/install/astra_camera' for CMake module files
[1.976s] Level 1:colcon.colcon_core.environment:checking '/home/david/detection_ws/install/astra_camera' for CMake config files
[1.978s] Level 1:colcon.colcon_core.shell:create_environment_hook('astra_camera', 'cmake_prefix_path')
[1.979s] INFO:colcon.colcon_core.shell:Creating environment hook '/home/david/detection_ws/install/astra_camera/share/astra_camera/hook/cmake_prefix_path.ps1'
[1.981s] INFO:colcon.colcon_core.shell:Creating environment descriptor '/home/david/detection_ws/install/astra_camera/share/astra_camera/hook/cmake_prefix_path.dsv'
[1.981s] INFO:colcon.colcon_core.shell:Creating environment hook '/home/david/detection_ws/install/astra_camera/share/astra_camera/hook/cmake_prefix_path.sh'
[1.982s] Level 1:colcon.colcon_core.environment:checking '/home/david/detection_ws/install/astra_camera/lib'
[1.982s] Level 1:colcon.colcon_core.shell:create_environment_hook('astra_camera', 'ld_library_path_lib')
[1.982s] INFO:colcon.colcon_core.shell:Creating environment hook '/home/david/detection_ws/install/astra_camera/share/astra_camera/hook/ld_library_path_lib.ps1'
[1.983s] INFO:colcon.colcon_core.shell:Creating environment descriptor '/home/david/detection_ws/install/astra_camera/share/astra_camera/hook/ld_library_path_lib.dsv'
[1.983s] INFO:colcon.colcon_core.shell:Creating environment hook '/home/david/detection_ws/install/astra_camera/share/astra_camera/hook/ld_library_path_lib.sh'
[1.984s] Level 1:colcon.colcon_core.environment:checking '/home/david/detection_ws/install/astra_camera/bin'
[1.984s] Level 1:colcon.colcon_core.environment:checking '/home/david/detection_ws/install/astra_camera/lib/pkgconfig/astra_camera.pc'
[1.985s] Level 1:colcon.colcon_core.environment:checking '/home/david/detection_ws/install/astra_camera/lib/python3.10/site-packages'
[1.985s] Level 1:colcon.colcon_core.environment:checking '/home/david/detection_ws/install/astra_camera/bin'
[1.986s] INFO:colcon.colcon_core.shell:Creating package script '/home/david/detection_ws/install/astra_camera/share/astra_camera/package.ps1'
[1.987s] INFO:colcon.colcon_core.shell:Creating package descriptor '/home/david/detection_ws/install/astra_camera/share/astra_camera/package.dsv'
[1.988s] INFO:colcon.colcon_core.shell:Creating package script '/home/david/detection_ws/install/astra_camera/share/astra_camera/package.sh'
[1.989s] INFO:colcon.colcon_core.shell:Creating package script '/home/david/detection_ws/install/astra_camera/share/astra_camera/package.bash'
[1.989s] INFO:colcon.colcon_core.shell:Creating package script '/home/david/detection_ws/install/astra_camera/share/astra_camera/package.zsh'
[1.990s] Level 1:colcon.colcon_core.environment:create_file_with_runtime_dependencies(/home/david/detection_ws/install/astra_camera/share/colcon-core/packages/astra_camera)
[2.054s] Level 1:colcon.colcon_core.environment:checking '/home/david/detection_ws/install/object_detector' for CMake module files
[2.055s] DEBUG:colcon.colcon_core.event_handler.log_command:Invoked command in '/home/david/detection_ws/src/object_detector' returned '0': PS1=(ros_ai_venv) \[\e]0;\u@\h: \w\a\]${debian_chroot:+($debian_chroot)}\[\033[01;32m\]\u@\h\[\033[00m\]:\[\033[01;34m\]\w\[\033[00m\]\$ PYTHONPATH=/home/david/detection_ws/build/object_detector/prefix_override:/usr/lib/python3/dist-packages/colcon_core/task/python/colcon_distutils_commands:/home/david/detection_ws/install/object_detector/lib/python3.10/site-packages:${PYTHONPATH} VIRTUAL_ENV_PROMPT=(ros_ai_venv) /usr/bin/python3 -W ignore:setup.py install is deprecated -W ignore:easy_install command is deprecated setup.py egg_info --egg-base ../../build/object_detector build --build-base /home/david/detection_ws/build/object_detector/build install --record /home/david/detection_ws/build/object_detector/install.log --single-version-externally-managed install_data
[2.056s] Level 1:colcon.colcon_core.environment:checking '/home/david/detection_ws/install/object_detector' for CMake config files
[2.057s] Level 1:colcon.colcon_core.environment:checking '/home/david/detection_ws/install/object_detector/lib'
[2.057s] Level 1:colcon.colcon_core.environment:checking '/home/david/detection_ws/install/object_detector/bin'
[2.057s] Level 1:colcon.colcon_core.environment:checking '/home/david/detection_ws/install/object_detector/lib/pkgconfig/object_detector.pc'
[2.057s] Level 1:colcon.colcon_core.environment:checking '/home/david/detection_ws/install/object_detector/lib/python3.10/site-packages'
[2.057s] Level 1:colcon.colcon_core.shell:create_environment_hook('object_detector', 'pythonpath')
[2.058s] INFO:colcon.colcon_core.shell:Creating environment hook '/home/david/detection_ws/install/object_detector/share/object_detector/hook/pythonpath.ps1'
[2.058s] INFO:colcon.colcon_core.shell:Creating environment descriptor '/home/david/detection_ws/install/object_detector/share/object_detector/hook/pythonpath.dsv'
[2.059s] INFO:colcon.colcon_core.shell:Creating environment hook '/home/david/detection_ws/install/object_detector/share/object_detector/hook/pythonpath.sh'
[2.060s] Level 1:colcon.colcon_core.environment:checking '/home/david/detection_ws/install/object_detector/bin'
[2.060s] Level 1:colcon.colcon_core.environment:create_environment_scripts_only(object_detector)
[2.061s] INFO:colcon.colcon_core.shell:Creating package script '/home/david/detection_ws/install/object_detector/share/object_detector/package.ps1'
[2.062s] INFO:colcon.colcon_core.shell:Creating package descriptor '/home/david/detection_ws/install/object_detector/share/object_detector/package.dsv'
[2.063s] INFO:colcon.colcon_core.shell:Creating package script '/home/david/detection_ws/install/object_detector/share/object_detector/package.sh'
[2.065s] INFO:colcon.colcon_core.shell:Creating package script '/home/david/detection_ws/install/object_detector/share/object_detector/package.bash'
[2.065s] INFO:colcon.colcon_core.shell:Creating package script '/home/david/detection_ws/install/object_detector/share/object_detector/package.zsh'
[2.066s] Level 1:colcon.colcon_core.environment:create_file_with_runtime_dependencies(/home/david/detection_ws/install/object_detector/share/colcon-core/packages/object_detector)
[2.066s] DEBUG:colcon.colcon_parallel_executor.executor.parallel:closing loop
[2.067s] DEBUG:colcon.colcon_parallel_executor.executor.parallel:loop closed
[2.068s] DEBUG:colcon.colcon_parallel_executor.executor.parallel:run_until_complete finished with '0'
[2.068s] DEBUG:colcon.colcon_core.event_reactor:joining thread
[2.197s] INFO:colcon.colcon_core.plugin_system:Skipping extension 'colcon_notification.desktop_notification.notify_send': Could not find 'notify-send'
[2.197s] INFO:colcon.colcon_core.plugin_system:Skipping extension 'colcon_notification.desktop_notification.terminal_notifier': Not used on non-Darwin systems
[2.197s] INFO:colcon.colcon_core.plugin_system:Skipping extension 'colcon_notification.desktop_notification.win32': Not used on non-Windows systems
[2.197s] INFO:colcon.colcon_notification.desktop_notification:Sending desktop notification using 'notify2'
[2.198s] DEBUG:colcon.colcon_notification.desktop_notification.notify2:Failed to initialize notify2: org.freedesktop.DBus.Error.FileNotFound: Failed to connect to socket /run/user/1000/bus: No such file or directory
[2.198s] DEBUG:colcon.colcon_core.event_reactor:joined thread
[2.198s] INFO:colcon.colcon_core.shell:Creating prefix script '/home/david/detection_ws/install/local_setup.ps1'
[2.200s] INFO:colcon.colcon_core.shell:Creating prefix util module '/home/david/detection_ws/install/_local_setup_util_ps1.py'
[2.201s] INFO:colcon.colcon_core.shell:Creating prefix chain script '/home/david/detection_ws/install/setup.ps1'
[2.203s] INFO:colcon.colcon_core.shell:Creating prefix script '/home/david/detection_ws/install/local_setup.sh'
[2.204s] INFO:colcon.colcon_core.shell:Creating prefix util module '/home/david/detection_ws/install/_local_setup_util_sh.py'
[2.204s] INFO:colcon.colcon_core.shell:Creating prefix chain script '/home/david/detection_ws/install/setup.sh'
[2.206s] INFO:colcon.colcon_core.shell:Creating prefix script '/home/david/detection_ws/install/local_setup.bash'
[2.206s] INFO:colcon.colcon_core.shell:Creating prefix chain script '/home/david/detection_ws/install/setup.bash'
[2.209s] INFO:colcon.colcon_core.shell:Creating prefix script '/home/david/detection_ws/install/local_setup.zsh'
[2.210s] INFO:colcon.colcon_core.shell:Creating prefix chain script '/home/david/detection_ws/install/setup.zsh'
