[0.879s] Invoking command in '/home/david/detection_ws/src/object_detector': PS1=(ros_ai_venv) \[\e]0;\u@\h: \w\a\]${debian_chroot:+($debian_chroot)}\[\033[01;32m\]\u@\h\[\033[00m\]:\[\033[01;34m\]\w\[\033[00m\]\$ PYTHONPATH=/home/david/detection_ws/build/object_detector/prefix_override:/usr/lib/python3/dist-packages/colcon_core/task/python/colcon_distutils_commands:/home/david/detection_ws/install/object_detector/lib/python3.10/site-packages:${PYTHONPATH} VIRTUAL_ENV_PROMPT=(ros_ai_venv) /usr/bin/python3 -W ignore:setup.py install is deprecated -W ignore:easy_install command is deprecated setup.py egg_info --egg-base ../../build/object_detector build --build-base /home/david/detection_ws/build/object_detector/build install --record /home/david/detection_ws/build/object_detector/install.log --single-version-externally-managed install_data
[1.156s] running egg_info
[1.156s] writing ../../build/object_detector/object_detector.egg-info/PKG-INFO
[1.156s] writing dependency_links to ../../build/object_detector/object_detector.egg-info/dependency_links.txt
[1.157s] writing entry points to ../../build/object_detector/object_detector.egg-info/entry_points.txt
[1.157s] writing requirements to ../../build/object_detector/object_detector.egg-info/requires.txt
[1.157s] writing top-level names to ../../build/object_detector/object_detector.egg-info/top_level.txt
[1.159s] reading manifest file '../../build/object_detector/object_detector.egg-info/SOURCES.txt'
[1.160s] writing manifest file '../../build/object_detector/object_detector.egg-info/SOURCES.txt'
[1.160s] running build
[1.161s] running build_py
[1.161s] copying object_detector/yolo_marker_node.py -> /home/david/detection_ws/build/object_detector/build/lib/object_detector
[1.161s] running install
[1.162s] running install_lib
[1.163s] copying /home/david/detection_ws/build/object_detector/build/lib/object_detector/yolo_marker_node.py -> /home/david/detection_ws/install/object_detector/lib/python3.10/site-packages/object_detector
[1.164s] byte-compiling /home/david/detection_ws/install/object_detector/lib/python3.10/site-packages/object_detector/yolo_marker_node.py to yolo_marker_node.cpython-310.pyc
[1.165s] running install_data
[1.166s] running install_egg_info
[1.167s] removing '/home/david/detection_ws/install/object_detector/lib/python3.10/site-packages/object_detector-0.0.0-py3.10.egg-info' (and everything under it)
[1.168s] Copying ../../build/object_detector/object_detector.egg-info to /home/david/detection_ws/install/object_detector/lib/python3.10/site-packages/object_detector-0.0.0-py3.10.egg-info
[1.169s] running install_scripts
[1.198s] Installing depth_fusion_node script to /home/david/detection_ws/install/object_detector/lib/object_detector
[1.199s] Installing yolo_marker_node script to /home/david/detection_ws/install/object_detector/lib/object_detector
[1.200s] writing list of installed files to '/home/david/detection_ws/build/object_detector/install.log'
[1.249s] Invoked command in '/home/david/detection_ws/src/object_detector' returned '0': PS1=(ros_ai_venv) \[\e]0;\u@\h: \w\a\]${debian_chroot:+($debian_chroot)}\[\033[01;32m\]\u@\h\[\033[00m\]:\[\033[01;34m\]\w\[\033[00m\]\$ PYTHONPATH=/home/david/detection_ws/build/object_detector/prefix_override:/usr/lib/python3/dist-packages/colcon_core/task/python/colcon_distutils_commands:/home/david/detection_ws/install/object_detector/lib/python3.10/site-packages:${PYTHONPATH} VIRTUAL_ENV_PROMPT=(ros_ai_venv) /usr/bin/python3 -W ignore:setup.py install is deprecated -W ignore:easy_install command is deprecated setup.py egg_info --egg-base ../../build/object_detector build --build-base /home/david/detection_ws/build/object_detector/build install --record /home/david/detection_ws/build/object_detector/install.log --single-version-externally-managed install_data
