[0.476s] DEBUG:colcon:Command line arguments: ['/usr/bin/colcon', 'build']
[0.476s] DEBUG:colcon:Parsed command line arguments: Namespace(log_base=None, log_level=None, verb_name='build', build_base='build', install_base='install', merge_install=False, symlink_install=False, test_result_base=None, continue_on_error=False, executor='parallel', parallel_workers=8, event_handlers=None, ignore_user_meta=False, metas=['./colcon.meta'], base_paths=['.'], packages_ignore=None, packages_ignore_regex=None, paths=None, packages_up_to=None, packages_up_to_regex=None, packages_above=None, packages_above_and_dependencies=None, packages_above_depth=None, packages_select_by_dep=None, packages_skip_by_dep=None, packages_skip_up_to=None, packages_select_build_failed=False, packages_skip_build_finished=False, packages_select_test_failures=False, packages_skip_test_passed=False, packages_select=None, packages_skip=None, packages_select_regex=None, packages_skip_regex=None, packages_start=None, packages_end=None, allow_overriding=[], cmake_args=None, cmake_target=None, cmake_target_skip_unavailable=False, cmake_clean_cache=False, cmake_clean_first=False, cmake_force_configure=False, ament_cmake_args=None, catkin_cmake_args=None, catkin_skip_building_tests=False, verb_parser=<colcon_defaults.argument_parser.defaults.DefaultArgumentsDecorator object at 0x7112ed32fa30>, verb_extension=<colcon_core.verb.build.BuildVerb object at 0x7112ed32ebf0>, main=<bound method BuildVerb.main of <colcon_core.verb.build.BuildVerb object at 0x7112ed32ebf0>>)
[0.896s] Level 1:colcon.colcon_core.package_discovery:discover_packages(colcon_meta) check parameters
[0.896s] Level 1:colcon.colcon_core.package_discovery:discover_packages(recursive) check parameters
[0.896s] Level 1:colcon.colcon_core.package_discovery:discover_packages(ignore) check parameters
[0.896s] Level 1:colcon.colcon_core.package_discovery:discover_packages(path) check parameters
[0.896s] Level 1:colcon.colcon_core.package_discovery:discover_packages(colcon_meta) discover
[0.896s] Level 1:colcon.colcon_core.package_discovery:discover_packages(recursive) discover
[0.896s] INFO:colcon.colcon_core.package_discovery:Crawling recursively for packages in '/home/david/detection_ws'
[0.896s] Level 1:colcon.colcon_core.package_identification:_identify(.) by extensions ['ignore', 'ignore_ament_install']
[0.896s] Level 1:colcon.colcon_core.package_identification:_identify(.) by extension 'ignore'
[0.896s] Level 1:colcon.colcon_core.package_identification:_identify(.) by extension 'ignore_ament_install'
[0.896s] Level 1:colcon.colcon_core.package_identification:_identify(.) by extensions ['colcon_pkg']
[0.896s] Level 1:colcon.colcon_core.package_identification:_identify(.) by extension 'colcon_pkg'
[0.896s] Level 1:colcon.colcon_core.package_identification:_identify(.) by extensions ['colcon_meta']
[0.896s] Level 1:colcon.colcon_core.package_identification:_identify(.) by extension 'colcon_meta'
[0.897s] Level 1:colcon.colcon_core.package_identification:_identify(.) by extensions ['ros']
[0.897s] Level 1:colcon.colcon_core.package_identification:_identify(.) by extension 'ros'
[0.915s] Level 1:colcon.colcon_core.package_identification:_identify(.) by extensions ['cmake', 'python']
[0.915s] Level 1:colcon.colcon_core.package_identification:_identify(.) by extension 'cmake'
[0.915s] Level 1:colcon.colcon_core.package_identification:_identify(.) by extension 'python'
[0.915s] Level 1:colcon.colcon_core.package_identification:_identify(.) by extensions ['python_setup_py']
[0.915s] Level 1:colcon.colcon_core.package_identification:_identify(.) by extension 'python_setup_py'
[0.915s] Level 1:colcon.colcon_core.package_identification:_identify(build) by extensions ['ignore', 'ignore_ament_install']
[0.915s] Level 1:colcon.colcon_core.package_identification:_identify(build) by extension 'ignore'
[0.915s] Level 1:colcon.colcon_core.package_identification:_identify(build) ignored
[0.916s] Level 1:colcon.colcon_core.package_identification:_identify(install) by extensions ['ignore', 'ignore_ament_install']
[0.916s] Level 1:colcon.colcon_core.package_identification:_identify(install) by extension 'ignore'
[0.916s] Level 1:colcon.colcon_core.package_identification:_identify(install) ignored
[0.916s] Level 1:colcon.colcon_core.package_identification:_identify(log) by extensions ['ignore', 'ignore_ament_install']
[0.916s] Level 1:colcon.colcon_core.package_identification:_identify(log) by extension 'ignore'
[0.916s] Level 1:colcon.colcon_core.package_identification:_identify(log) ignored
[0.916s] Level 1:colcon.colcon_core.package_identification:_identify(src) by extensions ['ignore', 'ignore_ament_install']
[0.916s] Level 1:colcon.colcon_core.package_identification:_identify(src) by extension 'ignore'
[0.916s] Level 1:colcon.colcon_core.package_identification:_identify(src) by extension 'ignore_ament_install'
[0.916s] Level 1:colcon.colcon_core.package_identification:_identify(src) by extensions ['colcon_pkg']
[0.916s] Level 1:colcon.colcon_core.package_identification:_identify(src) by extension 'colcon_pkg'
[0.916s] Level 1:colcon.colcon_core.package_identification:_identify(src) by extensions ['colcon_meta']
[0.916s] Level 1:colcon.colcon_core.package_identification:_identify(src) by extension 'colcon_meta'
[0.916s] Level 1:colcon.colcon_core.package_identification:_identify(src) by extensions ['ros']
[0.916s] Level 1:colcon.colcon_core.package_identification:_identify(src) by extension 'ros'
[0.917s] Level 1:colcon.colcon_core.package_identification:_identify(src) by extensions ['cmake', 'python']
[0.917s] Level 1:colcon.colcon_core.package_identification:_identify(src) by extension 'cmake'
[0.917s] Level 1:colcon.colcon_core.package_identification:_identify(src) by extension 'python'
[0.917s] Level 1:colcon.colcon_core.package_identification:_identify(src) by extensions ['python_setup_py']
[0.918s] Level 1:colcon.colcon_core.package_identification:_identify(src) by extension 'python_setup_py'
[0.918s] Level 1:colcon.colcon_core.package_identification:_identify(src/object_detector) by extensions ['ignore', 'ignore_ament_install']
[0.918s] Level 1:colcon.colcon_core.package_identification:_identify(src/object_detector) by extension 'ignore'
[0.918s] Level 1:colcon.colcon_core.package_identification:_identify(src/object_detector) by extension 'ignore_ament_install'
[0.918s] Level 1:colcon.colcon_core.package_identification:_identify(src/object_detector) by extensions ['colcon_pkg']
[0.918s] Level 1:colcon.colcon_core.package_identification:_identify(src/object_detector) by extension 'colcon_pkg'
[0.918s] Level 1:colcon.colcon_core.package_identification:_identify(src/object_detector) by extensions ['colcon_meta']
[0.918s] Level 1:colcon.colcon_core.package_identification:_identify(src/object_detector) by extension 'colcon_meta'
[0.918s] Level 1:colcon.colcon_core.package_identification:_identify(src/object_detector) by extensions ['ros']
[0.918s] Level 1:colcon.colcon_core.package_identification:_identify(src/object_detector) by extension 'ros'
[0.923s] DEBUG:colcon.colcon_core.package_identification:Package 'src/object_detector' with type 'ros.ament_python' and name 'object_detector'
[0.924s] Level 1:colcon.colcon_core.package_identification:_identify(src/ros2_astra_camera) by extensions ['ignore', 'ignore_ament_install']
[0.925s] Level 1:colcon.colcon_core.package_identification:_identify(src/ros2_astra_camera) by extension 'ignore'
[0.925s] Level 1:colcon.colcon_core.package_identification:_identify(src/ros2_astra_camera) by extension 'ignore_ament_install'
[0.925s] Level 1:colcon.colcon_core.package_identification:_identify(src/ros2_astra_camera) by extensions ['colcon_pkg']
[0.925s] Level 1:colcon.colcon_core.package_identification:_identify(src/ros2_astra_camera) by extension 'colcon_pkg'
[0.925s] Level 1:colcon.colcon_core.package_identification:_identify(src/ros2_astra_camera) by extensions ['colcon_meta']
[0.925s] Level 1:colcon.colcon_core.package_identification:_identify(src/ros2_astra_camera) by extension 'colcon_meta'
[0.925s] Level 1:colcon.colcon_core.package_identification:_identify(src/ros2_astra_camera) by extensions ['ros']
[0.925s] Level 1:colcon.colcon_core.package_identification:_identify(src/ros2_astra_camera) by extension 'ros'
[0.925s] Level 1:colcon.colcon_core.package_identification:_identify(src/ros2_astra_camera) by extensions ['cmake', 'python']
[0.925s] Level 1:colcon.colcon_core.package_identification:_identify(src/ros2_astra_camera) by extension 'cmake'
[0.925s] Level 1:colcon.colcon_core.package_identification:_identify(src/ros2_astra_camera) by extension 'python'
[0.925s] Level 1:colcon.colcon_core.package_identification:_identify(src/ros2_astra_camera) by extensions ['python_setup_py']
[0.925s] Level 1:colcon.colcon_core.package_identification:_identify(src/ros2_astra_camera) by extension 'python_setup_py'
[0.926s] Level 1:colcon.colcon_core.package_identification:_identify(src/ros2_astra_camera/astra_camera) by extensions ['ignore', 'ignore_ament_install']
[0.926s] Level 1:colcon.colcon_core.package_identification:_identify(src/ros2_astra_camera/astra_camera) by extension 'ignore'
[0.926s] Level 1:colcon.colcon_core.package_identification:_identify(src/ros2_astra_camera/astra_camera) by extension 'ignore_ament_install'
[0.926s] Level 1:colcon.colcon_core.package_identification:_identify(src/ros2_astra_camera/astra_camera) by extensions ['colcon_pkg']
[0.926s] Level 1:colcon.colcon_core.package_identification:_identify(src/ros2_astra_camera/astra_camera) by extension 'colcon_pkg'
[0.926s] Level 1:colcon.colcon_core.package_identification:_identify(src/ros2_astra_camera/astra_camera) by extensions ['colcon_meta']
[0.926s] Level 1:colcon.colcon_core.package_identification:_identify(src/ros2_astra_camera/astra_camera) by extension 'colcon_meta'
[0.926s] Level 1:colcon.colcon_core.package_identification:_identify(src/ros2_astra_camera/astra_camera) by extensions ['ros']
[0.926s] Level 1:colcon.colcon_core.package_identification:_identify(src/ros2_astra_camera/astra_camera) by extension 'ros'
[0.929s] DEBUG:colcon.colcon_core.package_identification:Package 'src/ros2_astra_camera/astra_camera' with type 'ros.ament_cmake' and name 'astra_camera'
[0.930s] Level 1:colcon.colcon_core.package_identification:_identify(src/ros2_astra_camera/astra_camera_msgs) by extensions ['ignore', 'ignore_ament_install']
[0.930s] Level 1:colcon.colcon_core.package_identification:_identify(src/ros2_astra_camera/astra_camera_msgs) by extension 'ignore'
[0.930s] Level 1:colcon.colcon_core.package_identification:_identify(src/ros2_astra_camera/astra_camera_msgs) by extension 'ignore_ament_install'
[0.930s] Level 1:colcon.colcon_core.package_identification:_identify(src/ros2_astra_camera/astra_camera_msgs) by extensions ['colcon_pkg']
[0.930s] Level 1:colcon.colcon_core.package_identification:_identify(src/ros2_astra_camera/astra_camera_msgs) by extension 'colcon_pkg'
[0.930s] Level 1:colcon.colcon_core.package_identification:_identify(src/ros2_astra_camera/astra_camera_msgs) by extensions ['colcon_meta']
[0.930s] Level 1:colcon.colcon_core.package_identification:_identify(src/ros2_astra_camera/astra_camera_msgs) by extension 'colcon_meta'
[0.930s] Level 1:colcon.colcon_core.package_identification:_identify(src/ros2_astra_camera/astra_camera_msgs) by extensions ['ros']
[0.930s] Level 1:colcon.colcon_core.package_identification:_identify(src/ros2_astra_camera/astra_camera_msgs) by extension 'ros'
[0.931s] DEBUG:colcon.colcon_core.package_identification:Package 'src/ros2_astra_camera/astra_camera_msgs' with type 'ros.ament_cmake' and name 'astra_camera_msgs'
[0.932s] Level 1:colcon.colcon_core.package_discovery:discover_packages(recursive) using defaults
[0.932s] Level 1:colcon.colcon_core.package_discovery:discover_packages(ignore) discover
[0.932s] Level 1:colcon.colcon_core.package_discovery:discover_packages(ignore) using defaults
[0.932s] Level 1:colcon.colcon_core.package_discovery:discover_packages(path) discover
[0.932s] Level 1:colcon.colcon_core.package_discovery:discover_packages(path) using defaults
[0.975s] Level 1:colcon.colcon_core.package_discovery:discover_packages(prefix_path) check parameters
[0.975s] Level 1:colcon.colcon_core.package_discovery:discover_packages(prefix_path) discover
[0.984s] DEBUG:colcon.colcon_installed_package_information.package_discovery:Found 3 installed packages in /home/david/detection_ws/install
[0.986s] DEBUG:colcon.colcon_installed_package_information.package_discovery:Found 275 installed packages in /opt/ros/humble
[1.001s] Level 1:colcon.colcon_core.package_discovery:discover_packages(prefix_path) using defaults
[1.066s] Level 5:colcon.colcon_core.verb:set package 'astra_camera_msgs' build argument 'cmake_args' from command line to 'None'
[1.066s] Level 5:colcon.colcon_core.verb:set package 'astra_camera_msgs' build argument 'cmake_target' from command line to 'None'
[1.066s] Level 5:colcon.colcon_core.verb:set package 'astra_camera_msgs' build argument 'cmake_target_skip_unavailable' from command line to 'False'
[1.066s] Level 5:colcon.colcon_core.verb:set package 'astra_camera_msgs' build argument 'cmake_clean_cache' from command line to 'False'
[1.066s] Level 5:colcon.colcon_core.verb:set package 'astra_camera_msgs' build argument 'cmake_clean_first' from command line to 'False'
[1.066s] Level 5:colcon.colcon_core.verb:set package 'astra_camera_msgs' build argument 'cmake_force_configure' from command line to 'False'
[1.066s] Level 5:colcon.colcon_core.verb:set package 'astra_camera_msgs' build argument 'ament_cmake_args' from command line to 'None'
[1.066s] Level 5:colcon.colcon_core.verb:set package 'astra_camera_msgs' build argument 'catkin_cmake_args' from command line to 'None'
[1.066s] Level 5:colcon.colcon_core.verb:set package 'astra_camera_msgs' build argument 'catkin_skip_building_tests' from command line to 'False'
[1.066s] DEBUG:colcon.colcon_core.verb:Building package 'astra_camera_msgs' with the following arguments: {'ament_cmake_args': None, 'build_base': '/home/david/detection_ws/build/astra_camera_msgs', 'catkin_cmake_args': None, 'catkin_skip_building_tests': False, 'cmake_args': None, 'cmake_clean_cache': False, 'cmake_clean_first': False, 'cmake_force_configure': False, 'cmake_target': None, 'cmake_target_skip_unavailable': False, 'install_base': '/home/david/detection_ws/install/astra_camera_msgs', 'merge_install': False, 'path': '/home/david/detection_ws/src/ros2_astra_camera/astra_camera_msgs', 'symlink_install': False, 'test_result_base': None}
[1.066s] Level 5:colcon.colcon_core.verb:set package 'object_detector' build argument 'cmake_args' from command line to 'None'
[1.066s] Level 5:colcon.colcon_core.verb:set package 'object_detector' build argument 'cmake_target' from command line to 'None'
[1.066s] Level 5:colcon.colcon_core.verb:set package 'object_detector' build argument 'cmake_target_skip_unavailable' from command line to 'False'
[1.066s] Level 5:colcon.colcon_core.verb:set package 'object_detector' build argument 'cmake_clean_cache' from command line to 'False'
[1.066s] Level 5:colcon.colcon_core.verb:set package 'object_detector' build argument 'cmake_clean_first' from command line to 'False'
[1.066s] Level 5:colcon.colcon_core.verb:set package 'object_detector' build argument 'cmake_force_configure' from command line to 'False'
[1.066s] Level 5:colcon.colcon_core.verb:set package 'object_detector' build argument 'ament_cmake_args' from command line to 'None'
[1.066s] Level 5:colcon.colcon_core.verb:set package 'object_detector' build argument 'catkin_cmake_args' from command line to 'None'
[1.066s] Level 5:colcon.colcon_core.verb:set package 'object_detector' build argument 'catkin_skip_building_tests' from command line to 'False'
[1.066s] DEBUG:colcon.colcon_core.verb:Building package 'object_detector' with the following arguments: {'ament_cmake_args': None, 'build_base': '/home/david/detection_ws/build/object_detector', 'catkin_cmake_args': None, 'catkin_skip_building_tests': False, 'cmake_args': None, 'cmake_clean_cache': False, 'cmake_clean_first': False, 'cmake_force_configure': False, 'cmake_target': None, 'cmake_target_skip_unavailable': False, 'install_base': '/home/david/detection_ws/install/object_detector', 'merge_install': False, 'path': '/home/david/detection_ws/src/object_detector', 'symlink_install': False, 'test_result_base': None}
[1.067s] Level 5:colcon.colcon_core.verb:set package 'astra_camera' build argument 'cmake_args' from command line to 'None'
[1.067s] Level 5:colcon.colcon_core.verb:set package 'astra_camera' build argument 'cmake_target' from command line to 'None'
[1.067s] Level 5:colcon.colcon_core.verb:set package 'astra_camera' build argument 'cmake_target_skip_unavailable' from command line to 'False'
[1.067s] Level 5:colcon.colcon_core.verb:set package 'astra_camera' build argument 'cmake_clean_cache' from command line to 'False'
[1.067s] Level 5:colcon.colcon_core.verb:set package 'astra_camera' build argument 'cmake_clean_first' from command line to 'False'
[1.067s] Level 5:colcon.colcon_core.verb:set package 'astra_camera' build argument 'cmake_force_configure' from command line to 'False'
[1.067s] Level 5:colcon.colcon_core.verb:set package 'astra_camera' build argument 'ament_cmake_args' from command line to 'None'
[1.067s] Level 5:colcon.colcon_core.verb:set package 'astra_camera' build argument 'catkin_cmake_args' from command line to 'None'
[1.067s] Level 5:colcon.colcon_core.verb:set package 'astra_camera' build argument 'catkin_skip_building_tests' from command line to 'False'
[1.067s] DEBUG:colcon.colcon_core.verb:Building package 'astra_camera' with the following arguments: {'ament_cmake_args': None, 'build_base': '/home/david/detection_ws/build/astra_camera', 'catkin_cmake_args': None, 'catkin_skip_building_tests': False, 'cmake_args': None, 'cmake_clean_cache': False, 'cmake_clean_first': False, 'cmake_force_configure': False, 'cmake_target': None, 'cmake_target_skip_unavailable': False, 'install_base': '/home/david/detection_ws/install/astra_camera', 'merge_install': False, 'path': '/home/david/detection_ws/src/ros2_astra_camera/astra_camera', 'symlink_install': False, 'test_result_base': None}
[1.067s] INFO:colcon.colcon_core.executor:Executing jobs using 'parallel' executor
[1.069s] DEBUG:colcon.colcon_parallel_executor.executor.parallel:run_until_complete
[1.070s] INFO:colcon.colcon_ros.task.ament_cmake.build:Building ROS package in '/home/david/detection_ws/src/ros2_astra_camera/astra_camera_msgs' with build type 'ament_cmake'
[1.070s] INFO:colcon.colcon_cmake.task.cmake.build:Building CMake package in '/home/david/detection_ws/src/ros2_astra_camera/astra_camera_msgs'
[1.081s] INFO:colcon.colcon_core.plugin_system:Skipping extension 'colcon_core.shell.bat': Not used on non-Windows systems
[1.081s] INFO:colcon.colcon_core.shell:Skip shell extension 'powershell' for command environment: Not usable outside of PowerShell
[1.081s] DEBUG:colcon.colcon_core.shell:Skip shell extension 'dsv' for command environment
[1.087s] INFO:colcon.colcon_ros.task.ament_python.build:Building ROS package in '/home/david/detection_ws/src/object_detector' with build type 'ament_python'
[1.087s] Level 1:colcon.colcon_core.shell:create_environment_hook('object_detector', 'ament_prefix_path')
[1.088s] INFO:colcon.colcon_core.shell:Creating environment hook '/home/david/detection_ws/install/object_detector/share/object_detector/hook/ament_prefix_path.ps1'
[1.090s] INFO:colcon.colcon_core.shell:Creating environment descriptor '/home/david/detection_ws/install/object_detector/share/object_detector/hook/ament_prefix_path.dsv'
[1.092s] INFO:colcon.colcon_core.shell:Creating environment hook '/home/david/detection_ws/install/object_detector/share/object_detector/hook/ament_prefix_path.sh'
[1.095s] INFO:colcon.colcon_core.shell:Skip shell extension 'powershell' for command environment: Not usable outside of PowerShell
[1.095s] DEBUG:colcon.colcon_core.shell:Skip shell extension 'dsv' for command environment
[1.110s] DEBUG:colcon.colcon_core.event_handler.log_command:Invoking command in '/home/david/detection_ws/build/astra_camera_msgs': CMAKE_PREFIX_PATH=${CMAKE_PREFIX_PATH}:/home/david/detection_ws/install/object_detector:/opt/ros/humble PS1=(ros_ai_venv) \[\e]0;\u@\h: \w\a\]${debian_chroot:+($debian_chroot)}\[\033[01;32m\]\u@\h\[\033[00m\]:\[\033[01;34m\]\w\[\033[00m\]\$ VIRTUAL_ENV_PROMPT=(ros_ai_venv) /usr/bin/cmake --build /home/david/detection_ws/build/astra_camera_msgs -- -j8 -l8
[1.648s] INFO:colcon.colcon_core.task.python.build:Building Python package in '/home/david/detection_ws/src/object_detector'
[1.650s] INFO:colcon.colcon_core.shell:Skip shell extension 'powershell' for command environment: Not usable outside of PowerShell
[1.650s] DEBUG:colcon.colcon_core.shell:Skip shell extension 'dsv' for command environment
[2.044s] DEBUG:colcon.colcon_core.event_handler.log_command:Invoked command in '/home/david/detection_ws/build/astra_camera_msgs' returned '0': CMAKE_PREFIX_PATH=${CMAKE_PREFIX_PATH}:/home/david/detection_ws/install/object_detector:/opt/ros/humble PS1=(ros_ai_venv) \[\e]0;\u@\h: \w\a\]${debian_chroot:+($debian_chroot)}\[\033[01;32m\]\u@\h\[\033[00m\]:\[\033[01;34m\]\w\[\033[00m\]\$ VIRTUAL_ENV_PROMPT=(ros_ai_venv) /usr/bin/cmake --build /home/david/detection_ws/build/astra_camera_msgs -- -j8 -l8
[2.060s] DEBUG:colcon.colcon_core.event_handler.log_command:Invoking command in '/home/david/detection_ws/build/astra_camera_msgs': CMAKE_PREFIX_PATH=${CMAKE_PREFIX_PATH}:/home/david/detection_ws/install/object_detector:/opt/ros/humble PS1=(ros_ai_venv) \[\e]0;\u@\h: \w\a\]${debian_chroot:+($debian_chroot)}\[\033[01;32m\]\u@\h\[\033[00m\]:\[\033[01;34m\]\w\[\033[00m\]\$ VIRTUAL_ENV_PROMPT=(ros_ai_venv) /usr/bin/cmake --install /home/david/detection_ws/build/astra_camera_msgs
[2.202s] Level 1:colcon.colcon_core.environment:create_environment_scripts_only(astra_camera_msgs)
[2.203s] DEBUG:colcon.colcon_core.event_handler.log_command:Invoked command in '/home/david/detection_ws/build/astra_camera_msgs' returned '0': CMAKE_PREFIX_PATH=${CMAKE_PREFIX_PATH}:/home/david/detection_ws/install/object_detector:/opt/ros/humble PS1=(ros_ai_venv) \[\e]0;\u@\h: \w\a\]${debian_chroot:+($debian_chroot)}\[\033[01;32m\]\u@\h\[\033[00m\]:\[\033[01;34m\]\w\[\033[00m\]\$ VIRTUAL_ENV_PROMPT=(ros_ai_venv) /usr/bin/cmake --install /home/david/detection_ws/build/astra_camera_msgs
[2.213s] Level 1:colcon.colcon_core.environment:checking '/home/david/detection_ws/install/astra_camera_msgs' for CMake module files
[2.214s] Level 1:colcon.colcon_core.environment:checking '/home/david/detection_ws/install/astra_camera_msgs' for CMake config files
[2.215s] Level 1:colcon.colcon_core.shell:create_environment_hook('astra_camera_msgs', 'cmake_prefix_path')
[2.216s] INFO:colcon.colcon_core.shell:Creating environment hook '/home/david/detection_ws/install/astra_camera_msgs/share/astra_camera_msgs/hook/cmake_prefix_path.ps1'
[2.216s] INFO:colcon.colcon_core.shell:Creating environment descriptor '/home/david/detection_ws/install/astra_camera_msgs/share/astra_camera_msgs/hook/cmake_prefix_path.dsv'
[2.217s] INFO:colcon.colcon_core.shell:Creating environment hook '/home/david/detection_ws/install/astra_camera_msgs/share/astra_camera_msgs/hook/cmake_prefix_path.sh'
[2.218s] Level 1:colcon.colcon_core.environment:checking '/home/david/detection_ws/install/astra_camera_msgs/lib'
[2.218s] Level 1:colcon.colcon_core.shell:create_environment_hook('astra_camera_msgs', 'ld_library_path_lib')
[2.218s] INFO:colcon.colcon_core.shell:Creating environment hook '/home/david/detection_ws/install/astra_camera_msgs/share/astra_camera_msgs/hook/ld_library_path_lib.ps1'
[2.219s] INFO:colcon.colcon_core.shell:Creating environment descriptor '/home/david/detection_ws/install/astra_camera_msgs/share/astra_camera_msgs/hook/ld_library_path_lib.dsv'
[2.219s] INFO:colcon.colcon_core.shell:Creating environment hook '/home/david/detection_ws/install/astra_camera_msgs/share/astra_camera_msgs/hook/ld_library_path_lib.sh'
[2.219s] Level 1:colcon.colcon_core.environment:checking '/home/david/detection_ws/install/astra_camera_msgs/bin'
[2.220s] Level 1:colcon.colcon_core.environment:checking '/home/david/detection_ws/install/astra_camera_msgs/lib/pkgconfig/astra_camera_msgs.pc'
[2.220s] Level 1:colcon.colcon_core.environment:checking '/home/david/detection_ws/install/astra_camera_msgs/lib/python3.10/site-packages'
[2.220s] Level 1:colcon.colcon_core.shell:create_environment_hook('astra_camera_msgs', 'pythonpath')
[2.220s] INFO:colcon.colcon_core.shell:Creating environment hook '/home/david/detection_ws/install/astra_camera_msgs/share/astra_camera_msgs/hook/pythonpath.ps1'
[2.221s] INFO:colcon.colcon_core.shell:Creating environment descriptor '/home/david/detection_ws/install/astra_camera_msgs/share/astra_camera_msgs/hook/pythonpath.dsv'
[2.222s] INFO:colcon.colcon_core.shell:Creating environment hook '/home/david/detection_ws/install/astra_camera_msgs/share/astra_camera_msgs/hook/pythonpath.sh'
[2.223s] Level 1:colcon.colcon_core.environment:checking '/home/david/detection_ws/install/astra_camera_msgs/bin'
[2.223s] INFO:colcon.colcon_core.shell:Creating package script '/home/david/detection_ws/install/astra_camera_msgs/share/astra_camera_msgs/package.ps1'
[2.224s] INFO:colcon.colcon_core.shell:Creating package descriptor '/home/david/detection_ws/install/astra_camera_msgs/share/astra_camera_msgs/package.dsv'
[2.226s] INFO:colcon.colcon_core.shell:Creating package script '/home/david/detection_ws/install/astra_camera_msgs/share/astra_camera_msgs/package.sh'
[2.227s] INFO:colcon.colcon_core.shell:Creating package script '/home/david/detection_ws/install/astra_camera_msgs/share/astra_camera_msgs/package.bash'
[2.230s] INFO:colcon.colcon_core.shell:Creating package script '/home/david/detection_ws/install/astra_camera_msgs/share/astra_camera_msgs/package.zsh'
[2.232s] Level 1:colcon.colcon_core.environment:create_file_with_runtime_dependencies(/home/david/detection_ws/install/astra_camera_msgs/share/colcon-core/packages/astra_camera_msgs)
[2.233s] Level 1:colcon.colcon_core.environment:create_environment_scripts_only(astra_camera_msgs)
[2.233s] Level 1:colcon.colcon_core.environment:checking '/home/david/detection_ws/install/astra_camera_msgs' for CMake module files
[2.234s] Level 1:colcon.colcon_core.environment:checking '/home/david/detection_ws/install/astra_camera_msgs' for CMake config files
[2.235s] Level 1:colcon.colcon_core.shell:create_environment_hook('astra_camera_msgs', 'cmake_prefix_path')
[2.235s] INFO:colcon.colcon_core.shell:Creating environment hook '/home/david/detection_ws/install/astra_camera_msgs/share/astra_camera_msgs/hook/cmake_prefix_path.ps1'
[2.236s] INFO:colcon.colcon_core.shell:Creating environment descriptor '/home/david/detection_ws/install/astra_camera_msgs/share/astra_camera_msgs/hook/cmake_prefix_path.dsv'
[2.237s] INFO:colcon.colcon_core.shell:Creating environment hook '/home/david/detection_ws/install/astra_camera_msgs/share/astra_camera_msgs/hook/cmake_prefix_path.sh'
[2.237s] Level 1:colcon.colcon_core.environment:checking '/home/david/detection_ws/install/astra_camera_msgs/lib'
[2.237s] Level 1:colcon.colcon_core.shell:create_environment_hook('astra_camera_msgs', 'ld_library_path_lib')
[2.238s] INFO:colcon.colcon_core.shell:Creating environment hook '/home/david/detection_ws/install/astra_camera_msgs/share/astra_camera_msgs/hook/ld_library_path_lib.ps1'
[2.238s] INFO:colcon.colcon_core.shell:Creating environment descriptor '/home/david/detection_ws/install/astra_camera_msgs/share/astra_camera_msgs/hook/ld_library_path_lib.dsv'
[2.239s] INFO:colcon.colcon_core.shell:Creating environment hook '/home/david/detection_ws/install/astra_camera_msgs/share/astra_camera_msgs/hook/ld_library_path_lib.sh'
[2.239s] Level 1:colcon.colcon_core.environment:checking '/home/david/detection_ws/install/astra_camera_msgs/bin'
[2.239s] Level 1:colcon.colcon_core.environment:checking '/home/david/detection_ws/install/astra_camera_msgs/lib/pkgconfig/astra_camera_msgs.pc'
[2.240s] Level 1:colcon.colcon_core.environment:checking '/home/david/detection_ws/install/astra_camera_msgs/lib/python3.10/site-packages'
[2.240s] Level 1:colcon.colcon_core.shell:create_environment_hook('astra_camera_msgs', 'pythonpath')
[2.240s] INFO:colcon.colcon_core.shell:Creating environment hook '/home/david/detection_ws/install/astra_camera_msgs/share/astra_camera_msgs/hook/pythonpath.ps1'
[2.240s] INFO:colcon.colcon_core.shell:Creating environment descriptor '/home/david/detection_ws/install/astra_camera_msgs/share/astra_camera_msgs/hook/pythonpath.dsv'
[2.241s] INFO:colcon.colcon_core.shell:Creating environment hook '/home/david/detection_ws/install/astra_camera_msgs/share/astra_camera_msgs/hook/pythonpath.sh'
[2.241s] Level 1:colcon.colcon_core.environment:checking '/home/david/detection_ws/install/astra_camera_msgs/bin'
[2.242s] INFO:colcon.colcon_core.shell:Creating package script '/home/david/detection_ws/install/astra_camera_msgs/share/astra_camera_msgs/package.ps1'
[2.243s] INFO:colcon.colcon_core.shell:Creating package descriptor '/home/david/detection_ws/install/astra_camera_msgs/share/astra_camera_msgs/package.dsv'
[2.243s] INFO:colcon.colcon_core.shell:Creating package script '/home/david/detection_ws/install/astra_camera_msgs/share/astra_camera_msgs/package.sh'
[2.244s] INFO:colcon.colcon_core.shell:Creating package script '/home/david/detection_ws/install/astra_camera_msgs/share/astra_camera_msgs/package.bash'
[2.245s] INFO:colcon.colcon_core.shell:Creating package script '/home/david/detection_ws/install/astra_camera_msgs/share/astra_camera_msgs/package.zsh'
[2.245s] Level 1:colcon.colcon_core.environment:create_file_with_runtime_dependencies(/home/david/detection_ws/install/astra_camera_msgs/share/colcon-core/packages/astra_camera_msgs)
[2.246s] INFO:colcon.colcon_ros.task.ament_cmake.build:Building ROS package in '/home/david/detection_ws/src/ros2_astra_camera/astra_camera' with build type 'ament_cmake'
[2.246s] INFO:colcon.colcon_cmake.task.cmake.build:Building CMake package in '/home/david/detection_ws/src/ros2_astra_camera/astra_camera'
[2.246s] INFO:colcon.colcon_core.shell:Skip shell extension 'powershell' for command environment: Not usable outside of PowerShell
[2.246s] DEBUG:colcon.colcon_core.shell:Skip shell extension 'dsv' for command environment
[2.531s] DEBUG:colcon.colcon_core.event_handler.log_command:Invoking command in '/home/david/detection_ws/src/object_detector': PS1=(ros_ai_venv) \[\e]0;\u@\h: \w\a\]${debian_chroot:+($debian_chroot)}\[\033[01;32m\]\u@\h\[\033[00m\]:\[\033[01;34m\]\w\[\033[00m\]\$ PYTHONPATH=/home/david/detection_ws/build/object_detector/prefix_override:/usr/lib/python3/dist-packages/colcon_core/task/python/colcon_distutils_commands:/home/david/detection_ws/install/object_detector/lib/python3.10/site-packages:${PYTHONPATH} VIRTUAL_ENV_PROMPT=(ros_ai_venv) /usr/bin/python3 -W ignore:setup.py install is deprecated -W ignore:easy_install command is deprecated setup.py egg_info --egg-base ../../build/object_detector build --build-base /home/david/detection_ws/build/object_detector/build install --record /home/david/detection_ws/build/object_detector/install.log --single-version-externally-managed install_data
[2.682s] DEBUG:colcon.colcon_core.event_handler.log_command:Invoking command in '/home/david/detection_ws/build/astra_camera': CMAKE_PREFIX_PATH=/home/david/detection_ws/install/astra_camera_msgs:/home/david/detection_ws/install/astra_camera:/home/david/detection_ws/install/object_detector:/opt/ros/humble LD_LIBRARY_PATH=/home/david/detection_ws/install/astra_camera_msgs/lib:/home/david/detection_ws/install/astra_camera/lib:/opt/ros/humble/opt/rviz_ogre_vendor/lib:/opt/ros/humble/lib/x86_64-linux-gnu:/opt/ros/humble/lib PS1=(ros_ai_venv) \[\e]0;\u@\h: \w\a\]${debian_chroot:+($debian_chroot)}\[\033[01;32m\]\u@\h\[\033[00m\]:\[\033[01;34m\]\w\[\033[00m\]\$ PYTHONPATH=/home/david/detection_ws/install/astra_camera_msgs/lib/python3.10/site-packages:/home/david/detection_ws/install/object_detector/lib/python3.10/site-packages:/opt/ros/humble/lib/python3.10/site-packages:/opt/ros/humble/local/lib/python3.10/dist-packages VIRTUAL_ENV_PROMPT=(ros_ai_venv) /usr/bin/cmake --build /home/david/detection_ws/build/astra_camera -- -j8 -l8
[2.970s] DEBUG:colcon.colcon_core.event_handler.log_command:Invoked command in '/home/david/detection_ws/build/astra_camera' returned '0': CMAKE_PREFIX_PATH=/home/david/detection_ws/install/astra_camera_msgs:/home/david/detection_ws/install/astra_camera:/home/david/detection_ws/install/object_detector:/opt/ros/humble LD_LIBRARY_PATH=/home/david/detection_ws/install/astra_camera_msgs/lib:/home/david/detection_ws/install/astra_camera/lib:/opt/ros/humble/opt/rviz_ogre_vendor/lib:/opt/ros/humble/lib/x86_64-linux-gnu:/opt/ros/humble/lib PS1=(ros_ai_venv) \[\e]0;\u@\h: \w\a\]${debian_chroot:+($debian_chroot)}\[\033[01;32m\]\u@\h\[\033[00m\]:\[\033[01;34m\]\w\[\033[00m\]\$ PYTHONPATH=/home/david/detection_ws/install/astra_camera_msgs/lib/python3.10/site-packages:/home/david/detection_ws/install/object_detector/lib/python3.10/site-packages:/opt/ros/humble/lib/python3.10/site-packages:/opt/ros/humble/local/lib/python3.10/dist-packages VIRTUAL_ENV_PROMPT=(ros_ai_venv) /usr/bin/cmake --build /home/david/detection_ws/build/astra_camera -- -j8 -l8
[2.976s] DEBUG:colcon.colcon_core.event_handler.log_command:Invoking command in '/home/david/detection_ws/build/astra_camera': CMAKE_PREFIX_PATH=/home/david/detection_ws/install/astra_camera_msgs:/home/david/detection_ws/install/astra_camera:/home/david/detection_ws/install/object_detector:/opt/ros/humble LD_LIBRARY_PATH=/home/david/detection_ws/install/astra_camera_msgs/lib:/home/david/detection_ws/install/astra_camera/lib:/opt/ros/humble/opt/rviz_ogre_vendor/lib:/opt/ros/humble/lib/x86_64-linux-gnu:/opt/ros/humble/lib PS1=(ros_ai_venv) \[\e]0;\u@\h: \w\a\]${debian_chroot:+($debian_chroot)}\[\033[01;32m\]\u@\h\[\033[00m\]:\[\033[01;34m\]\w\[\033[00m\]\$ PYTHONPATH=/home/david/detection_ws/install/astra_camera_msgs/lib/python3.10/site-packages:/home/david/detection_ws/install/object_detector/lib/python3.10/site-packages:/opt/ros/humble/lib/python3.10/site-packages:/opt/ros/humble/local/lib/python3.10/dist-packages VIRTUAL_ENV_PROMPT=(ros_ai_venv) /usr/bin/cmake --install /home/david/detection_ws/build/astra_camera
[2.987s] Level 1:colcon.colcon_core.environment:checking '/home/david/detection_ws/install/object_detector' for CMake module files
[2.989s] DEBUG:colcon.colcon_core.event_handler.log_command:Invoked command in '/home/david/detection_ws/src/object_detector' returned '0': PS1=(ros_ai_venv) \[\e]0;\u@\h: \w\a\]${debian_chroot:+($debian_chroot)}\[\033[01;32m\]\u@\h\[\033[00m\]:\[\033[01;34m\]\w\[\033[00m\]\$ PYTHONPATH=/home/david/detection_ws/build/object_detector/prefix_override:/usr/lib/python3/dist-packages/colcon_core/task/python/colcon_distutils_commands:/home/david/detection_ws/install/object_detector/lib/python3.10/site-packages:${PYTHONPATH} VIRTUAL_ENV_PROMPT=(ros_ai_venv) /usr/bin/python3 -W ignore:setup.py install is deprecated -W ignore:easy_install command is deprecated setup.py egg_info --egg-base ../../build/object_detector build --build-base /home/david/detection_ws/build/object_detector/build install --record /home/david/detection_ws/build/object_detector/install.log --single-version-externally-managed install_data
[2.996s] Level 1:colcon.colcon_core.environment:checking '/home/david/detection_ws/install/object_detector' for CMake config files
[3.021s] Level 1:colcon.colcon_core.environment:checking '/home/david/detection_ws/install/object_detector/lib'
[3.022s] Level 1:colcon.colcon_core.environment:checking '/home/david/detection_ws/install/object_detector/bin'
[3.022s] Level 1:colcon.colcon_core.environment:checking '/home/david/detection_ws/install/object_detector/lib/pkgconfig/object_detector.pc'
[3.022s] Level 1:colcon.colcon_core.environment:checking '/home/david/detection_ws/install/object_detector/lib/python3.10/site-packages'
[3.022s] Level 1:colcon.colcon_core.shell:create_environment_hook('object_detector', 'pythonpath')
[3.022s] INFO:colcon.colcon_core.shell:Creating environment hook '/home/david/detection_ws/install/object_detector/share/object_detector/hook/pythonpath.ps1'
[3.023s] INFO:colcon.colcon_core.shell:Creating environment descriptor '/home/david/detection_ws/install/object_detector/share/object_detector/hook/pythonpath.dsv'
[3.024s] INFO:colcon.colcon_core.shell:Creating environment hook '/home/david/detection_ws/install/object_detector/share/object_detector/hook/pythonpath.sh'
[3.025s] Level 1:colcon.colcon_core.environment:checking '/home/david/detection_ws/install/object_detector/bin'
[3.025s] Level 1:colcon.colcon_core.environment:create_environment_scripts_only(object_detector)
[3.025s] INFO:colcon.colcon_core.shell:Creating package script '/home/david/detection_ws/install/object_detector/share/object_detector/package.ps1'
[3.026s] INFO:colcon.colcon_core.shell:Creating package descriptor '/home/david/detection_ws/install/object_detector/share/object_detector/package.dsv'
[3.026s] INFO:colcon.colcon_core.shell:Creating package script '/home/david/detection_ws/install/object_detector/share/object_detector/package.sh'
[3.027s] INFO:colcon.colcon_core.shell:Creating package script '/home/david/detection_ws/install/object_detector/share/object_detector/package.bash'
[3.028s] INFO:colcon.colcon_core.shell:Creating package script '/home/david/detection_ws/install/object_detector/share/object_detector/package.zsh'
[3.028s] Level 1:colcon.colcon_core.environment:create_file_with_runtime_dependencies(/home/david/detection_ws/install/object_detector/share/colcon-core/packages/object_detector)
[3.031s] Level 1:colcon.colcon_core.environment:create_environment_scripts_only(astra_camera)
[3.032s] Level 1:colcon.colcon_core.environment:checking '/home/david/detection_ws/install/astra_camera' for CMake module files
[3.033s] DEBUG:colcon.colcon_core.event_handler.log_command:Invoked command in '/home/david/detection_ws/build/astra_camera' returned '0': CMAKE_PREFIX_PATH=/home/david/detection_ws/install/astra_camera_msgs:/home/david/detection_ws/install/astra_camera:/home/david/detection_ws/install/object_detector:/opt/ros/humble LD_LIBRARY_PATH=/home/david/detection_ws/install/astra_camera_msgs/lib:/home/david/detection_ws/install/astra_camera/lib:/opt/ros/humble/opt/rviz_ogre_vendor/lib:/opt/ros/humble/lib/x86_64-linux-gnu:/opt/ros/humble/lib PS1=(ros_ai_venv) \[\e]0;\u@\h: \w\a\]${debian_chroot:+($debian_chroot)}\[\033[01;32m\]\u@\h\[\033[00m\]:\[\033[01;34m\]\w\[\033[00m\]\$ PYTHONPATH=/home/david/detection_ws/install/astra_camera_msgs/lib/python3.10/site-packages:/home/david/detection_ws/install/object_detector/lib/python3.10/site-packages:/opt/ros/humble/lib/python3.10/site-packages:/opt/ros/humble/local/lib/python3.10/dist-packages VIRTUAL_ENV_PROMPT=(ros_ai_venv) /usr/bin/cmake --install /home/david/detection_ws/build/astra_camera
[3.034s] Level 1:colcon.colcon_core.environment:checking '/home/david/detection_ws/install/astra_camera' for CMake config files
[3.035s] Level 1:colcon.colcon_core.shell:create_environment_hook('astra_camera', 'cmake_prefix_path')
[3.035s] INFO:colcon.colcon_core.shell:Creating environment hook '/home/david/detection_ws/install/astra_camera/share/astra_camera/hook/cmake_prefix_path.ps1'
[3.036s] INFO:colcon.colcon_core.shell:Creating environment descriptor '/home/david/detection_ws/install/astra_camera/share/astra_camera/hook/cmake_prefix_path.dsv'
[3.037s] INFO:colcon.colcon_core.shell:Creating environment hook '/home/david/detection_ws/install/astra_camera/share/astra_camera/hook/cmake_prefix_path.sh'
[3.038s] Level 1:colcon.colcon_core.environment:checking '/home/david/detection_ws/install/astra_camera/lib'
[3.038s] Level 1:colcon.colcon_core.shell:create_environment_hook('astra_camera', 'ld_library_path_lib')
[3.038s] INFO:colcon.colcon_core.shell:Creating environment hook '/home/david/detection_ws/install/astra_camera/share/astra_camera/hook/ld_library_path_lib.ps1'
[3.039s] INFO:colcon.colcon_core.shell:Creating environment descriptor '/home/david/detection_ws/install/astra_camera/share/astra_camera/hook/ld_library_path_lib.dsv'
[3.039s] INFO:colcon.colcon_core.shell:Creating environment hook '/home/david/detection_ws/install/astra_camera/share/astra_camera/hook/ld_library_path_lib.sh'
[3.039s] Level 1:colcon.colcon_core.environment:checking '/home/david/detection_ws/install/astra_camera/bin'
[3.039s] Level 1:colcon.colcon_core.environment:checking '/home/david/detection_ws/install/astra_camera/lib/pkgconfig/astra_camera.pc'
[3.040s] Level 1:colcon.colcon_core.environment:checking '/home/david/detection_ws/install/astra_camera/lib/python3.10/site-packages'
[3.040s] Level 1:colcon.colcon_core.environment:checking '/home/david/detection_ws/install/astra_camera/bin'
[3.040s] INFO:colcon.colcon_core.shell:Creating package script '/home/david/detection_ws/install/astra_camera/share/astra_camera/package.ps1'
[3.041s] INFO:colcon.colcon_core.shell:Creating package descriptor '/home/david/detection_ws/install/astra_camera/share/astra_camera/package.dsv'
[3.041s] INFO:colcon.colcon_core.shell:Creating package script '/home/david/detection_ws/install/astra_camera/share/astra_camera/package.sh'
[3.042s] INFO:colcon.colcon_core.shell:Creating package script '/home/david/detection_ws/install/astra_camera/share/astra_camera/package.bash'
[3.042s] INFO:colcon.colcon_core.shell:Creating package script '/home/david/detection_ws/install/astra_camera/share/astra_camera/package.zsh'
[3.043s] Level 1:colcon.colcon_core.environment:create_file_with_runtime_dependencies(/home/david/detection_ws/install/astra_camera/share/colcon-core/packages/astra_camera)
[3.044s] Level 1:colcon.colcon_core.environment:create_environment_scripts_only(astra_camera)
[3.044s] Level 1:colcon.colcon_core.environment:checking '/home/david/detection_ws/install/astra_camera' for CMake module files
[3.045s] Level 1:colcon.colcon_core.environment:checking '/home/david/detection_ws/install/astra_camera' for CMake config files
[3.045s] Level 1:colcon.colcon_core.shell:create_environment_hook('astra_camera', 'cmake_prefix_path')
[3.046s] INFO:colcon.colcon_core.shell:Creating environment hook '/home/david/detection_ws/install/astra_camera/share/astra_camera/hook/cmake_prefix_path.ps1'
[3.046s] INFO:colcon.colcon_core.shell:Creating environment descriptor '/home/david/detection_ws/install/astra_camera/share/astra_camera/hook/cmake_prefix_path.dsv'
[3.046s] INFO:colcon.colcon_core.shell:Creating environment hook '/home/david/detection_ws/install/astra_camera/share/astra_camera/hook/cmake_prefix_path.sh'
[3.047s] Level 1:colcon.colcon_core.environment:checking '/home/david/detection_ws/install/astra_camera/lib'
[3.047s] Level 1:colcon.colcon_core.shell:create_environment_hook('astra_camera', 'ld_library_path_lib')
[3.048s] INFO:colcon.colcon_core.shell:Creating environment hook '/home/david/detection_ws/install/astra_camera/share/astra_camera/hook/ld_library_path_lib.ps1'
[3.048s] INFO:colcon.colcon_core.shell:Creating environment descriptor '/home/david/detection_ws/install/astra_camera/share/astra_camera/hook/ld_library_path_lib.dsv'
[3.048s] INFO:colcon.colcon_core.shell:Creating environment hook '/home/david/detection_ws/install/astra_camera/share/astra_camera/hook/ld_library_path_lib.sh'
[3.049s] Level 1:colcon.colcon_core.environment:checking '/home/david/detection_ws/install/astra_camera/bin'
[3.049s] Level 1:colcon.colcon_core.environment:checking '/home/david/detection_ws/install/astra_camera/lib/pkgconfig/astra_camera.pc'
[3.049s] Level 1:colcon.colcon_core.environment:checking '/home/david/detection_ws/install/astra_camera/lib/python3.10/site-packages'
[3.050s] Level 1:colcon.colcon_core.environment:checking '/home/david/detection_ws/install/astra_camera/bin'
[3.050s] INFO:colcon.colcon_core.shell:Creating package script '/home/david/detection_ws/install/astra_camera/share/astra_camera/package.ps1'
[3.051s] INFO:colcon.colcon_core.shell:Creating package descriptor '/home/david/detection_ws/install/astra_camera/share/astra_camera/package.dsv'
[3.052s] INFO:colcon.colcon_core.shell:Creating package script '/home/david/detection_ws/install/astra_camera/share/astra_camera/package.sh'
[3.053s] INFO:colcon.colcon_core.shell:Creating package script '/home/david/detection_ws/install/astra_camera/share/astra_camera/package.bash'
[3.053s] INFO:colcon.colcon_core.shell:Creating package script '/home/david/detection_ws/install/astra_camera/share/astra_camera/package.zsh'
[3.054s] Level 1:colcon.colcon_core.environment:create_file_with_runtime_dependencies(/home/david/detection_ws/install/astra_camera/share/colcon-core/packages/astra_camera)
[3.055s] DEBUG:colcon.colcon_parallel_executor.executor.parallel:closing loop
[3.056s] DEBUG:colcon.colcon_parallel_executor.executor.parallel:loop closed
[3.056s] DEBUG:colcon.colcon_parallel_executor.executor.parallel:run_until_complete finished with '0'
[3.056s] DEBUG:colcon.colcon_core.event_reactor:joining thread
[3.195s] INFO:colcon.colcon_core.plugin_system:Skipping extension 'colcon_notification.desktop_notification.notify_send': Could not find 'notify-send'
[3.195s] INFO:colcon.colcon_core.plugin_system:Skipping extension 'colcon_notification.desktop_notification.terminal_notifier': Not used on non-Darwin systems
[3.195s] INFO:colcon.colcon_core.plugin_system:Skipping extension 'colcon_notification.desktop_notification.win32': Not used on non-Windows systems
[3.195s] INFO:colcon.colcon_notification.desktop_notification:Sending desktop notification using 'notify2'
[3.196s] DEBUG:colcon.colcon_notification.desktop_notification.notify2:Failed to initialize notify2: org.freedesktop.DBus.Error.FileNotFound: Failed to connect to socket /run/user/1000/bus: No such file or directory
[3.196s] DEBUG:colcon.colcon_core.event_reactor:joined thread
[3.196s] INFO:colcon.colcon_core.shell:Creating prefix script '/home/david/detection_ws/install/local_setup.ps1'
[3.199s] INFO:colcon.colcon_core.shell:Creating prefix util module '/home/david/detection_ws/install/_local_setup_util_ps1.py'
[3.202s] INFO:colcon.colcon_core.shell:Creating prefix chain script '/home/david/detection_ws/install/setup.ps1'
[3.204s] INFO:colcon.colcon_core.shell:Creating prefix script '/home/david/detection_ws/install/local_setup.sh'
[3.205s] INFO:colcon.colcon_core.shell:Creating prefix util module '/home/david/detection_ws/install/_local_setup_util_sh.py'
[3.206s] INFO:colcon.colcon_core.shell:Creating prefix chain script '/home/david/detection_ws/install/setup.sh'
[3.209s] INFO:colcon.colcon_core.shell:Creating prefix script '/home/david/detection_ws/install/local_setup.bash'
[3.210s] INFO:colcon.colcon_core.shell:Creating prefix chain script '/home/david/detection_ws/install/setup.bash'
[3.212s] INFO:colcon.colcon_core.shell:Creating prefix script '/home/david/detection_ws/install/local_setup.zsh'
[3.214s] INFO:colcon.colcon_core.shell:Creating prefix chain script '/home/david/detection_ws/install/setup.zsh'
