[1.105s] Invoking command in '/home/david/detection_ws/src/object_detector': PS1=(ros_ai_venv) \[\e]0;\u@\h: \w\a\]${debian_chroot:+($debian_chroot)}\[\033[01;32m\]\u@\h\[\033[00m\]:\[\033[01;34m\]\w\[\033[00m\]\$ PYTHONPATH=/home/david/detection_ws/build/object_detector/prefix_override:/usr/lib/python3/dist-packages/colcon_core/task/python/colcon_distutils_commands:/home/david/detection_ws/install/object_detector/lib/python3.10/site-packages:${PYTHONPATH} VIRTUAL_ENV_PROMPT=(ros_ai_venv) /usr/bin/python3 -W ignore:setup.py install is deprecated -W ignore:easy_install command is deprecated setup.py egg_info --egg-base ../../build/object_detector build --build-base /home/david/detection_ws/build/object_detector/build install --record /home/david/detection_ws/build/object_detector/install.log --single-version-externally-managed install_data
[1.394s] running egg_info
[1.395s] writing ../../build/object_detector/object_detector.egg-info/PKG-INFO
[1.396s] writing dependency_links to ../../build/object_detector/object_detector.egg-info/dependency_links.txt
[1.397s] writing entry points to ../../build/object_detector/object_detector.egg-info/entry_points.txt
[1.397s] writing requirements to ../../build/object_detector/object_detector.egg-info/requires.txt
[1.397s] writing top-level names to ../../build/object_detector/object_detector.egg-info/top_level.txt
[1.400s] reading manifest file '../../build/object_detector/object_detector.egg-info/SOURCES.txt'
[1.402s] writing manifest file '../../build/object_detector/object_detector.egg-info/SOURCES.txt'
[1.402s] running build
[1.402s] running build_py
[1.405s] running install
[1.405s] running install_lib
[1.408s] running install_data
[1.409s] running install_egg_info
[1.411s] removing '/home/david/detection_ws/install/object_detector/lib/python3.10/site-packages/object_detector-0.0.0-py3.10.egg-info' (and everything under it)
[1.412s] Copying ../../build/object_detector/object_detector.egg-info to /home/david/detection_ws/install/object_detector/lib/python3.10/site-packages/object_detector-0.0.0-py3.10.egg-info
[1.414s] running install_scripts
[1.444s] Installing ai_detection_node script to /home/david/detection_ws/install/object_detector/lib/object_detector
[1.445s] Installing depth_fusion_node script to /home/david/detection_ws/install/object_detector/lib/object_detector
[1.446s] writing list of installed files to '/home/david/detection_ws/build/object_detector/install.log'
[1.472s] Invoked command in '/home/david/detection_ws/src/object_detector' returned '0': PS1=(ros_ai_venv) \[\e]0;\u@\h: \w\a\]${debian_chroot:+($debian_chroot)}\[\033[01;32m\]\u@\h\[\033[00m\]:\[\033[01;34m\]\w\[\033[00m\]\$ PYTHONPATH=/home/david/detection_ws/build/object_detector/prefix_override:/usr/lib/python3/dist-packages/colcon_core/task/python/colcon_distutils_commands:/home/david/detection_ws/install/object_detector/lib/python3.10/site-packages:${PYTHONPATH} VIRTUAL_ENV_PROMPT=(ros_ai_venv) /usr/bin/python3 -W ignore:setup.py install is deprecated -W ignore:easy_install command is deprecated setup.py egg_info --egg-base ../../build/object_detector build --build-base /home/david/detection_ws/build/object_detector/build install --record /home/david/detection_ws/build/object_detector/install.log --single-version-externally-managed install_data
